254091040: 50.7722764, 15.0549328
73345367: 50.7723991, 15.0543303
5743289488: 50.7726185, 15.0525886
73344025: 50.7658920, 15.0675612
73289346: 50.7658404, 15.0677331
3561132919: 50.7657383, 15.0679996
206218096: 50.7655726, 15.0459889
1924101988: 50.7647704, 15.0468021
6271522369: 50.7641480, 15.0474378
280899432: 50.7641017, 15.0474859
3362478649: 50.7640108, 15.0475780
2378070198: 50.7633798, 15.0482105
1972878322: 50.7631482, 15.0484436
1983958521: 50.7630474, 15.0485478
206218097: 50.7629641, 15.0486325
1924101983: 50.7645772, 15.0462746
1924102008: 50.7654279, 15.0455069
612457914: 50.7675646, 15.0466079
206218136: 50.7674842, 15.0466713
1927105728: 50.7669226, 15.0474191
206218157: 50.7710214, 15.0487409
206218158: 50.7703080, 15.0486791
1994490265: 50.7698028, 15.0486411
3348748447: 50.7695136, 15.0486166
206218159: 50.7694537, 15.0486145
4720169310: 50.7693659, 15.0486053
494661717: 50.7691133, 15.0485787
501666540: 50.7697504, 15.0578057
2380578347: 50.7697422, 15.0577578
3127448769: 50.7697443, 15.0577117
501666517: 50.7697460, 15.0576755
206218206: 50.7732454, 15.0617919
2251316773: 50.7732340, 15.0617725
3406056117: 50.7732191, 15.0617471
1984013801: 50.7727644, 15.0609731
1984013817: 50.7727187, 15.0608954
1984013833: 50.7723988, 15.0603574
280899509: 50.7721936, 15.0600299
1984013796: 50.7720340, 15.0597515
3952848953: 50.7719778, 15.0596484
206218207: 50.7717242, 15.0592328
1919351623: 50.7716464, 15.0591113
205428092: 50.7715342, 15.0700339
1835907076: 50.7723859, 15.0693684
418341650: 50.7730775, 15.0688099
499617023: 50.7733455, 15.0685900
3220652737: 50.7734105, 15.0685361
2535809540: 50.7740122, 15.0680680
4718269486: 50.7740629, 15.0680259
1962574141: 50.7740801, 15.0680114
606914840: 50.7709759, 15.0585379
2269952446: 50.7705729, 15.0583256
499587381: 50.7704719, 15.0582682
606096026: 50.7702694, 15.0581690
206219261: 50.7711899, 15.0586394
247995506: 50.7731168, 15.0468869
4719888469: 50.7729376, 15.0467666
4719888470: 50.7728904, 15.0467478
1839122037: 50.7728119, 15.0467933
268874878: 50.7595894, 15.0641041
1341524028: 50.7596604, 15.0646188
268874876: 50.7597176, 15.0649572
268874875: 50.7600331, 15.0657644
2267558165: 50.7600928, 15.0659582
268874874: 50.7601399, 15.0661233
280899390: 50.7691693, 15.0520843
4719969869: 50.7692481, 15.0517924
2056686652: 50.7692715, 15.0517058
6070674971: 50.7693075, 15.0515613
280899446: 50.7694131, 15.0511378
4719969803: 50.7694900, 15.0507432
980018145: 50.7695644, 15.0502863
280899441: 50.7647308, 15.0520503
1983958563: 50.7644986, 15.0517760
2000463427: 50.7638759, 15.0510263
280899444: 50.7636330, 15.0507339
280899443: 50.7625937, 15.0494445
280899415: 50.7657760, 15.0527452
4720169144: 50.7658508, 15.0528981
280899431: 50.7659086, 15.0531329
280899434: 50.7660567, 15.0538610
4720253485: 50.7661019, 15.0539962
1953519159: 50.7661668, 15.0541563
4720169131: 50.7662521, 15.0542849
280899433: 50.7663568, 15.0544071
280899436: 50.7667953, 15.0547972
4538308226: 50.7636232, 15.0507506
4720169061: 50.7634127, 15.0511787
280900026: 50.7629381, 15.0604143
2265914127: 50.7629254, 15.0605167
2164493925: 50.7629042, 15.0607078
1915303917: 50.7627927, 15.0615689
4718255697: 50.7627700, 15.0616762
280900025: 50.7627515, 15.0617516
2265914105: 50.7626851, 15.0618858
2265914093: 50.7622163, 15.0625077
288196316: 50.7621525, 15.0625688
285947201: 50.7620217, 15.0626474
606096028: 50.7700529, 15.0589461
4687196813: 50.7699932, 15.0589003
4718333358: 50.7697582, 15.0587307
4718333357: 50.7696787, 15.0586915
280899457: 50.7696146, 15.0586798
280899428: 50.7648619, 15.0497195
3362478650: 50.7648134, 15.0495861
2378070305: 50.7647357, 15.0493644
2378070294: 50.7644733, 15.0485836
1924101940: 50.7643994, 15.0483596
2380578278: 50.7641291, 15.0475664
2004781500: 50.7721793, 15.0654585
280899477: 50.7716020, 15.0657236
280899965: 50.7600511, 15.0623226
2200427192: 50.7599516, 15.0622813
280899968: 50.7595627, 15.0623272
494661706: 50.7695095, 15.0471879
4720169321: 50.7694938, 15.0475899
4720169313: 50.7694890, 15.0477127
206218184: 50.7705568, 15.0545152
280899395: 50.7703691, 15.0544015
499587358: 50.7707693, 15.0536958
4719970089: 50.7707789, 15.0536484
206218185: 50.7707891, 15.0535593
280899962: 50.7620281, 15.0536293
1981871679: 50.7617052, 15.0545487
3401939316: 50.7613692, 15.0554737
4718255602: 50.7613533, 15.0555624
280899959: 50.7613638, 15.0556440
4718255601: 50.7613845, 15.0556863
604466136: 50.7614222, 15.0557314
604466139: 50.7621224, 15.0559185
4718255600: 50.7621533, 15.0559450
604466143: 50.7621785, 15.0559831
280899394: 50.7699783, 15.0557734
1188192969: 50.7695568, 15.0553832
280899400: 50.7694330, 15.0552685
280899392: 50.7676600, 15.0551063
1989876140: 50.7678781, 15.0552589
1994490297: 50.7679599, 15.0553160
1994490294: 50.7681382, 15.0553684
660816084: 50.7682056, 15.0553965
280899403: 50.7684209, 15.0554864
1989876137: 50.7684842, 15.0555327
4719094964: 50.7685549, 15.0555903
4718333375: 50.7685705, 15.0556044
4719102209: 50.7686112, 15.0556540
280899406: 50.7689427, 15.0560584
472975822: 50.7692106, 15.0576140
4718333331: 50.7691879, 15.0575559
4718333332: 50.7691607, 15.0575084
4887586997: 50.7691494, 15.0574971
4718393730: 50.7691228, 15.0574705
503150229: 50.7689727, 15.0573880
980025959: 50.7684228, 15.0571838
280899464: 50.7675405, 15.0567891
519420952: 50.7672675, 15.0564900
1919425261: 50.7672236, 15.0564274
519420953: 50.7671096, 15.0563038
4232427713: 50.7670158, 15.0561917
280899488: 50.7667546, 15.0601583
7850263992: 50.7667728, 15.0600706
5183197705: 50.7669461, 15.0592375
4825374626: 50.7669732, 15.0591250
503150068: 50.7669788, 15.0590973
73358341: 50.7721866, 15.0553987
6271154210: 50.7721036, 15.0553881
6271154209: 50.7720255, 15.0553849
6271154276: 50.7719554, 15.0553934
6271154263: 50.7718922, 15.0554456
6271154203: 50.7717642, 15.0555679
335683863: 50.7717051, 15.0556244
280899909: 50.7639792, 15.0551897
4718498946: 50.7639412, 15.0552851
280899963: 50.7638381, 15.0555974
280899512: 50.7712794, 15.0586898
6095270910: 50.7712901, 15.0587556
4718393893: 50.7712924, 15.0588235
3406044756: 50.7712805, 15.0589326
280899511: 50.7712632, 15.0589911
4718393788: 50.7712212, 15.0590992
4718393787: 50.7711685, 15.0592043
4718393786: 50.7711310, 15.0592608
280899514: 50.7710763, 15.0593168
637026856: 50.7735305, 15.0618162
280899484: 50.7742582, 15.0618808
73374275: 50.7685960, 15.0637000
280899490: 50.7679770, 15.0633960
611858574: 50.7677123, 15.0632660
611858573: 50.7672430, 15.0630355
280899505: 50.7666512, 15.0627449
248467820: 50.7721952, 15.0639784
4718269468: 50.7721776, 15.0640201
3518004289: 50.7720986, 15.0641467
280899508: 50.7720403, 15.0642484
637025227: 50.7720130, 15.0642594
280899442: 50.7625909, 15.0528625
1981871874: 50.7619929, 15.0525595
280899958: 50.7616533, 15.0523893
309395297: 50.7613531, 15.0520494
4720250507: 50.7610272, 15.0516164
4720250456: 50.7609725, 15.0515556
280899960: 50.7608947, 15.0514981
280899416: 50.7670260, 15.0509162
280899411: 50.7667902, 15.0513267
206218106: 50.7662415, 15.0483057
3362478653: 50.7661395, 15.0483958
1924102014: 50.7655727, 15.0489726
6105859382: 50.7597710, 15.0634334
280900003: 50.7598331, 15.0633757
280900004: 50.7598547, 15.0633136
280899996: 50.7598736, 15.0631772
604466126: 50.7622085, 15.0537366
617236195: 50.7627133, 15.0541973
280899422: 50.7668867, 15.0474695
4719102698: 50.7668557, 15.0474069
501687441: 50.7666933, 15.0470790
280899421: 50.7665870, 15.0467694
4719102586: 50.7665366, 15.0464881
280899424: 50.7665086, 15.0462613
4719102689: 50.7665049, 15.0460452
696464609: 50.7665222, 15.0457208
4719102588: 50.7665559, 15.0456524
280899423: 50.7665899, 15.0456279
696464608: 50.7667690, 15.0456313
4719102587: 50.7669327, 15.0456066
696464610: 50.7670354, 15.0455821
1994490304: 50.7671028, 15.0455136
252748981: 50.7671575, 15.0454581
280899348: 50.7707006, 15.0445013
280899379: 50.7712831, 15.0443836
280899378: 50.7714134, 15.0443632
494661700: 50.7715200, 15.0444218
494661701: 50.7715975, 15.0445630
280899377: 50.7716989, 15.0446518
280899376: 50.7718458, 15.0447051
494661698: 50.7718974, 15.0447654
280899375: 50.7719277, 15.0448584
280899371: 50.7719139, 15.0455749
3096071539: 50.7692696, 15.0521727
1288250155: 50.7693419, 15.0522291
4719970006: 50.7694325, 15.0523187
280899389: 50.7695361, 15.0524181
4719970007: 50.7696292, 15.0525410
280899388: 50.7696807, 15.0526201
4719970009: 50.7697578, 15.0527431
3424468109: 50.7698143, 15.0528476
280899386: 50.7699199, 15.0530662
3124473752: 50.7699618, 15.0531121
1919351619: 50.7700514, 15.0531711
770813271: 50.7702889, 15.0533167
6271127857: 50.7703646, 15.0533598
1994490290: 50.7704960, 15.0534346
494661707: 50.7688395, 15.0471029
4720169322: 50.7687838, 15.0470736
494661708: 50.7687537, 15.0470359
4720169323: 50.7687191, 15.0469658
494661709: 50.7687011, 15.0468825
494661710: 50.7686814, 15.0465703
494661711: 50.7687093, 15.0461229
494661712: 50.7687702, 15.0458810
494661713: 50.7689199, 15.0455454
494661714: 50.7690778, 15.0452723
494661716: 50.7692243, 15.0448743
280899351: 50.7693565, 15.0443731
5235209101: 50.7700855, 15.0554973
280899398: 50.7702073, 15.0555847
280899493: 50.7663536, 15.0661483
3249333764: 50.7662356, 15.0655260
280899506: 50.7661755, 15.0654247
646535673: 50.7660689, 15.0653701
646539871: 50.7653750, 15.0650433
4720250043: 50.7651348, 15.0649342
4720250040: 50.7651153, 15.0649034
287467598: 50.7650877, 15.0648544
4720250041: 50.7650697, 15.0647882
4720250042: 50.7650684, 15.0647080
4720250025: 50.7652907, 15.0635778
1318589473: 50.7654139, 15.0629515
280899507: 50.7705792, 15.0630910
4718393738: 50.7706306, 15.0630282
1992857319: 50.7708524, 15.0627575
979261617: 50.7708740, 15.0627307
444767221: 50.7710391, 15.0625038
280899381: 50.7709748, 15.0502287
1994490260: 50.7706236, 15.0501941
280899380: 50.7702603, 15.0501584
3424479615: 50.7700732, 15.0501437
280899510: 50.7710211, 15.0622895
499587407: 50.7713271, 15.0617045
247995607: 50.7738113, 15.0450373
980020152: 50.7735655, 15.0455338
280986925: 50.7603454, 15.0719999
1164546778: 50.7605591, 15.0724524
280986928: 50.7606812, 15.0726307
1164546885: 50.7607986, 15.0726809
280986927: 50.7611939, 15.0726406
1929468031: 50.7614547, 15.0725977
1164546836: 50.7619901, 15.0725096
268874872: 50.7602067, 15.0666404
3227925995: 50.7604938, 15.0666358
280986921: 50.7613140, 15.0666225
280986920: 50.7615655, 15.0667979
3227926012: 50.7616679, 15.0669436
280986923: 50.7617503, 15.0671369
2001881366: 50.7617799, 15.0672942
280986922: 50.7618299, 15.0675088
2265914077: 50.7618129, 15.0678895
280986926: 50.7617556, 15.0681111
2001881314: 50.7610115, 15.0701694
2001881350: 50.7612191, 15.0684947
280986936: 50.7608393, 15.0681913
1500534183: 50.7601935, 15.0677527
268874869: 50.7600221, 15.0676363
280986935: 50.7599924, 15.0677319
280986939: 50.7591796, 15.0672114
280986940: 50.7590054, 15.0682194
280986937: 50.7592894, 15.0680791
280986938: 50.7594019, 15.0680908
280986943: 50.7598371, 15.0683597
1845350084: 50.7716129, 15.0797774
8022192462: 50.7716031, 15.0796661
8022192461: 50.7716014, 15.0796057
1192158538: 50.7716164, 15.0795312
653594467: 50.7716938, 15.0793706
1192159299: 50.7717810, 15.0792223
8022192460: 50.7718397, 15.0790894
653594470: 50.7718560, 15.0789910
1192157655: 50.7718582, 15.0788010
653594402: 50.7717780, 15.0782997
1192159937: 50.7717808, 15.0780215
1192158246: 50.7718767, 15.0774542
653594397: 50.7718859, 15.0772600
653594400: 50.7718464, 15.0765598
653594373: 50.7719744, 15.0759827
653594390: 50.7719483, 15.0753118
1453672763: 50.7719017, 15.0750806
1397484834: 50.7718319, 15.0747021
653594364: 50.7717613, 15.0745278
1397484829: 50.7716800, 15.0744196
1397484828: 50.7715864, 15.0743525
653594367: 50.7714745, 15.0742406
1397484797: 50.7714122, 15.0741301
653594369: 50.7713819, 15.0740077
653594371: 50.7713700, 15.0734118
653594348: 50.7712581, 15.0727987
653594326: 50.7711332, 15.0714264
3254965832: 50.7710330, 15.0714142
653594332: 50.7709470, 15.0713776
3254965830: 50.7709048, 15.0713080
653594329: 50.7708839, 15.0712228
653594324: 50.7707140, 15.0705472
653594322: 50.7705945, 15.0703433
280986906: 50.7700624, 15.0697128
280987007: 50.7648388, 15.0761799
280987005: 50.7648908, 15.0760346
2380578309: 50.7650005, 15.0756657
2380578316: 50.7650815, 15.0753933
2106444083: 50.7651731, 15.0750971
770841094: 50.7652251, 15.0749215
280987006: 50.7652855, 15.0746101
770841091: 50.7653042, 15.0743217
1397483111: 50.7652970, 15.0741524
606096340: 50.7652778, 15.0739313
280987003: 50.7652582, 15.0736004
1397483096: 50.7652334, 15.0733135
606096018: 50.7652098, 15.0730393
1397483094: 50.7651953, 15.0725953
280987004: 50.7651789, 15.0720922
280987001: 50.7651761, 15.0715210
653594319: 50.7699787, 15.0699449
280986908: 50.7698151, 15.0702249
280986969: 50.7658837, 15.0738008
1416318596: 50.7658861, 15.0737619
1397483197: 50.7659046, 15.0732986
1397483222: 50.7659315, 15.0726545
1840967781: 50.7659343, 15.0725871
621381299: 50.7659542, 15.0721094
621381290: 50.7659683, 15.0712959
3238617164: 50.7659354, 15.0705849
282284106: 50.7659260, 15.0703809
280987002: 50.7651819, 15.0712312
606095962: 50.7649309, 15.0715594
280899302: 50.7730741, 15.0511057
5313730358: 50.7730930, 15.0511552
280899303: 50.7731302, 15.0511855
280899304: 50.7734948, 15.0513009
494662185: 50.7741258, 15.0518076
280899305: 50.7743054, 15.0520411
280899300: 50.7750221, 15.0531071
280899306: 50.7755916, 15.0539235
254090691: 50.7757555, 15.0542005
73343363: 50.7700110, 15.0612182
4718290273: 50.7700320, 15.0611497
73414277: 50.7700656, 15.0610406
2269952443: 50.7698968, 15.0613083
1949988763: 50.7697462, 15.0614621
1915449780: 50.7695578, 15.0616596
4718333038: 50.7695041, 15.0617128
4718333039: 50.7693853, 15.0618468
73438547: 50.7692640, 15.0619860
1927105732: 50.7692050, 15.0621003
3692610735: 50.7691795, 15.0621496
3406067259: 50.7691201, 15.0622645
661332749: 50.7690852, 15.0623321
3692610612: 50.7687128, 15.0633852
73288712: 50.7687008, 15.0634038
3692610734: 50.7686318, 15.0636058
2167609094: 50.7685392, 15.0638483
1949988717: 50.7684615, 15.0640513
3692610620: 50.7684230, 15.0641518
1949988716: 50.7683398, 15.0643690
2167609086: 50.7683055, 15.0644728
254091041: 50.7734842, 15.0556677
4719888235: 50.7734919, 15.0555955
4719888236: 50.7735139, 15.0555247
287460259: 50.7737698, 15.0551502
4719888253: 50.7737849, 15.0551228
254091042: 50.7744773, 15.0540513
4719888414: 50.7745253, 15.0539681
637025228: 50.7719715, 15.0636733
499587411: 50.7716303, 15.0630899
254091852: 50.7714212, 15.0628072
254091877: 50.7710997, 15.0623881
280899518: 50.7715321, 15.0613267
3220652735: 50.7716257, 15.0611457
280986904: 50.7705677, 15.0682545
604467346: 50.7696719, 15.0671469
604467355: 50.7692612, 15.0666653
287467066: 50.7692236, 15.0666213
1915449765: 50.7691132, 15.0664969
287462636: 50.7729798, 15.0545030
2410928954: 50.7731998, 15.0546472
494662184: 50.7734061, 15.0548153
4719888238: 50.7737215, 15.0551057
73307418: 50.7735703, 15.0526882
4719888438: 50.7735319, 15.0527558
287462634: 50.7730085, 15.0536768
2410928953: 50.7729788, 15.0537489
2410928952: 50.7729664, 15.0538543
1984013824: 50.7717196, 15.0615621
2535846516: 50.7720270, 15.0619480
1935826428: 50.7721482, 15.0621002
2535846579: 50.7722029, 15.0621689
280899517: 50.7727505, 15.0628563
287462810: 50.7710488, 15.0596141
1984013798: 50.7709477, 15.0598177
1992857314: 50.7707855, 15.0601446
280899515: 50.7707113, 15.0602940
612457990: 50.7704378, 15.0599254
612457980: 50.7685074, 15.0601612
612457981: 50.7683371, 15.0601266
612457977: 50.7681299, 15.0600706
612457978: 50.7680073, 15.0600160
204942176: 50.7658661, 15.0596642
4718499300: 50.7658886, 15.0596952
4718499301: 50.7659615, 15.0597536
7850263995: 50.7660046, 15.0597756
660764149: 50.7701033, 15.0559333
501666506: 50.7701798, 15.0556667
4232427714: 50.7671994, 15.0551022
4232425989: 50.7672228, 15.0550446
280899410: 50.7673986, 15.0546498
519420945: 50.7667998, 15.0546345
3702316373: 50.7667678, 15.0545239
280899435: 50.7666220, 15.0540205
1953519164: 50.7665170, 15.0537331
280899438: 50.7663719, 15.0534377
1953519145: 50.7659339, 15.0528916
604466527: 50.7648468, 15.0580933
5305456906: 50.7648982, 15.0586596
2067181893: 50.7649018, 15.0586988
201958386: 50.7649263, 15.0588559
3471937548: 50.7657505, 15.0597962
770513047: 50.7657208, 15.0598323
4720250018: 50.7656260, 15.0602627
770513089: 50.7655545, 15.0605870
3086039469: 50.7655007, 15.0608671
280899489: 50.7652627, 15.0620411
287467327: 50.7663870, 15.0640628
612457972: 50.7668273, 15.0645812
4718333077: 50.7670184, 15.0647819
751100034: 50.7671629, 15.0649205
4718333076: 50.7672580, 15.0650024
280899498: 50.7674327, 15.0650967
3204840597: 50.7679333, 15.0652382
73384479: 50.7680610, 15.0652690
770513074: 50.7652067, 15.0622233
4720250030: 50.7650986, 15.0627356
1927105688: 50.7649595, 15.0633950
4720250024: 50.7649457, 15.0634617
4720250038: 50.7646964, 15.0646640
646539890: 50.7646678, 15.0648039
770513080: 50.7647026, 15.0650014
280899491: 50.7647414, 15.0651567
280899494: 50.7648736, 15.0653606
1994986658: 50.7649567, 15.0654048
3212378742: 50.7651673, 15.0655169
1927105703: 50.7654796, 15.0656831
2425845592: 50.7660961, 15.0659978
2425845595: 50.7662370, 15.0660737
73369649: 50.7680830, 15.0656550
3692610726: 50.7680330, 15.0657384
499587474: 50.7679303, 15.0659098
1318589480: 50.7675639, 15.0666771
499587473: 50.7674826, 15.0668313
280899499: 50.7673283, 15.0669438
1164577786: 50.7672135, 15.0669821
280899503: 50.7670834, 15.0669428
280899497: 50.7669814, 15.0668266
1164577919: 50.7669261, 15.0666746
1994986662: 50.7669093, 15.0665827
280899496: 50.7668949, 15.0665039
663333679: 50.7657160, 15.0526667
280899420: 50.7650687, 15.0516150
4538308228: 50.7649723, 15.0514665
280899419: 50.7648903, 15.0513520
5813468932: 50.7648783, 15.0513346
1983958539: 50.7642459, 15.0503981
6271536902: 50.7639278, 15.0499600
6271541623: 50.7637496, 15.0496879
7850167879: 50.7634310, 15.0492438
2627122642: 50.7626668, 15.0482157
1972878392: 50.7626252, 15.0481572
2329198936: 50.7624801, 15.0479557
612405410: 50.7623914, 15.0478234
612405369: 50.7622326, 15.0475890
4718255016: 50.7622962, 15.0627991
288196330: 50.7624247, 15.0629662
3401939339: 50.7625417, 15.0630883
3401939343: 50.7627100, 15.0632500
288196334: 50.7627730, 15.0633009
2849720667: 50.7629309, 15.0633706
294857013: 50.7598826, 15.0567046
294857032: 50.7604387, 15.0573459
2267558169: 50.7604712, 15.0574063
294857046: 50.7604981, 15.0574565
294857054: 50.7605086, 15.0575892
294857068: 50.7604667, 15.0577108
294857087: 50.7602323, 15.0580868
294857104: 50.7600714, 15.0583728
4718255648: 50.7600499, 15.0584437
294857136: 50.7600342, 15.0585222
4718255649: 50.7600360, 15.0585949
294857156: 50.7600527, 15.0586721
4718255650: 50.7600948, 15.0587298
294857184: 50.7601227, 15.0587534
4718255651: 50.7601709, 15.0587626
3227925990: 50.7602228, 15.0587622
294857220: 50.7603023, 15.0587226
205428094: 50.7713338, 15.0691419
8022234089: 50.7713512, 15.0690445
3254965835: 50.7713583, 15.0689823
3254965836: 50.7713565, 15.0689091
280899473: 50.7711819, 15.0679379
2987307331: 50.7627112, 15.0528873
606138586: 50.7628607, 15.0528936
519439424: 50.7618000, 15.0511001
3692575931: 50.7616066, 15.0514969
660772492: 50.7664076, 15.0581063
649481700: 50.7661154, 15.0581385
4973309156: 50.7650019, 15.0517011
335683645: 50.7712362, 15.0513964
335683191: 50.7713951, 15.0523054
335683646: 50.7714135, 15.0524493
494661685: 50.7713614, 15.0539940
3086034751: 50.7713705, 15.0542784
4820443854: 50.7716468, 15.0554193
499587380: 50.7716008, 15.0552893
499587379: 50.7715650, 15.0548987
3086034752: 50.7715490, 15.0542725
335683864: 50.7715459, 15.0541491
6271154231: 50.7715499, 15.0539346
335683865: 50.7715785, 15.0523968
335683866: 50.7713096, 15.0513804
335683947: 50.7714899, 15.0558101
6271154197: 50.7715222, 15.0559163
335683948: 50.7716660, 15.0562852
6271154280: 50.7717137, 15.0566051
2209209386: 50.7716798, 15.0568750
335684176: 50.7710192, 15.0488327
494661686: 50.7713629, 15.0490179
335684177: 50.7716813, 15.0492945
280986915: 50.7736459, 15.0738388
418341644: 50.7736218, 15.0734419
766938707: 50.7735939, 15.0732437
766938678: 50.7735493, 15.0730608
280986917: 50.7735004, 15.0728728
766938680: 50.7734252, 15.0727178
280986918: 50.7732768, 15.0725856
766940028: 50.7729297, 15.0741105
280986919: 50.7727320, 15.0728076
247995312: 50.7725256, 15.0714928
418341647: 50.7732033, 15.0696250
418341645: 50.7731635, 15.0701479
418341646: 50.7735894, 15.0717216
418341649: 50.7736460, 15.0719148
418341648: 50.7738856, 15.0726127
650889293: 50.7739065, 15.0729869
650889275: 50.7735484, 15.0720508
444767226: 50.7713393, 15.0630701
444767231: 50.7711620, 15.0633429
4718393740: 50.7707945, 15.0638080
444767215: 50.7707557, 15.0638572
4718333044: 50.7686485, 15.0631812
4718333043: 50.7686351, 15.0630669
611858616: 50.7686243, 15.0628350
3204840598: 50.7685819, 15.0618615
280899372: 50.7719004, 15.0459525
4719970039: 50.7718861, 15.0460405
4719970040: 50.7718584, 15.0461214
494661687: 50.7718030, 15.0462434
4719970038: 50.7717640, 15.0463089
280899373: 50.7717225, 15.0463672
4719970037: 50.7716532, 15.0464346
494661688: 50.7715896, 15.0464750
280899374: 50.7714310, 15.0465338
4719970036: 50.7713997, 15.0465503
494661689: 50.7713583, 15.0465846
4719970035: 50.7713379, 15.0466267
494661690: 50.7713274, 15.0466620
4719970034: 50.7713194, 15.0467401
494661691: 50.7713197, 15.0468124
4719970033: 50.7713372, 15.0468703
494661692: 50.7713583, 15.0469181
4719970032: 50.7713890, 15.0469546
494661693: 50.7714406, 15.0469850
6431696224: 50.7723325, 15.0472639
494661694: 50.7724286, 15.0472726
494661695: 50.7725165, 15.0474057
6431696223: 50.7724109, 15.0471443
494661696: 50.7724610, 15.0467230
494661697: 50.7727451, 15.0456223
1924102114: 50.7724829, 15.0444721
499587352: 50.7703625, 15.0543046
1919351620: 50.7703692, 15.0542782
280899396: 50.7705778, 15.0534768
499587362: 50.7705722, 15.0544417
3406044753: 50.7704982, 15.0581883
499587388: 50.7707350, 15.0574878
499587382: 50.7708046, 15.0573032
670702321: 50.7712370, 15.0568484
1924102090: 50.7712253, 15.0568679
6271154079: 50.7712108, 15.0568948
499587384: 50.7711947, 15.0569246
499587412: 50.7719405, 15.0625071
1992857321: 50.7713418, 15.0641621
499587430: 50.7714651, 15.0639527
499587429: 50.7716514, 15.0636480
2425845596: 50.7663890, 15.0661778
1164577862: 50.7666329, 15.0663808
4687215367: 50.7693474, 15.0577072
4887587000: 50.7693720, 15.0575959
2269952441: 50.7693867, 15.0575292
5609977223: 50.7695177, 15.0569343
1153301051: 50.7695515, 15.0567809
499616814: 50.7696754, 15.0562775
4718290271: 50.7697193, 15.0562007
3692610614: 50.7697571, 15.0561598
73375642: 50.7655646, 15.0684031
2380578334: 50.7656591, 15.0686860
499616860: 50.7659229, 15.0694756
3401939500: 50.7660571, 15.0697232
499616861: 50.7662842, 15.0701420
499616978: 50.7664625, 15.0704604
499616862: 50.7665112, 15.0705472
499616863: 50.7668215, 15.0709231
499616864: 50.7671032, 15.0711328
499616865: 50.7674521, 15.0712842
2209209379: 50.7678925, 15.0713391
499616958: 50.7696822, 15.0700653
499616959: 50.7695896, 15.0698243
499616960: 50.7696301, 15.0693819
2933374716: 50.7696120, 15.0692805
499616961: 50.7695703, 15.0692018
4718255777: 50.7695378, 15.0691717
2933374717: 50.7694831, 15.0691450
4718255776: 50.7694525, 15.0691316
499616962: 50.7693829, 15.0691361
3220650330: 50.7693206, 15.0691696
499616963: 50.7691521, 15.0693736
499616964: 50.7688990, 15.0696276
4718255780: 50.7687991, 15.0696291
499616965: 50.7686750, 15.0696775
499616979: 50.7665740, 15.0703837
3204840595: 50.7666543, 15.0703144
499617021: 50.7723305, 15.0668289
499617022: 50.7730156, 15.0675534
499616984: 50.7674125, 15.0697627
499616985: 50.7674550, 15.0696986
499616986: 50.7678814, 15.0691101
280899413: 50.7680857, 15.0515756
501666581: 50.7681634, 15.0517378
280899414: 50.7682047, 15.0518903
280899412: 50.7679559, 15.0523813
501666586: 50.7678549, 15.0522899
4720169188: 50.7673058, 15.0517987
4720169184: 50.7671168, 15.0516296
4720169189: 50.7669349, 15.0514670
501687430: 50.7666499, 15.0477701
3362478655: 50.7663404, 15.0481442
3401939504: 50.7662698, 15.0482272
501687436: 50.7668121, 15.0475647
6083499446: 50.7666773, 15.0477330
501687443: 50.7605095, 15.0541863
501687448: 50.7606453, 15.0543419
2251316772: 50.7710147, 15.0612807
503149863: 50.7705191, 15.0606591
501666595: 50.7664886, 15.0518121
503150452: 50.7664276, 15.0519047
1420840404: 50.7663992, 15.0519445
503150420: 50.7661490, 15.0522959
4720169151: 50.7658413, 15.0526604
503195767: 50.7697771, 15.0511893
503195770: 50.7699743, 15.0512610
1994490289: 50.7700535, 15.0512627
1994490283: 50.7702231, 15.0512663
503195774: 50.7702676, 15.0512672
1994490281: 50.7704878, 15.0512252
503195776: 50.7705479, 15.0512138
247995511: 50.7709006, 15.0512751
503195779: 50.7696958, 15.0515520
4719970013: 50.7698302, 15.0516157
503195781: 50.7700080, 15.0516630
503195782: 50.7704156, 15.0516305
503195784: 50.7705234, 15.0516259
6271127856: 50.7706171, 15.0515979
503195785: 50.7707867, 15.0515175
335683387: 50.7709271, 15.0514232
637026861: 50.7735661, 15.0614832
637026864: 50.7737579, 15.0610725
4232410409: 50.7739235, 15.0607073
280899481: 50.7739804, 15.0605238
1924102035: 50.7671413, 15.0509708
3362478663: 50.7673073, 15.0510491
501666572: 50.7674736, 15.0511282
7850228158: 50.7676844, 15.0512685
501666579: 50.7678725, 15.0513936
280899407: 50.7681902, 15.0526152
4720250053: 50.7627804, 15.0522989
519439430: 50.7628288, 15.0523580
1949988723: 50.7647458, 15.0580261
3837037192: 50.7646820, 15.0580832
1949988721: 50.7646483, 15.0581577
604466542: 50.7646081, 15.0582749
7555242833: 50.7645944, 15.0584431
7555242835: 50.7645944, 15.0587797
280899920: 50.7645847, 15.0589013
604466523: 50.7649285, 15.0580244
4718499172: 50.7649771, 15.0579858
681255932: 50.7650248, 15.0579715
4718499173: 50.7650481, 15.0579711
4718499174: 50.7650793, 15.0579803
4538542763: 50.7651126, 15.0580050
2067181894: 50.7652529, 15.0582921
204942172: 50.7652841, 15.0583595
4538542768: 50.7652939, 15.0583783
4538542771: 50.7653146, 15.0584194
4538542735: 50.7654356, 15.0586828
4538542755: 50.7655248, 15.0588527
4718499169: 50.7648702, 15.0580863
1949988724: 50.7648922, 15.0580721
4718499170: 50.7649119, 15.0580511
1981871839: 50.7620696, 15.0536608
980683003: 50.7705407, 15.0593881
3406044775: 50.7702350, 15.0582867
4718333354: 50.7702084, 15.0583833
4718333351: 50.7701131, 15.0587288
4718333356: 50.7700842, 15.0588336
611790922: 50.7704600, 15.0625546
3406078196: 50.7704021, 15.0625919
3406078193: 50.7700541, 15.0628055
1915449790: 50.7699199, 15.0628878
3406067261: 50.7696600, 15.0630472
3204840605: 50.7695526, 15.0631131
3406067260: 50.7691589, 15.0633546
3692610615: 50.7686844, 15.0636214
611858493: 50.7665626, 15.0611012
611858496: 50.7669733, 15.0613198
611858495: 50.7670846, 15.0613790
611858511: 50.7672035, 15.0614423
611858510: 50.7672795, 15.0614828
2267558188: 50.7672176, 15.0455841
3348748118: 50.7675509, 15.0463123
206218135: 50.7676020, 15.0464311
280899418: 50.7668238, 15.0507464
612457917: 50.7677191, 15.0466860
3348748143: 50.7677424, 15.0466471
612457916: 50.7677561, 15.0465981
3348748144: 50.7677587, 15.0465447
612457915: 50.7677497, 15.0464930
3348748142: 50.7677234, 15.0464389
612457920: 50.7676850, 15.0464074
3348748133: 50.7676418, 15.0464047
3471937552: 50.7667326, 15.0602730
612457971: 50.7664798, 15.0615116
2106929484: 50.7659981, 15.0612812
612457945: 50.7658236, 15.0611978
612457986: 50.7685935, 15.0603897
4718393928: 50.7685519, 15.0603566
4718393930: 50.7685271, 15.0603256
4718393929: 50.7685028, 15.0602890
2535788867: 50.7684907, 15.0602403
612457992: 50.7699019, 15.0606938
4097462385: 50.7699720, 15.0606884
4097462386: 50.7700263, 15.0606777
4718393785: 50.7709808, 15.0593069
612458001: 50.7709303, 15.0592805
1984013797: 50.7708852, 15.0592218
612458000: 50.7708628, 15.0591575
612457999: 50.7708669, 15.0589967
606096037: 50.7706425, 15.0594830
1984013807: 50.7708125, 15.0594257
4718393784: 50.7709854, 15.0593672
4718393783: 50.7710287, 15.0593516
4718499129: 50.7647261, 15.0600102
4718499131: 50.7647115, 15.0602068
4538542725: 50.7646863, 15.0604001
4538542727: 50.7645332, 15.0614853
4538542728: 50.7645228, 15.0615393
4538542729: 50.7644103, 15.0621779
4538542731: 50.7643236, 15.0626156
4718499127: 50.7642652, 15.0628008
4718499126: 50.7641787, 15.0630363
3837037187: 50.7641382, 15.0631545
1840967766: 50.7639602, 15.0636144
613038708: 50.7639435, 15.0636933
3309937432: 50.7639193, 15.0638017
646520765: 50.7660108, 15.0638498
646520788: 50.7657179, 15.0637181
646520783: 50.7655751, 15.0644596
280899487: 50.7658638, 15.0645988
646521449: 50.7662459, 15.0647876
650889203: 50.7729853, 15.0713669
650889278: 50.7734588, 15.0719916
247995188: 50.7727083, 15.0714183
650889161: 50.7729369, 15.0713358
5235209102: 50.7731933, 15.0726196
280986913: 50.7711324, 15.0711608
3254965834: 50.7711535, 15.0710184
280986912: 50.7712020, 15.0709222
205428048: 50.7716455, 15.0707238
4825370810: 50.7669841, 15.0590712
5183197704: 50.7669832, 15.0589986
3692592880: 50.7669859, 15.0589530
660772491: 50.7667923, 15.0584760
1500534215: 50.7667421, 15.0583426
660772494: 50.7666896, 15.0581981
4718392982: 50.7667018, 15.0581055
1989876178: 50.7667030, 15.0579975
660776028: 50.7709494, 15.0540627
660776029: 50.7712534, 15.0542386
663331791: 50.7667706, 15.0448454
4719739828: 50.7668732, 15.0449485
1845407555: 50.7669888, 15.0451149
663333681: 50.7656422, 15.0525424
696443752: 50.7655865, 15.0524529
681272278: 50.7681548, 15.0541882
660816081: 50.7683711, 15.0544869
4719094973: 50.7683820, 15.0547052
280899405: 50.7683932, 15.0549295
2535809517: 50.7685510, 15.0600619
4887586999: 50.7695151, 15.0585311
696428298: 50.7694485, 15.0584316
3423935943: 50.7683060, 15.0508944
3424468095: 50.7684496, 15.0509868
4718333382: 50.7685313, 15.0510196
3423935949: 50.7686296, 15.0510487
4720169241: 50.7686758, 15.0510958
4720169240: 50.7687035, 15.0511744
4720169239: 50.7687177, 15.0512384
4720169238: 50.7687135, 15.0512834
1924102065: 50.7686913, 15.0513292
4720169284: 50.7685048, 15.0515569
3424467991: 50.7683729, 15.0517152
4718333380: 50.7683030, 15.0517856
1935826407: 50.7682512, 15.0518221
770513103: 50.7659103, 15.0607816
945372211: 50.7683164, 15.0539490
945372201: 50.7681507, 15.0536992
945372172: 50.7681204, 15.0534663
4720169225: 50.7680043, 15.0533217
945372153: 50.7679538, 15.0532588
979154366: 50.7707322, 15.0618101
499587408: 50.7711930, 15.0609155
980701740: 50.7705353, 15.0597146
980026078: 50.7734183, 15.0502137
980026110: 50.7738364, 15.0506401
4719888567: 50.7742281, 15.0496816
980026061: 50.7746277, 15.0487036
980025966: 50.7742137, 15.0482890
1839122039: 50.7737207, 15.0477813
980026080: 50.7733791, 15.0474295
4887587003: 50.7696737, 15.0589004
1984016262: 50.7696794, 15.0589216
1984016265: 50.7700047, 15.0600567
3249333766: 50.7691021, 15.0523268
4719969877: 50.7690572, 15.0524532
4719969852: 50.7689952, 15.0526106
1919351615: 50.7688344, 15.0529767
660815983: 50.7705057, 15.0445076
494661704: 50.7703566, 15.0444949
280899349: 50.7699302, 15.0442167
494661705: 50.7697841, 15.0441905
280899350: 50.7695656, 15.0442253
4719739888: 50.7694828, 15.0442629
3348748146: 50.7678090, 15.0464291
494661719: 50.7677761, 15.0464728
1164546969: 50.7612078, 15.0724657
3227926008: 50.7613357, 15.0721109
2001881404: 50.7616121, 15.0713442
1164547105: 50.7618965, 15.0705552
280986930: 50.7619925, 15.0703733
280986929: 50.7621401, 15.0702221
1164546823: 50.7622746, 15.0701928
280986932: 50.7624103, 15.0702512
1164546919: 50.7625359, 15.0703700
280986931: 50.7625859, 15.0705503
1164547018: 50.7626162, 15.0707583
280986934: 50.7625563, 15.0710530
280986933: 50.7616838, 15.0732975
1184696782: 50.7633026, 15.0570203
280899961: 50.7638271, 15.0572276
1500534202: 50.7640561, 15.0573911
294856784: 50.7645663, 15.0578715
2269952407: 50.7646107, 15.0578647
1949988722: 50.7647223, 15.0578653
604466364: 50.7646820, 15.0562752
2269952411: 50.7647006, 15.0564353
2295272694: 50.7676044, 15.0541286
4718333377: 50.7679186, 15.0533450
4718333378: 50.7681553, 15.0527460
3362478664: 50.7682025, 15.0524058
4718333379: 50.7682152, 15.0520617
4232425993: 50.7672647, 15.0554326
4232425991: 50.7671988, 15.0552802
4719102214: 50.7671856, 15.0552325
4232425990: 50.7671861, 15.0551823
4232425994: 50.7672369, 15.0555174
4719969179: 50.7695431, 15.0471896
280899369: 50.7703589, 15.0472309
280899352: 50.7695528, 15.0459694
280899353: 50.7696215, 15.0457754
280899355: 50.7697718, 15.0455965
2668816775: 50.7698617, 15.0455138
280899360: 50.7699015, 15.0455011
280899344: 50.7711211, 15.0455288
280899345: 50.7711120, 15.0452458
494661703: 50.7710810, 15.0450185
494661702: 50.7709836, 15.0448192
280899346: 50.7708498, 15.0446186
280899347: 50.7707644, 15.0445544
1288250159: 50.7713675, 15.0600273
1288250164: 50.7690494, 15.0559087
1288250187: 50.7690971, 15.0557797
1288250140: 50.7691030, 15.0555100
1288250134: 50.7691082, 15.0552729
280899408: 50.7691299, 15.0551089
1288250163: 50.7728230, 15.0582234
1288250137: 50.7727050, 15.0588184
1288250138: 50.7726045, 15.0591390
1288250180: 50.7724842, 15.0593689
3473275884: 50.7723996, 15.0593542
4718393770: 50.7723062, 15.0593425
3473275886: 50.7722543, 15.0593698
4718393771: 50.7722103, 15.0594211
1984013808: 50.7721784, 15.0595056
1300615860: 50.7596256, 15.0499481
1300615861: 50.7598552, 15.0502285
2046503420: 50.7608844, 15.0514855
4720250435: 50.7604324, 15.0524733
1300615697: 50.7604107, 15.0525190
1989835219: 50.7600492, 15.0532856
247991819: 50.7599438, 15.0535091
637026878: 50.7735217, 15.0626975
1302793345: 50.7734485, 15.0625499
1302793340: 50.7734169, 15.0624003
7850540323: 50.7734138, 15.0622210
7850540324: 50.7733960, 15.0621285
7850540322: 50.7733671, 15.0620319
1302793346: 50.7733329, 15.0619773
3406056140: 50.7732660, 15.0619273
1302793361: 50.7732114, 15.0618651
1302793353: 50.7726273, 15.0550690
3097119289: 50.7723611, 15.0549688
4719888232: 50.7732729, 15.0554481
494662182: 50.7732163, 15.0554136
276174895: 50.7770719, 15.0611964
280899325: 50.7764196, 15.0602264
1489738728: 50.7759856, 15.0595969
247991457: 50.7755758, 15.0590024
280899310: 50.7749536, 15.0581034
3091264602: 50.7749203, 15.0580459
247991546: 50.7747883, 15.0578354
4719886845: 50.7747212, 15.0577286
3084665045: 50.7745876, 15.0575157
3658691229: 50.7743243, 15.0571018
4719888271: 50.7742243, 15.0569386
247991458: 50.7742002, 15.0568677
4719888270: 50.7741568, 15.0567670
4719886883: 50.7740774, 15.0566443
4719888269: 50.7739185, 15.0563990
3082697333: 50.7738144, 15.0562382
4719888231: 50.7736658, 15.0560013
4719888234: 50.7735213, 15.0557710
4719888233: 50.7734955, 15.0557128
1330190287: 50.7684714, 15.0597218
4718333327: 50.7685433, 15.0590406
4718333326: 50.7685677, 15.0588233
280899455: 50.7686260, 15.0583051
4718333337: 50.7695494, 15.0578470
501666555: 50.7695720, 15.0578893
696474914: 50.7638758, 15.0528136
1330190285: 50.7641840, 15.0528031
1989835212: 50.7642482, 15.0527863
2001881296: 50.7635198, 15.0683233
1341524125: 50.7637183, 15.0686583
1341524062: 50.7634775, 15.0690524
2001881383: 50.7634111, 15.0691505
1341523856: 50.7633362, 15.0692611
1341523605: 50.7631491, 15.0696533
1341523512: 50.7631361, 15.0696939
1341523399: 50.7630515, 15.0699601
1341523135: 50.7629504, 15.0702941
1341522926: 50.7629520, 15.0705598
1341524181: 50.7629559, 15.0710933
2265914125: 50.7628967, 15.0713135
1341523956: 50.7628313, 15.0715836
1341522919: 50.7625151, 15.0727038
1341524165: 50.7623595, 15.0732322
1341523941: 50.7622136, 15.0737245
4715807533: 50.7621723, 15.0738107
1341523706: 50.7621008, 15.0738956
1341523484: 50.7618619, 15.0740676
1341523285: 50.7616656, 15.0742714
1341523011: 50.7616150, 15.0744266
3227926010: 50.7614943, 15.0748793
1341522838: 50.7614228, 15.0751517
2200427195: 50.7599787, 15.0624983
2200510109: 50.7596987, 15.0630325
1341523319: 50.7628295, 15.0694169
2001881318: 50.7627450, 15.0693745
1341523728: 50.7625997, 15.0693207
1341523493: 50.7623506, 15.0692644
1341523303: 50.7622725, 15.0693098
1341523028: 50.7622254, 15.0694133
1341522846: 50.7621921, 15.0695022
1341524082: 50.7622289, 15.0699767
268874873: 50.7601833, 15.0663713
294856819: 50.7638114, 15.0581873
1949988720: 50.7643713, 15.0579057
280899476: 50.7720111, 15.0675782
4718269474: 50.7730116, 15.0652051
248467821: 50.7730883, 15.0650814
280899425: 50.7653865, 15.0515110
4719102275: 50.7655054, 15.0515705
612405637: 50.7655821, 15.0516089
4719102256: 50.7656644, 15.0516311
4719102255: 50.7657541, 15.0516376
4719102254: 50.7658300, 15.0516289
612405644: 50.7659805, 15.0515885
4719102252: 50.7660784, 15.0515373
4719102253: 50.7661530, 15.0514849
1420840411: 50.7662662, 15.0513847
1835907075: 50.7718091, 15.0717795
499587410: 50.7725385, 15.0632745
2535809527: 50.7722492, 15.0638713
4719888479: 50.7734086, 15.0457076
4719888477: 50.7731856, 15.0460850
4719888478: 50.7730864, 15.0462530
4719888474: 50.7728907, 15.0466230
4719888472: 50.7728511, 15.0466978
1839122038: 50.7734056, 15.0485741
1839122040: 50.7738813, 15.0490933
501666513: 50.7703466, 15.0543673
280899399: 50.7703116, 15.0546186
3424472772: 50.7703472, 15.0551839
280900461: 50.7662662, 15.0625707
7108662323: 50.7661886, 15.0629595
2106929480: 50.7658802, 15.0623666
2106929478: 50.7657756, 15.0623113
612457944: 50.7656129, 15.0622253
1915303926: 50.7635130, 15.0664185
3579308307: 50.7635266, 15.0666989
3579308306: 50.7635057, 15.0669197
1915303925: 50.7634631, 15.0671283
280899916: 50.7641648, 15.0601381
2265914187: 50.7642136, 15.0602356
1915303934: 50.7643022, 15.0606068
4718255702: 50.7643122, 15.0606941
2354644346: 50.7642997, 15.0607683
1915303933: 50.7642561, 15.0611901
1915303914: 50.7624200, 15.0644239
4718254995: 50.7623884, 15.0646031
4718254994: 50.7623884, 15.0646905
1915303913: 50.7623987, 15.0647659
3407123834: 50.7624294, 15.0648367
1915303915: 50.7624908, 15.0649756
4718254993: 50.7625774, 15.0650859
1915303916: 50.7626996, 15.0652244
3401939362: 50.7631224, 15.0655301
1915303920: 50.7632012, 15.0655871
1915303921: 50.7633375, 15.0657682
604466238: 50.7647639, 15.0547924
604466234: 50.7647285, 15.0547898
1981871794: 50.7646600, 15.0547902
1981871799: 50.7646156, 15.0547895
4052717525: 50.7645581, 15.0547919
604466230: 50.7643030, 15.0548324
606095801: 50.7640246, 15.0548284
604466152: 50.7636718, 15.0546663
1930990378: 50.7631168, 15.0541842
1915303909: 50.7617899, 15.0626011
1915303904: 50.7612290, 15.0631174
1915303901: 50.7610914, 15.0631428
1915303900: 50.7609654, 15.0630268
1915303899: 50.7608714, 15.0630160
1915303896: 50.7608313, 15.0631174
280900022: 50.7608192, 15.0634694
1915303912: 50.7619283, 15.0626787
1915303911: 50.7618569, 15.0619326
1915303910: 50.7618180, 15.0618058
1915303908: 50.7617401, 15.0617478
1915303907: 50.7616667, 15.0618022
1915303906: 50.7614691, 15.0621371
3474962846: 50.7614327, 15.0621876
3474962870: 50.7612587, 15.0624288
1915303905: 50.7612129, 15.0624607
1915303903: 50.7611690, 15.0624372
3474962863: 50.7607593, 15.0620761
1915303936: 50.7647562, 15.0547052
1981871924: 50.7647616, 15.0545830
1915303935: 50.7647668, 15.0545417
4719094943: 50.7647767, 15.0545004
1915303941: 50.7647945, 15.0544602
4719094944: 50.7648194, 15.0544229
1915303942: 50.7648726, 15.0544026
1915303943: 50.7649449, 15.0543763
4052717536: 50.7650044, 15.0543357
1915303944: 50.7650636, 15.0541785
660816091: 50.7685901, 15.0549388
660816088: 50.7687795, 15.0549328
4718290254: 50.7688329, 15.0549597
1935826422: 50.7698623, 15.0533649
1919351618: 50.7699925, 15.0540589
1919351617: 50.7697613, 15.0539454
660816092: 50.7684983, 15.0543233
4718333376: 50.7685654, 15.0543124
4718290260: 50.7690295, 15.0546096
660816097: 50.7692561, 15.0547583
4719969993: 50.7688570, 15.0530053
1919351616: 50.7692311, 15.0534783
1924102018: 50.7658147, 15.0467541
2385888310: 50.7661519, 15.0480940
3401939503: 50.7662518, 15.0484089
4719102570: 50.7663282, 15.0485836
4719102564: 50.7666417, 15.0493011
612405599: 50.7666760, 15.0493795
3362478659: 50.7667664, 15.0495990
1420840438: 50.7668484, 15.0497982
612405607: 50.7668341, 15.0499013
280899382: 50.7699758, 15.0501384
4719970015: 50.7699211, 15.0499774
3424479630: 50.7697398, 15.0496708
1994490261: 50.7696178, 15.0494557
3424479621: 50.7695041, 15.0492386
1994490258: 50.7694485, 15.0491325
4720294895: 50.7645984, 15.0463326
4719969802: 50.7695667, 15.0501863
280899445: 50.7695551, 15.0501302
4719969800: 50.7694872, 15.0500291
4719969801: 50.7693018, 15.0498034
4720169255: 50.7691872, 15.0496380
280899448: 50.7691549, 15.0495914
4719969799: 50.7689027, 15.0492105
1924102071: 50.7688191, 15.0491010
1924102037: 50.7685655, 15.0489508
4719969796: 50.7685221, 15.0488961
4719969797: 50.7684951, 15.0488478
4719969798: 50.7684901, 15.0487579
1994490303: 50.7685175, 15.0486410
1924102036: 50.7673836, 15.0503402
1924102003: 50.7654132, 15.0491397
4719102259: 50.7654302, 15.0491858
4719102489: 50.7657762, 15.0501255
1924102022: 50.7658468, 15.0502700
1924102025: 50.7659187, 15.0504692
4719970014: 50.7699282, 15.0504300
660816077: 50.7696410, 15.0518374
2056686661: 50.7696349, 15.0518837
4719970012: 50.7696172, 15.0520380
4719970011: 50.7696122, 15.0521211
280899383: 50.7696287, 15.0521942
6271120405: 50.7697171, 15.0523073
280899385: 50.7697957, 15.0524078
4719970010: 50.7698757, 15.0525579
499587355: 50.7699600, 15.0527519
1994490301: 50.7699894, 15.0528257
1188191575: 50.7700109, 15.0528807
3124473753: 50.7700413, 15.0529139
4719969816: 50.7700879, 15.0529860
499587356: 50.7701335, 15.0530570
4719969813: 50.7702690, 15.0531667
770813296: 50.7704481, 15.0532904
501666486: 50.7706496, 15.0535035
1924101993: 50.7649459, 15.0478298
4719102557: 50.7659446, 15.0501735
1924102028: 50.7659762, 15.0500908
4719102556: 50.7659114, 15.0498179
4719102527: 50.7657460, 15.0494051
4719102532: 50.7654929, 15.0487521
4719102544: 50.7654008, 15.0484977
4719102534: 50.7652405, 15.0480804
2668757603: 50.7651750, 15.0479100
4719102541: 50.7651363, 15.0478068
1924101998: 50.7650899, 15.0476827
2668757597: 50.7650277, 15.0480591
4719102258: 50.7648202, 15.0497727
1924101978: 50.7644891, 15.0501102
3424479617: 50.7702663, 15.0498852
696464652: 50.7682733, 15.0516001
696464643: 50.7683188, 15.0512430
4720169268: 50.7683243, 15.0511408
4718333381: 50.7683217, 15.0510557
1927105696: 50.7652106, 15.0620026
1927105693: 50.7650251, 15.0624928
1927105683: 50.7647929, 15.0633132
499616988: 50.7667640, 15.0678929
1919425259: 50.7671709, 15.0681042
3348707812: 50.7672780, 15.0681611
499616989: 50.7674219, 15.0682723
499616990: 50.7675475, 15.0684633
499616991: 50.7677444, 15.0689057
499616992: 50.7684024, 15.0700744
604466429: 50.7651284, 15.0558171
4052706832: 50.7651212, 15.0557211
2865975207: 50.7651249, 15.0556691
604466405: 50.7651446, 15.0551808
1500534213: 50.7651269, 15.0551270
4052717540: 50.7650880, 15.0550165
1500534212: 50.7650246, 15.0548869
1500534206: 50.7649442, 15.0548267
4719094939: 50.7648857, 15.0548113
2109791465: 50.7654347, 15.0687282
3407123854: 50.7652816, 15.0691176
3218887063: 50.7652011, 15.0693131
73287793: 50.7650570, 15.0696740
4715807550: 50.7648322, 15.0701793
73394820: 50.7645365, 15.0707267
73315982: 50.7641882, 15.0713986
4715807549: 50.7639705, 15.0718347
73385308: 50.7637777, 15.0722729
4715807548: 50.7636311, 15.0726878
2265925880: 50.7635563, 15.0729261
612457939: 50.7659287, 15.0581869
604466538: 50.7648180, 15.0577245
4718499164: 50.7647957, 15.0577338
604466535: 50.7647750, 15.0577498
4718499165: 50.7647566, 15.0577719
3837037196: 50.7647414, 15.0577993
4718499166: 50.7647298, 15.0578308
3837037194: 50.7647191, 15.0579077
3837037195: 50.7647222, 15.0579501
4718499159: 50.7647312, 15.0579902
3406056119: 50.7731898, 15.0619121
1989835250: 50.7607593, 15.0544640
280899964: 50.7639169, 15.0567903
4718498930: 50.7638632, 15.0558067
604466224: 50.7637292, 15.0556837
4718498918: 50.7636621, 15.0558195
1989864696: 50.7636103, 15.0558964
4718498908: 50.7635696, 15.0559995
4718498907: 50.7635188, 15.0560781
1989864721: 50.7634554, 15.0561129
3227926060: 50.7633788, 15.0561387
1989864712: 50.7631948, 15.0560907
4718498909: 50.7631339, 15.0560818
4718498910: 50.7631039, 15.0561092
4718498911: 50.7630981, 15.0561622
4718498912: 50.7631050, 15.0562316
1989864720: 50.7631762, 15.0563175
1989876174: 50.7665464, 15.0578803
4718392971: 50.7665907, 15.0576843
661332746: 50.7666355, 15.0575082
519420955: 50.7668855, 15.0567840
5183186933: 50.7666855, 15.0579818
4718392972: 50.7666451, 15.0579456
1989876167: 50.7666031, 15.0579080
280899478: 50.7712834, 15.0642612
4820241345: 50.7715927, 15.0656792
1994490272: 50.7696200, 15.0531364
1994490314: 50.7696066, 15.0530511
1994490308: 50.7695884, 15.0529921
1288250128: 50.7695549, 15.0529139
1288250139: 50.7694329, 15.0527736
4719970004: 50.7693459, 15.0526567
1288250181: 50.7692979, 15.0525783
4719970005: 50.7692834, 15.0524692
1288250183: 50.7692939, 15.0523491
4718333329: 50.7689555, 15.0583752
4718333328: 50.7689757, 15.0583766
5183186932: 50.7690456, 15.0582781
606914833: 50.7690765, 15.0582345
1341523228: 50.7630718, 15.0685171
2001881316: 50.7631515, 15.0687254
2001881322: 50.7629530, 15.0690473
2001881375: 50.7630735, 15.0688059
1915303923: 50.7633085, 15.0679705
1341523440: 50.7632786, 15.0681298
1341522978: 50.7629676, 15.0687537
1341524250: 50.7626771, 15.0688674
1164572143: 50.7624112, 15.0689478
2291123776: 50.7606700, 15.0546231
280900040: 50.7604979, 15.0549497
2267558168: 50.7604361, 15.0551260
280900041: 50.7596719, 15.0572932
2518589708: 50.7594089, 15.0580931
2200494397: 50.7593113, 15.0583900
8022192480: 50.7726178, 15.0770000
205428045: 50.7725031, 15.0762637
653594392: 50.7724238, 15.0758295
247995310: 50.7722091, 15.0743733
1962574079: 50.7717093, 15.0711425
3254965839: 50.7716076, 15.0704890
73290461: 50.7680711, 15.0654560
1994986659: 50.7680790, 15.0655875
4718255773: 50.7681168, 15.0659173
4718255772: 50.7681318, 15.0660667
73284529: 50.7681381, 15.0661877
4718255771: 50.7681364, 15.0663510
4718255770: 50.7681214, 15.0665277
73400094: 50.7680919, 15.0667219
4718255768: 50.7680362, 15.0669651
4718255767: 50.7680004, 15.0670817
621381366: 50.7679584, 15.0672063
1318589472: 50.7679109, 15.0673158
4718255766: 50.7678621, 15.0674078
73301694: 50.7678339, 15.0674586
73423128: 50.7677593, 15.0675582
4718255763: 50.7676685, 15.0676447
1453672695: 50.7675978, 15.0677060
73403167: 50.7674684, 15.0677727
1453672683: 50.7673572, 15.0678165
1919425263: 50.7672446, 15.0678387
73355849: 50.7671198, 15.0678390
499616987: 50.7664159, 15.0676789
4718290272: 50.7699349, 15.0608035
612457996: 50.7699571, 15.0609319
2274109396: 50.7730700, 15.0471823
4719970118: 50.7708947, 15.0511497
3348748488: 50.7708921, 15.0510480
770813255: 50.7709050, 15.0508546
4719970026: 50.7709879, 15.0498165
4719970020: 50.7709982, 15.0494920
2535857397: 50.7627321, 15.0462406
612405382: 50.7629368, 15.0460755
2295272678: 50.7630305, 15.0459994
612405405: 50.7631119, 15.0459367
1990912626: 50.7636638, 15.0455233
4719888473: 50.7726340, 15.0471487
4719970057: 50.7722831, 15.0479513
1845407561: 50.7720996, 15.0483826
4719970068: 50.7720606, 15.0484676
770813292: 50.7710029, 15.0511170
3720496712: 50.7655396, 15.0583225
4718499295: 50.7654943, 15.0583759
4718499296: 50.7654636, 15.0584270
4538542756: 50.7654455, 15.0584745
4718499297: 50.7654394, 15.0585175
4718499299: 50.7654402, 15.0585513
4718499298: 50.7654448, 15.0585970
4538542736: 50.7654627, 15.0586540
612457983: 50.7683891, 15.0603504
3194231362: 50.7685040, 15.0603758
4718393731: 50.7698462, 15.0579382
2380578348: 50.7697876, 15.0578898
73403982: 50.7733909, 15.0459883
4719969795: 50.7689439, 15.0484301
206218160: 50.7687467, 15.0482746
4212122719: 50.7684114, 15.0479935
494661718: 50.7682603, 15.0478523
206218161: 50.7681939, 15.0477426
3348748145: 50.7677948, 15.0468575
247991820: 50.7588119, 15.0521161
6120993191: 50.7591448, 15.0525258
679670456: 50.7592166, 15.0526136
679670457: 50.7596953, 15.0532033
2046503407: 50.7599240, 15.0534848
1989835181: 50.7600650, 15.0536542
1300615793: 50.7604346, 15.0540966
4719970031: 50.7710376, 15.0481493
280899370: 50.7710622, 15.0472497
1949988725: 50.7649370, 15.0578108
4718499161: 50.7649243, 15.0577840
3837037200: 50.7649089, 15.0577612
4718499162: 50.7648911, 15.0577432
604466510: 50.7648715, 15.0577304
3348748121: 50.7675795, 15.0464658
612457919: 50.7675649, 15.0465098
3348748120: 50.7675598, 15.0465588
3348748122: 50.7675891, 15.0466712
612457918: 50.7676291, 15.0467098
3348748140: 50.7676760, 15.0467151
280987016: 50.7658472, 15.0699488
1949988719: 50.7658128, 15.0697753
621381287: 50.7657045, 15.0692679
1949988736: 50.7655943, 15.0687591
1164577997: 50.7669145, 15.0662905
280899495: 50.7669721, 15.0661278
4718333075: 50.7670173, 15.0660102
280900009: 50.7603108, 15.0653703
280900010: 50.7602604, 15.0659605
1500534185: 50.7602117, 15.0660657
280900008: 50.7605827, 15.0643438
280900001: 50.7604882, 15.0647662
2200427203: 50.7601747, 15.0620877
2200427209: 50.7601295, 15.0621852
280899993: 50.7598782, 15.0614737
2268915770: 50.7599890, 15.0615995
2200427197: 50.7600694, 15.0617996
2200427207: 50.7601367, 15.0620786
2200427214: 50.7601612, 15.0622524
2200427186: 50.7601978, 15.0626794
2200427205: 50.7602594, 15.0629208
2200427200: 50.7603883, 15.0631139
280900021: 50.7605233, 15.0634229
2265914066: 50.7604539, 15.0636157
280900020: 50.7604387, 15.0637982
1164549723: 50.7604562, 15.0640034
280900019: 50.7605009, 15.0641907
280899991: 50.7595564, 15.0609089
2268915763: 50.7596796, 15.0610071
280899992: 50.7597820, 15.0611819
280899994: 50.7598280, 15.0616900
280899995: 50.7596596, 15.0619320
280899997: 50.7600116, 15.0633031
2265914060: 50.7601037, 15.0634739
280899998: 50.7601211, 15.0637331
280899999: 50.7600831, 15.0641016
2265914059: 50.7600994, 15.0642968
280900000: 50.7601718, 15.0644743
2265914063: 50.7603210, 15.0646577
280899471: 50.7704856, 15.0572500
3914336810: 50.7706329, 15.0569486
280899472: 50.7707575, 15.0566937
280899397: 50.7710206, 15.0562300
6271154078: 50.7710636, 15.0568209
499587383: 50.7710095, 15.0567781
1288250146: 50.7733061, 15.0587020
280899486: 50.7726500, 15.0580519
280899483: 50.7722795, 15.0578332
696545817: 50.7720123, 15.0576289
1984013827: 50.7716893, 15.0572801
73379856: 50.7716280, 15.0572140
499587387: 50.7709861, 15.0574260
6271154188: 50.7710088, 15.0573876
6271154187: 50.7709487, 15.0574241
499616868: 50.7687428, 15.0720507
4718256064: 50.7688135, 15.0722402
499616869: 50.7688864, 15.0725193
4718256065: 50.7689483, 15.0728652
499616870: 50.7689916, 15.0731287
4718256068: 50.7690417, 15.0732861
499616871: 50.7691261, 15.0734635
4718256067: 50.7691880, 15.0735522
499616872: 50.7692883, 15.0736474
4718256066: 50.7694300, 15.0737107
499616873: 50.7695872, 15.0737830
4718256055: 50.7696536, 15.0738164
4718256056: 50.7696974, 15.0738510
4718256054: 50.7698023, 15.0739877
4718256053: 50.7698795, 15.0740715
499616874: 50.7699283, 15.0741520
499616875: 50.7699545, 15.0742510
4718256027: 50.7699740, 15.0743558
4718256028: 50.7699924, 15.0745070
4718256026: 50.7700028, 15.0746546
1962574109: 50.7700083, 15.0748082
4718256025: 50.7700005, 15.0750391
499616876: 50.7699789, 15.0753563
499616877: 50.7699427, 15.0758064
499616879: 50.7698583, 15.0764576
499616880: 50.7698329, 15.0766310
4718256049: 50.7698000, 15.0769013
1397484561: 50.7697769, 15.0773367
499616882: 50.7697763, 15.0774808
499616884: 50.7699524, 15.0779957
499616885: 50.7701079, 15.0783952
4718256003: 50.7701549, 15.0785759
499616887: 50.7701598, 15.0787624
499616889: 50.7701694, 15.0792811
499616890: 50.7701791, 15.0794527
1962574112: 50.7702122, 15.0796385
499616891: 50.7702948, 15.0798938
499616892: 50.7704183, 15.0803038
4718255993: 50.7704603, 15.0805748
499616893: 50.7704958, 15.0807785
4718255992: 50.7705963, 15.0811597
4718255876: 50.7706239, 15.0812800
499616894: 50.7706319, 15.0813384
4718255875: 50.7706354, 15.0814440
4718255878: 50.7706320, 15.0815260
499616895: 50.7706266, 15.0816427
3244460360: 50.7705794, 15.0818416
499616896: 50.7704940, 15.0820545
4718255883: 50.7703427, 15.0823387
499616897: 50.7702282, 15.0825838
499616866: 50.7681360, 15.0713916
499616966: 50.7683387, 15.0715048
499616867: 50.7685035, 15.0716796
4718256063: 50.7686233, 15.0718466
280987015: 50.7655438, 15.0706756
3238617163: 50.7656135, 15.0705087
1164572148: 50.7622777, 15.0656889
1164572140: 50.7622822, 15.0659608
2265914097: 50.7623959, 15.0661907
1164572118: 50.7625373, 15.0664766
1164572145: 50.7626441, 15.0667603
1164572136: 50.7627553, 15.0670159
1164572123: 50.7628072, 15.0672152
1164572126: 50.7627968, 15.0673863
1164572142: 50.7609771, 15.0647416
1164572153: 50.7608926, 15.0646197
4718255011: 50.7608001, 15.0645101
1164572120: 50.7616015, 15.0656326
1164572125: 50.7617186, 15.0656701
4718254998: 50.7617614, 15.0656745
1164572151: 50.7618150, 15.0656537
1164572141: 50.7619544, 15.0655200
4718254997: 50.7619919, 15.0654886
1164572127: 50.7620477, 15.0654636
4718254996: 50.7620933, 15.0654650
1164572130: 50.7621428, 15.0654755
1164572129: 50.7615066, 15.0655669
4718254999: 50.7614721, 15.0655196
1164572144: 50.7614502, 15.0654732
1164572159: 50.7614191, 15.0653090
4718255000: 50.7613937, 15.0651971
1164572149: 50.7613583, 15.0651285
4718255001: 50.7613280, 15.0650932
1164572124: 50.7612559, 15.0650629
1164572138: 50.7611625, 15.0650418
1164572146: 50.7610720, 15.0649550
2001881312: 50.7617404, 15.0694572
3227926006: 50.7611134, 15.0701285
280900033: 50.7622498, 15.0642983
280900034: 50.7620048, 15.0642227
280900035: 50.7617439, 15.0642520
280900036: 50.7614758, 15.0639875
280900037: 50.7613390, 15.0636991
280900038: 50.7613078, 15.0634173
280900039: 50.7613104, 15.0633090
285947156: 50.7623472, 15.0602755
1989864719: 50.7622884, 15.0602620
4718255695: 50.7621684, 15.0602385
288196322: 50.7620820, 15.0602411
3227926028: 50.7619086, 15.0602669
2265914079: 50.7618380, 15.0602793
1915303898: 50.7608475, 15.0604891
4718255679: 50.7608230, 15.0604845
3474962891: 50.7607882, 15.0604670
280900011: 50.7606113, 15.0603549
7555242834: 50.7645227, 15.0591425
280899921: 50.7643570, 15.0596328
4718255699: 50.7641059, 15.0602622
4718255701: 50.7640528, 15.0603533
4718255700: 50.7640056, 15.0604153
280899917: 50.7639245, 15.0604943
4718255698: 50.7638292, 15.0605392
2265914174: 50.7637576, 15.0605582
1915303932: 50.7636542, 15.0605731
280899906: 50.7634433, 15.0605263
1915303918: 50.7630276, 15.0616278
2265914165: 50.7636374, 15.0606775
1915303922: 50.7633248, 15.0612268
1915303919: 50.7631728, 15.0616672
2265914183: 50.7639020, 15.0711345
6002878428: 50.7640363, 15.0712312
6002878424: 50.7640691, 15.0712708
6002878425: 50.7641033, 15.0713078
2267558161: 50.7596336, 15.0690577
5170250344: 50.7596052, 15.0691586
5170250347: 50.7595638, 15.0693062
268874868: 50.7595212, 15.0694577
4538542785: 50.7633392, 15.0736289
770841098: 50.7632604, 15.0738979
5437737376: 50.7632390, 15.0739730
73307923: 50.7631660, 15.0742290
4715807440: 50.7630886, 15.0744302
73419770: 50.7630320, 15.0745810
4715807439: 50.7629441, 15.0747564
280899910: 50.7611823, 15.0587675
3227926005: 50.7611327, 15.0588125
4718255691: 50.7610414, 15.0589202
4718255690: 50.7610045, 15.0589840
280899905: 50.7609787, 15.0590446
1500534197: 50.7609106, 15.0592543
1500534195: 50.7607995, 15.0596530
3227925997: 50.7605517, 15.0585268
294857248: 50.7607112, 15.0584377
4718255647: 50.7607668, 15.0584291
294857270: 50.7608699, 15.0584792
4718255645: 50.7609812, 15.0585421
294857312: 50.7610533, 15.0586108
4718255646: 50.7611045, 15.0586897
4718499182: 50.7648470, 15.0576331
2269952419: 50.7648255, 15.0575259
2269952418: 50.7648123, 15.0573773
2267558180: 50.7648042, 15.0571965
3471948040: 50.7648119, 15.0570692
2267558181: 50.7648373, 15.0568772
2267558183: 50.7648699, 15.0567391
2269952423: 50.7649136, 15.0566087
980019708: 50.7732320, 15.0464859
2290809673: 50.7727314, 15.0516566
5313730333: 50.7726668, 15.0521905
4719888522: 50.7726406, 15.0524194
73309690: 50.7729865, 15.0481548
4719888500: 50.7729296, 15.0493462
73388093: 50.7728779, 15.0501624
4719888501: 50.7728424, 15.0505787
73398438: 50.7730469, 15.0473385
612457973: 50.7732096, 15.0521698
4719888433: 50.7739814, 15.0533097
2290809681: 50.7745396, 15.0541335
73297929: 50.7752154, 15.0551216
1192251613: 50.7754212, 15.0553837
1192247836: 50.7756235, 15.0555892
4719970418: 50.7757427, 15.0556852
1192249846: 50.7758202, 15.0557228
4719970419: 50.7758755, 15.0557391
1192246953: 50.7759288, 15.0557451
4719970420: 50.7759920, 15.0557368
4719970421: 50.7760338, 15.0557233
1192250111: 50.7760871, 15.0557003
4719970422: 50.7761418, 15.0556605
1192248455: 50.7761944, 15.0556105
4719970425: 50.7762199, 15.0555729
4719970426: 50.7762454, 15.0555268
4719970427: 50.7762731, 15.0554572
1192247134: 50.7762930, 15.0553983
4719970428: 50.7763079, 15.0553225
1192250886: 50.7763178, 15.0552276
4719970429: 50.7763207, 15.0551686
4719970430: 50.7763207, 15.0550911
1192249585: 50.7763094, 15.0550098
4719970431: 50.7762973, 15.0549497
4719970432: 50.7762788, 15.0548845
1192249481: 50.7762391, 15.0547943
73391331: 50.7761108, 15.0545371
4719970457: 50.7760814, 15.0544646
1192250710: 50.7760587, 15.0543955
4719970461: 50.7760438, 15.0543096
1192249815: 50.7760352, 15.0542372
4719970460: 50.7760360, 15.0541591
1192247416: 50.7760459, 15.0540722
4719970459: 50.7760665, 15.0539997
1192250446: 50.7760906, 15.0539442
4719970458: 50.7761155, 15.0539031
3081992482: 50.7761490, 15.0538635
1192248056: 50.7761822, 15.0538330
4719970468: 50.7763541, 15.0537336
73438936: 50.7765553, 15.0536559
2376553057: 50.7766901, 15.0536188
2290809683: 50.7768812, 15.0535836
617236207: 50.7769499, 15.0535684
4719888939: 50.7772207, 15.0534930
4719888938: 50.7773256, 15.0534804
73424368: 50.7773994, 15.0534893
4719888511: 50.7731602, 15.0520694
3086033926: 50.7730743, 15.0519580
5743289486: 50.7729535, 15.0517985
5743289485: 50.7729343, 15.0517730
2291123779: 50.7628963, 15.0539594
604466148: 50.7627879, 15.0538782
2291123777: 50.7626946, 15.0538356
3692575926: 50.7625673, 15.0538128
604466145: 50.7624771, 15.0537967
2291123775: 50.7587314, 15.0495229
206219560: 50.7594420, 15.0489132
4718950303: 50.7595665, 15.0488070
4718950299: 50.7601332, 15.0483188
2535857437: 50.7612578, 15.0474393
612457985: 50.7688387, 15.0604395
2865954541: 50.7689363, 15.0604571
660764829: 50.7689610, 15.0604618
3473251716: 50.7697219, 15.0606066
4718498924: 50.7633903, 15.0547258
245052150: 50.7636334, 15.0549156
4718498929: 50.7636909, 15.0549619
606095806: 50.7639069, 15.0551361
1397484603: 50.7701993, 15.0705427
280986909: 50.7703241, 15.0707020
280986910: 50.7704272, 15.0709045
1397484672: 50.7706318, 15.0716947
280986911: 50.7707382, 15.0719561
1397484674: 50.7708144, 15.0720609
1397484676: 50.7709122, 15.0720829
653594336: 50.7709900, 15.0720804
653594340: 50.7710765, 15.0721508
653594344: 50.7711740, 15.0723376
6223223196: 50.7711859, 15.0724027
2378497935: 50.7712134, 15.0725567
2933374714: 50.7700412, 15.0696359
653594315: 50.7700321, 15.0695573
2933374715: 50.7700302, 15.0694548
280986905: 50.7700414, 15.0693624
3254965828: 50.7706407, 15.0681826
1984013821: 50.7707413, 15.0592620
2535857436: 50.7617390, 15.0471165
6977942879: 50.7617788, 15.0470654
6977942875: 50.7618726, 15.0470049
6064567233: 50.7619377, 15.0468365
6064567234: 50.7617567, 15.0469632
6271177606: 50.7618719, 15.0470556
6981404804: 50.7618763, 15.0470943
6271177605: 50.7618837, 15.0471344
2329198931: 50.7619035, 15.0471885
613038709: 50.7636602, 15.0646606
3407123845: 50.7636008, 15.0647304
280900030: 50.7635640, 15.0647422
280900031: 50.7630801, 15.0646666
280900032: 50.7625843, 15.0645344
206218186: 50.7708658, 15.0524581
335683201: 50.7708790, 15.0522394
2106929491: 50.7664251, 15.0617827
2106929490: 50.7662959, 15.0624233
3153208611: 50.7711346, 15.0514164
4719970140: 50.7716719, 15.0512886
4719970143: 50.7721253, 15.0511737
335683389: 50.7721632, 15.0511641
4719970165: 50.7724237, 15.0511082
4719970162: 50.7725025, 15.0511104
3081957759: 50.7725608, 15.0511251
4719970163: 50.7725906, 15.0511598
335683390: 50.7726020, 15.0512244
335683392: 50.7725621, 15.0517622
2077947612: 50.7708550, 15.0620399
2535809536: 50.7707435, 15.0637985
1915449806: 50.7707214, 15.0637092
1994982555: 50.7690297, 15.0664008
1915449763: 50.7688901, 15.0662303
612458004: 50.7706125, 15.0604928
206218208: 50.7714922, 15.0588565
1501278531: 50.7714768, 15.0588342
4825357142: 50.7702945, 15.0608949
4718393769: 50.7704966, 15.0626900
4718393756: 50.7703845, 15.0623045
4718393768: 50.7702620, 15.0619518
4718393767: 50.7701568, 15.0616521
4149565009: 50.7700414, 15.0613152
1994986655: 50.7682115, 15.0654347
1453672707: 50.7682658, 15.0654995
4718255774: 50.7687370, 15.0660524
1994982570: 50.7687797, 15.0661009
4718393776: 50.7714268, 15.0587733
4718393777: 50.7713829, 15.0587377
649882246: 50.7652554, 15.0519258
247991817: 50.7611554, 15.0539416
247991816: 50.7614845, 15.0535003
4720250061: 50.7615379, 15.0534511
1500569362: 50.7616038, 15.0534251
4720250062: 50.7616511, 15.0534244
268876647: 50.7616933, 15.0534279
247991815: 50.7617827, 15.0534688
4720250063: 50.7618645, 15.0535293
1420840418: 50.7665187, 15.0517621
4720169081: 50.7636218, 15.0528408
280899440: 50.7643065, 15.0527005
1989835258: 50.7645047, 15.0524020
2380578344: 50.7668039, 15.0601791
4718333302: 50.7670955, 15.0603204
2294005853: 50.7671950, 15.0603403
204942180: 50.7678055, 15.0601949
3194231361: 50.7683441, 15.0603412
1164572122: 50.7622347, 15.0655435
268874871: 50.7602000, 15.0668515
268874870: 50.7601766, 15.0670679
1500534181: 50.7601587, 15.0671337
4718392973: 50.7667393, 15.0580086
661332745: 50.7667928, 15.0580096
280899459: 50.7673284, 15.0579759
661332747: 50.7675170, 15.0579472
660772488: 50.7677604, 15.0580420
3461374299: 50.7679720, 15.0581122
3461374300: 50.7680653, 15.0581431
2133022216: 50.7685115, 15.0582709
4538542759: 50.7649363, 15.0589190
5305456905: 50.7649514, 15.0590352
3837037204: 50.7649667, 15.0591440
3837037205: 50.7649767, 15.0592846
1919425258: 50.7649684, 15.0594343
4305087893: 50.7649309, 15.0597494
201958389: 50.7649259, 15.0597909
1927105684: 50.7648034, 15.0605596
1927105680: 50.7646490, 15.0615317
4715807576: 50.7645611, 15.0620790
201958393: 50.7644890, 15.0624927
660772495: 50.7669000, 15.0589818
4825357146: 50.7668490, 15.0589130
280899454: 50.7668074, 15.0588245
4825357147: 50.7667688, 15.0587149
649481757: 50.7667152, 15.0585419
4825374639: 50.7666814, 15.0584491
4825357148: 50.7666488, 15.0583727
649481754: 50.7666006, 15.0582914
4718392988: 50.7665549, 15.0582333
2001881300: 50.7608940, 15.0704920
3227926001: 50.7607605, 15.0708507
2001881342: 50.7605539, 15.0714059
2001881358: 50.7600316, 15.0722632
1164547042: 50.7595081, 15.0727387
248467753: 50.7587232, 15.0731955
770728637: 50.7718729, 15.0431264
660815985: 50.7716953, 15.0429318
660815984: 50.7705706, 15.0425426
660815979: 50.7703757, 15.0425281
660815977: 50.7697879, 15.0428722
660815982: 50.7692296, 15.0431573
660815980: 50.7685372, 15.0438738
660815976: 50.7676562, 15.0448521
770728425: 50.7672857, 15.0452799
6271154259: 50.7722179, 15.0552210
6271154279: 50.7717336, 15.0569820
335683949: 50.7717511, 15.0569434
73283346: 50.7718162, 15.0567905
73368034: 50.7719430, 15.0564440
73432368: 50.7720720, 15.0559940
5609977222: 50.7698517, 15.0571080
499587335: 50.7698740, 15.0569746
661323662: 50.7699568, 15.0564434
3692610621: 50.7699892, 15.0563077
6095270929: 50.7712929, 15.0580205
612457997: 50.7711299, 15.0584127
73292301: 50.7710550, 15.0585790
2267558184: 50.7649980, 15.0563910
201958383: 50.7647280, 15.0568985
3312372930: 50.7647542, 15.0572033
4718498945: 50.7641007, 15.0552842
4718498932: 50.7641721, 15.0553380
3692592879: 50.7642216, 15.0553754
245052148: 50.7643749, 15.0555049
5305456904: 50.7644889, 15.0556387
245052140: 50.7645194, 15.0556746
604466345: 50.7645381, 15.0557049
4718498952: 50.7646133, 15.0558963
201958380: 50.7646474, 15.0560026
3474962887: 50.7605479, 15.0606199
1500534188: 50.7605064, 15.0607952
1500534187: 50.7604163, 15.0610780
1500534186: 50.7603289, 15.0613354
1500534184: 50.7601998, 15.0619757
4718499163: 50.7648450, 15.0577226
4718499167: 50.7647619, 15.0580515
4718499160: 50.7647808, 15.0580716
604466514: 50.7648018, 15.0580856
4718499168: 50.7648241, 15.0580929
611858600: 50.7685441, 15.0610602
473017543: 50.7685299, 15.0607947
3204840596: 50.7666936, 15.0703692
499616980: 50.7668088, 15.0703157
499616981: 50.7670114, 15.0701673
499616982: 50.7672594, 15.0699267
499616983: 50.7673948, 15.0697861
646535676: 50.7661433, 15.0653002
1984013815: 50.7718188, 15.0607652
1992857318: 50.7719854, 15.0604389
280900023: 50.7609738, 15.0634808
1164550024: 50.7612138, 15.0633285
1164549245: 50.7617202, 15.0628380
1500534200: 50.7637718, 15.0556576
4718498917: 50.7635916, 15.0556560
503148540: 50.7635049, 15.0556195
503148561: 50.7633204, 15.0554932
786341605: 50.7631534, 15.0553766
4718498921: 50.7630969, 15.0553481
1500534198: 50.7617000, 15.0566408
4718255603: 50.7616300, 15.0567650
280899908: 50.7615823, 15.0569085
3227926009: 50.7614785, 15.0576268
280899911: 50.7614247, 15.0578326
3227926007: 50.7612379, 15.0586036
4718255644: 50.7612175, 15.0587061
3236948594: 50.7728106, 15.0509650
3236948593: 50.7728023, 15.0510554
73299601: 50.7727754, 15.0512905
5743289487: 50.7727678, 15.0513535
604466377: 50.7650618, 15.0562400
335683648: 50.7708913, 15.0561354
3255840492: 50.7707568, 15.0560286
494661683: 50.7713936, 15.0549958
335683647: 50.7713665, 15.0553017
670702316: 50.7710386, 15.0562136
3309937435: 50.7642516, 15.0638138
4538542774: 50.7641705, 15.0638022
3309937434: 50.7641329, 15.0637965
3309937433: 50.7641020, 15.0637928
3837037186: 50.7640661, 15.0637903
3837037185: 50.7639494, 15.0637909
4718499091: 50.7638583, 15.0638430
4718499090: 50.7638201, 15.0638869
4718499092: 50.7637768, 15.0639919
280900028: 50.7637199, 15.0641435
4718499093: 50.7636843, 15.0642615
3407123843: 50.7636760, 15.0643270
280900029: 50.7636807, 15.0644228
3407123846: 50.7636786, 15.0645963
606095932: 50.7642567, 15.0640208
1499469227: 50.7642761, 15.0642771
4718255706: 50.7642880, 15.0643985
201958395: 50.7643116, 15.0645499
4718255707: 50.7643859, 15.0648978
4715807573: 50.7645878, 15.0657714
4718255713: 50.7646256, 15.0659310
201958397: 50.7646745, 15.0660750
4718255712: 50.7647397, 15.0661934
201958398: 50.7647943, 15.0662700
1841821518: 50.7648621, 15.0663310
4718255711: 50.7649449, 15.0663847
201958399: 50.7650253, 15.0664217
4718255710: 50.7652111, 15.0664886
201958400: 50.7653768, 15.0665508
4718255728: 50.7655511, 15.0666125
201958401: 50.7656589, 15.0666836
4718255729: 50.7657263, 15.0667528
201958402: 50.7658180, 15.0668739
4718255759: 50.7658707, 15.0669906
201958403: 50.7658979, 15.0670938
4718255760: 50.7659133, 15.0672548
201958405: 50.7659092, 15.0673733
604466506: 50.7647808, 15.0574436
2269952417: 50.7647836, 15.0575357
3348748492: 50.7709147, 15.0516307
4719970109: 50.7708008, 15.0534607
4719970110: 50.7708044, 15.0533994
3424472770: 50.7708174, 15.0532811
3424472776: 50.7708296, 15.0530789
945344125: 50.7679244, 15.0599720
3692575935: 50.7678993, 15.0599581
280899456: 50.7678016, 15.0598836
280899453: 50.7671646, 15.0592721
3692592876: 50.7671016, 15.0592086
2077947606: 50.7670129, 15.0591310
2535809529: 50.7686747, 15.0604021
280899391: 50.7688064, 15.0530218
4718333499: 50.7687276, 15.0529143
4718333498: 50.7686800, 15.0528702
621381303: 50.7686176, 15.0528255
3424468096: 50.7685452, 15.0528030
980018343: 50.7684158, 15.0527691
3362478665: 50.7682758, 15.0526730
4718393720: 50.7672830, 15.0554285
4718393721: 50.7673171, 15.0554185
1919425267: 50.7675059, 15.0552451
4718393722: 50.7677516, 15.0549735
499587360: 50.7708125, 15.0545999
4719970111: 50.7710034, 15.0538717
499587361: 50.7710000, 15.0537853
280899404: 50.7686684, 15.0533131
4719969819: 50.7690393, 15.0537830
280899401: 50.7692640, 15.0540113
1188192009: 50.7693639, 15.0540848
280899402: 50.7694794, 15.0541125
3424479623: 50.7702883, 15.0488734
3609102850: 50.7702907, 15.0487424
3609102851: 50.7703346, 15.0479596
280899366: 50.7704169, 15.0454798
2265914096: 50.7623311, 15.0603780
4719888556: 50.7741047, 15.0485527
4719888565: 50.7738170, 15.0492489
280899301: 50.7732256, 15.0506799
3081957757: 50.7731398, 15.0509212
1962574139: 50.7737062, 15.0668480
3406044774: 50.7735732, 15.0664445
280899475: 50.7732601, 15.0654679
637026876: 50.7731909, 15.0652756
4718254651: 50.7731471, 15.0651873
1971940086: 50.7726963, 15.0645770
2149998326: 50.7723692, 15.0641835
2251316774: 50.7732372, 15.0618095
444767241: 50.7718012, 15.0639317
3473251713: 50.7719882, 15.0642465
653594353: 50.7713169, 15.0727687
6223223199: 50.7713818, 15.0723762
653594357: 50.7714022, 15.0722531
1397484782: 50.7713909, 15.0720770
653594361: 50.7713548, 15.0719023
280986914: 50.7712310, 15.0716655
73343791: 50.7660152, 15.0675932
73296378: 50.7681410, 15.0648880
1453672704: 50.7681047, 15.0649879
4718333063: 50.7680742, 15.0650972
1915303924: 50.7633744, 15.0675238
3579308304: 50.7634312, 15.0659722
3579308305: 50.7634952, 15.0662334
1318589484: 50.7643292, 15.0633114
1499469228: 50.7642619, 15.0636674
3674626926: 50.7734507, 15.0723043
4718393936: 50.7684676, 15.0601154
4718393937: 50.7684462, 15.0600412
3342365527: 50.7684576, 15.0599250
4718499294: 50.7654544, 15.0583393
4718499157: 50.7653995, 15.0583421
4538542772: 50.7653650, 15.0583307
4538542769: 50.7653356, 15.0582953
4538542761: 50.7653019, 15.0582406
4538542766: 50.7652535, 15.0581480
4718499158: 50.7652088, 15.0580607
4718499175: 50.7651741, 15.0579995
4538542765: 50.7651280, 15.0579455
4538542764: 50.7650279, 15.0578731
4718499130: 50.7647214, 15.0598660
3837037193: 50.7647176, 15.0597805
4718499152: 50.7647053, 15.0595210
606095820: 50.7646898, 15.0592520
1898922763: 50.7646702, 15.0590832
2067181892: 50.7646479, 15.0590093
2535809544: 50.7701805, 15.0604863
73413042: 50.7701269, 15.0605922
4820443850: 50.7716124, 15.0556979
4718333335: 50.7694983, 15.0582191
4720169122: 50.7634665, 15.0534456
4720169121: 50.7635041, 15.0533429
4720169120: 50.7635622, 15.0533131
4887587872: 50.7636529, 15.0532523
4720169119: 50.7638377, 15.0531930
696443728: 50.7640281, 15.0531361
4720169117: 50.7643023, 15.0530618
696443731: 50.7646114, 15.0529591
4720169118: 50.7648549, 15.0529145
1930990384: 50.7652844, 15.0528253
4718290251: 50.7693174, 15.0546205
2298089966: 50.7715194, 15.0657086
2298089965: 50.7711125, 15.0658960
4718393745: 50.7709543, 15.0659666
280899480: 50.7709052, 15.0659911
4825357132: 50.7702099, 15.0607291
4825357141: 50.7701961, 15.0607021
4825357130: 50.7700470, 15.0605202
4825357129: 50.7699694, 15.0604709
4825357128: 50.7698720, 15.0604327
4825374640: 50.7692836, 15.0603099
6075455170: 50.7691159, 15.0602745
4825357127: 50.7687031, 15.0601874
499587353: 50.7700440, 15.0556574
499587354: 50.7704956, 15.0558213
696428226: 50.7683705, 15.0538772
205428097: 50.7709245, 15.0665048
7108662321: 50.7709057, 15.0662802
205428100: 50.7709044, 15.0651994
611791245: 50.7708982, 15.0648306
2004781473: 50.7708711, 15.0645284
2004781477: 50.7708004, 15.0641171
4718393746: 50.7707725, 15.0639444
2200494399: 50.7598291, 15.0604679
280900013: 50.7599856, 15.0601901
4718255652: 50.7600487, 15.0601310
280900012: 50.7601164, 15.0601072
4718255653: 50.7601928, 15.0601055
4718255680: 50.7602570, 15.0601228
2290809674: 50.7729079, 15.0517382
4719888517: 50.7728432, 15.0516815
4719888518: 50.7727953, 15.0516582
4719888523: 50.7726646, 15.0523524
4719888524: 50.7727104, 15.0522050
4719888519: 50.7727567, 15.0520723
4719888521: 50.7728058, 15.0520005
4719888520: 50.7728432, 15.0519685
612457974: 50.7729103, 15.0519459
4719888531: 50.7729707, 15.0519588
2290809675: 50.7730583, 15.0520165
604466517: 50.7649538, 15.0579266
3837037202: 50.7649514, 15.0578665
5437737377: 50.7633807, 15.0734944
2067181898: 50.7656082, 15.0582871
649481712: 50.7655946, 15.0582914
6063143523: 50.7655763, 15.0583017
4718499302: 50.7657312, 15.0593628
6061559403: 50.7622491, 15.0466023
1972878372: 50.7621147, 15.0467163
6977942876: 50.7618747, 15.0469790
6977942880: 50.7618570, 15.0469653
6981405544: 50.7618339, 15.0469528
6409700213: 50.7618054, 15.0469485
2000463366: 50.7617031, 15.0470025
725212217: 50.7613342, 15.0472970
6064567236: 50.7613711, 15.0473986
6977942878: 50.7617891, 15.0471188
6069422687: 50.7618151, 15.0471196
6271177604: 50.7618389, 15.0471261
6069422686: 50.7618690, 15.0471464
6977954590: 50.7621899, 15.0474784
6069422688: 50.7621172, 15.0473693
6977954589: 50.7620728, 15.0472898
1972878461: 50.7620459, 15.0472195
6409700212: 50.7620304, 15.0471633
1972878376: 50.7620218, 15.0471037
6977954634: 50.7620704, 15.0467279
1919425248: 50.7625394, 15.0463654
612405387: 50.7624926, 15.0464005
1972878481: 50.7620401, 15.0469120
6977954586: 50.7621007, 15.0468720
3605062410: 50.7621557, 15.0468317
2535857394: 50.7622880, 15.0467152
2535857400: 50.7624575, 15.0465755
2535857415: 50.7625289, 15.0465167
2535857413: 50.7625722, 15.0464538
6069422689: 50.7620664, 15.0468456
6977942884: 50.7620917, 15.0467929
6977954585: 50.7620256, 15.0470440
6402077450: 50.7620323, 15.0470037
6069422690: 50.7620453, 15.0469613
6977954587: 50.7620678, 15.0469180
3407123832: 50.7621429, 15.0475048
6271154268: 50.7715729, 15.0573465
4718499171: 50.7649456, 15.0579784
280899967: 50.7595536, 15.0635682
280900002: 50.7596375, 15.0635378
1990912621: 50.7637293, 15.0454751
1932515752: 50.7641845, 15.0451332
265770710: 50.7643925, 15.0449877
265770709: 50.7648209, 15.0447045
6074391285: 50.7618900, 15.0469937
6977954636: 50.7619584, 15.0469552
6977942877: 50.7619153, 15.0468603
6977954633: 50.7619013, 15.0468831
6271177607: 50.7618875, 15.0469193
6977942881: 50.7618801, 15.0469515
6977954637: 50.7619870, 15.0471287
6977954638: 50.7619626, 15.0470860
6977954639: 50.7619238, 15.0470330
612457993: 50.7700769, 15.0606421
612405645: 50.7663515, 15.0512965
4719102251: 50.7664994, 15.0510289
612405606: 50.7665562, 15.0509363
4719102250: 50.7666263, 15.0508456
3362478658: 50.7667268, 15.0507874
4720169154: 50.7652088, 15.0518514
4718496661: 50.7651186, 15.0516945
2535809522: 50.7698471, 15.0606744
1164572158: 50.7625373, 15.0683875
4719102232: 50.7656779, 15.0527625
1972878367: 50.7651851, 15.0516133
4718496662: 50.7652764, 15.0515401
4718496663: 50.7653267, 15.0515118
4718496664: 50.7653960, 15.0514423
4718496665: 50.7653914, 15.0513683
4718496666: 50.7653781, 15.0513062
316533955: 50.7653115, 15.0510816
503148688: 50.7626686, 15.0553912
4718255035: 50.7625719, 15.0554786
4718255483: 50.7622565, 15.0558889
503148607: 50.7629995, 15.0553371
786341546: 50.7627996, 15.0553465
1924102075: 50.7692749, 15.0488011
280899474: 50.7702112, 15.0575072
6977942882: 50.7620194, 15.0470409
6977942883: 50.7620253, 15.0469792
3254965838: 50.7714084, 15.0692566
3254965837: 50.7713810, 15.0692035
4720169069: 50.7631610, 15.0516872
503148789: 50.7621016, 15.0560932
503148800: 50.7618401, 15.0564434
4719094961: 50.7683923, 15.0550420
4719969818: 50.7695250, 15.0541120
1188190719: 50.7695581, 15.0541231
1188191311: 50.7697077, 15.0542288
3424479627: 50.7699005, 15.0543524
4719969817: 50.7696124, 15.0532653
1288250147: 50.7695369, 15.0538333
