21311876: 50.0863263, 14.4651065
307159457: 50.0861718, 14.4651771
170353801: 50.0860843, 14.4653232
21673415: 50.0902814, 14.4680676
29527232: 50.0904029, 14.4680316
25662421: 50.0898695, 14.4479178
25662369: 50.0885844, 14.4431367
3680305552: 50.0884956, 14.4431198
26395525: 50.0772085, 14.4407207
26395516: 50.0777690, 14.4420184
1138624705: 50.0783631, 14.4421219
26395504: 50.0784021, 14.4421287
26395510: 50.0784331, 14.4437263
1138624792: 50.0783746, 14.4437327
2273223013: 50.0777754, 14.4437980
26395517: 50.0776904, 14.4438073
26395542: 50.0762583, 14.4457940
26396028: 50.0762869, 14.4503599
1140083384: 50.0785442, 14.4517934
2074831080: 50.0784756, 14.4518233
5366957565: 50.0783791, 14.4518630
26396039: 50.0779703, 14.4520312
26395910: 50.0783608, 14.4485016
306703123: 50.0783727, 14.4486996
1140083377: 50.0784698, 14.4500744
974932506: 50.0784727, 14.4501068
29538438: 50.0866871, 14.4528924
2194266891: 50.0864037, 14.4528816
29381029: 50.0865551, 14.4522471
1131753321: 50.0864836, 14.4521960
29381027: 50.0851483, 14.4512417
29381030: 50.0845959, 14.4488175
4704851070: 50.0846080, 14.4488167
1110084834: 50.0846647, 14.4488221
332212279: 50.0847279, 14.4488467
5941067131: 50.0852810, 14.4496657
29381033: 50.0853272, 14.4497341
297625484: 50.0856832, 14.4472658
334886863: 50.0856851, 14.4473034
334886847: 50.0857016, 14.4480805
29381037: 50.0857041, 14.4483827
29381085: 50.0824882, 14.4535813
1138616748: 50.0825011, 14.4537312
1138616576: 50.0825785, 14.4549039
1138616676: 50.0825958, 14.4551210
29381084: 50.0826159, 14.4553033
357631290: 50.0846370, 14.4554292
1138616660: 50.0846915, 14.4554984
29381019: 50.0848196, 14.4556334
29403191: 50.0839921, 14.4534849
1138624651: 50.0840275, 14.4533418
308815174: 50.0841306, 14.4525449
2681371747: 50.0842670, 14.4514328
1138616634: 50.0842736, 14.4513792
2681371748: 50.0842779, 14.4513427
29403192: 50.0843003, 14.4511548
29403202: 50.0799543, 14.4560754
29403203: 50.0797484, 14.4547692
29403204: 50.0795583, 14.4534510
2420223909: 50.0792904, 14.4516732
29403200: 50.0792642, 14.4514990
29403242: 50.0813072, 14.4597593
1134613283: 50.0812810, 14.4595948
29403243: 50.0810732, 14.4582889
29403244: 50.0808795, 14.4571308
29403206: 50.0806518, 14.4557742
29403247: 50.0796013, 14.4446508
1138624793: 50.0796127, 14.4447206
29403246: 50.0798150, 14.4459590
1138617403: 50.0800237, 14.4471590
29403249: 50.0800415, 14.4472773
29403255: 50.0806661, 14.4463390
1138624657: 50.0806406, 14.4461938
1328266780: 50.0803421, 14.4444058
29403256: 50.0803341, 14.4443556
29381041: 50.0822562, 14.4500879
1110084825: 50.0822188, 14.4494524
29381039: 50.0822039, 14.4491988
29403407: 50.0819899, 14.4444118
3773060071: 50.0820125, 14.4445079
29403406: 50.0824257, 14.4462675
29403405: 50.0826883, 14.4474270
29403404: 50.0831357, 14.4493013
29403424: 50.0844805, 14.4405300
1110084777: 50.0844668, 14.4406502
366429318: 50.0844342, 14.4412327
5375927726: 50.0844130, 14.4416149
1110084782: 50.0843981, 14.4416654
29403428: 50.0843672, 14.4417223
29405003: 50.0797976, 14.4506723
1140079677: 50.0798680, 14.4506203
29403252: 50.0808682, 14.4498813
307473970: 50.0809411, 14.4498496
1140079600: 50.0809882, 14.4498228
1140079529: 50.0813059, 14.4496421
3429944756: 50.0814133, 14.4495810
236980909: 50.0815109, 14.4495254
1110084778: 50.0821203, 14.4492382
29403411: 50.0799722, 14.4511669
4213597568: 50.0799055, 14.4511982
1140079627: 50.0798429, 14.4512275
2409213442: 50.0790912, 14.4515718
29403770: 50.0807046, 14.4484227
307474460: 50.0806359, 14.4483020
630075867: 50.0805429, 14.4482314
244520269: 50.0804396, 14.4482216
1138617392: 50.0803771, 14.4482552
29403248: 50.0803417, 14.4482742
244520568: 50.0802643, 14.4483812
307474462: 50.0802189, 14.4485262
244520278: 50.0802127, 14.4486872
1138617388: 50.0802332, 14.4488060
29403250: 50.0802513, 14.4488617
307474464: 50.0803151, 14.4489604
630075872: 50.0804081, 14.4490310
244520277: 50.0805114, 14.4490407
1138617395: 50.0805619, 14.4490136
29403251: 50.0806093, 14.4489881
307474458: 50.0806867, 14.4488812
630075876: 50.0807321, 14.4487362
244520276: 50.0807383, 14.4485752
1138617402: 50.0807150, 14.4484698
29403310: 50.0812061, 14.4454906
3773060065: 50.0808473, 14.4460592
1138617397: 50.0799571, 14.4473931
1138616512: 50.0790804, 14.4481214
26395909: 50.0789757, 14.4482146
26395511: 50.0785261, 14.4450391
1138624711: 50.0785944, 14.4450144
1838277760: 50.0788015, 14.4449358
1138624724: 50.0797492, 14.4445961
1328266792: 50.0804293, 14.4443175
3773060067: 50.0811390, 14.4440572
3773060068: 50.0813021, 14.4440031
29403311: 50.0814048, 14.4440995
1110084780: 50.0842442, 14.4511380
274841652: 50.0840687, 14.4510969
332148431: 50.0840064, 14.4511425
29527230: 50.0903018, 14.4677800
29381031: 50.0867754, 14.4518266
357626994: 50.0870060, 14.4513671
1131753412: 50.0870558, 14.4513016
21673404: 50.0871269, 14.4512125
29381036: 50.0860046, 14.4483593
334886849: 50.0860316, 14.4485585
29403436: 50.0861995, 14.4498972
29381032: 50.0858548, 14.4504997
29403197: 50.0850822, 14.4442799
4704851041: 50.0850979, 14.4442799
1138624682: 50.0851838, 14.4442814
29538296: 50.0856366, 14.4443155
629965497: 50.0814752, 14.4455797
29403417: 50.0839559, 14.4490227
1110084779: 50.0845366, 14.4488394
4704851071: 50.0845805, 14.4488164
1138616560: 50.0823279, 14.4501042
29403403: 50.0833819, 14.4503436
1138624650: 50.0787485, 14.4463619
26396228: 50.0786814, 14.4463873
1140083360: 50.0779828, 14.4521654
26396244: 50.0781727, 14.4542119
26396247: 50.0782858, 14.4553810
29527227: 50.0825717, 14.4590952
660027281: 50.0825934, 14.4593152
307184535: 50.0826142, 14.4594672
1483392055: 50.0826397, 14.4596809
3450010700: 50.0827408, 14.4605277
339049047: 50.0828370, 14.4613335
25972992: 50.0829210, 14.4619900
339049053: 50.0830228, 14.4627411
1134588970: 50.0831252, 14.4634141
25972994: 50.0831735, 14.4637313
4761483230: 50.0831764, 14.4637503
343664832: 50.0833634, 14.4649646
25972996: 50.0834171, 14.4653223
1134589006: 50.0834447, 14.4654890
384773256: 50.0834654, 14.4656129
384773273: 50.0836635, 14.4668361
25973017: 50.0836771, 14.4669127
384773276: 50.0836904, 14.4669942
384773278: 50.0837142, 14.4671826
384773286: 50.0838172, 14.4678408
1134588958: 50.0838385, 14.4679759
305842432: 50.0841642, 14.4700655
1826305773: 50.0842259, 14.4704766
1134589020: 50.0842345, 14.4705370
25973022: 50.0842525, 14.4706680
29527226: 50.0842842, 14.4708585
25972978: 50.0844454, 14.4705986
1134588968: 50.0844258, 14.4704666
304320921: 50.0843889, 14.4702182
170348063: 50.0843465, 14.4699920
4142243986: 50.0843041, 14.4697777
363483696: 50.0841938, 14.4690839
363483693: 50.0841433, 14.4687607
1134588980: 50.0840101, 14.4679082
25972980: 50.0838333, 14.4668393
1134589016: 50.0836214, 14.4654257
25972983: 50.0836004, 14.4652916
343667027: 50.0835781, 14.4651515
25972985: 50.0833369, 14.4636829
1134589001: 50.0832055, 14.4628192
306614568: 50.0830798, 14.4619260
25972990: 50.0829841, 14.4611587
4761483231: 50.0828253, 14.4597989
32438801: 50.0867211, 14.4696568
244011409: 50.0867452, 14.4697511
4142343067: 50.0867508, 14.4697879
21311892: 50.0867648, 14.4698525
25973088: 50.0891258, 14.4669686
1131776561: 50.0893320, 14.4682489
29527229: 50.0893409, 14.4683028
25973228: 50.0898191, 14.4710484
1557397569: 50.0907151, 14.4706922
21673416: 50.0907510, 14.4706768
257821852: 50.0908065, 14.4706499
4579534248: 50.0908342, 14.4706390
29527237: 50.0908924, 14.4706104
25973229: 50.0901358, 14.4728508
29528633: 50.0836886, 14.4478277
1138616605: 50.0837522, 14.4478091
29528641: 50.0846623, 14.4475435
29403194: 50.0847417, 14.4475216
332304483: 50.0839235, 14.4533874
29403401: 50.0834757, 14.4528490
29528823: 50.0873735, 14.4720531
390563261: 50.0874893, 14.4720991
29528834: 50.0881784, 14.4724213
29538252: 50.0817835, 14.4567657
317680163: 50.0817259, 14.4567890
3549257359: 50.0821429, 14.4537291
1138616658: 50.0813294, 14.4540774
29403413: 50.0812520, 14.4541106
26395973: 50.0762648, 14.4477060
344481246: 50.0899908, 14.4679839
21311321: 50.0873624, 14.4530966
21311322: 50.0873611, 14.4529152
25973309: 50.0893964, 14.4668171
1131753366: 50.0891126, 14.4653433
25973239: 50.0890835, 14.4651921
25973247: 50.0875159, 14.4605640
1035742692: 50.0875307, 14.4606473
25973246: 50.0876606, 14.4613780
21673419: 50.0900296, 14.4664346
1131776643: 50.0899394, 14.4665147
25973238: 50.0896536, 14.4648513
1131753322: 50.0895800, 14.4648942
1131753273: 50.0891645, 14.4651435
1131753393: 50.0890131, 14.4652314
25973240: 50.0884715, 14.4655334
307211303: 50.0898007, 14.4611183
3509790192: 50.0898046, 14.4611785
1229196584: 50.0897974, 14.4612776
1258717868: 50.0897889, 14.4614986
1258717867: 50.0897908, 14.4618372
109819819: 50.0898240, 14.4630123
21311324: 50.0865517, 14.4625145
603696835: 50.0865818, 14.4626295
1676873898: 50.0867611, 14.4633147
1676873899: 50.0867911, 14.4634295
21311325: 50.0870070, 14.4642544
352906041: 50.0870455, 14.4643031
352906040: 50.0870846, 14.4642949
352906043: 50.0871646, 14.4642634
25973243: 50.0885387, 14.4624188
369827748: 50.0882363, 14.4625562
25973266: 50.0879308, 14.4627084
1035742535: 50.0877428, 14.4613398
369827744: 50.0879725, 14.4612328
1035743374: 50.0882189, 14.4611257
25973245: 50.0882849, 14.4610970
352906037: 50.0866237, 14.4612016
4785352243: 50.0866914, 14.4611525
25973251: 50.0869118, 14.4609926
1131753399: 50.0869663, 14.4609539
357625479: 50.0875532, 14.4605304
1035743157: 50.0875982, 14.4604975
794638467: 50.0878657, 14.4603017
794638622: 50.0879576, 14.4602333
21673409: 50.0881009, 14.4601265
1035742924: 50.0885339, 14.4598236
25973235: 50.0886245, 14.4597632
25973236: 50.0889496, 14.4615317
1035742544: 50.0888675, 14.4615742
25973244: 50.0884234, 14.4617883
29403416: 50.0841799, 14.4500008
332148428: 50.0841492, 14.4499191
29538417: 50.0834174, 14.4582798
357630850: 50.0835764, 14.4580918
244178515: 50.0839187, 14.4576240
29381018: 50.0842145, 14.4570537
3089707585: 50.0844512, 14.4565070
1138616737: 50.0847568, 14.4557720
25973094: 50.0870794, 14.4703403
390563262: 50.0873337, 14.4718404
282805753: 50.0873858, 14.4723083
343803883: 50.0872804, 14.4730210
29528824: 50.0872309, 14.4735923
26395515: 50.0780579, 14.4396181
794660622: 50.0866189, 14.4600602
1131753238: 50.0869284, 14.4610906
25973264: 50.0870326, 14.4616753
1131753296: 50.0870477, 14.4617538
1131753299: 50.0872630, 14.4629176
1676873904: 50.0872784, 14.4629986
25973265: 50.0872858, 14.4630371
1131753455: 50.0873000, 14.4631161
352906038: 50.0873981, 14.4636372
603700526: 50.0874720, 14.4639902
21311329: 50.0874984, 14.4641165
21311332: 50.0878413, 14.4658805
1131753360: 50.0873040, 14.4529233
1131753552: 50.0897143, 14.4648175
29538575: 50.0902043, 14.4645383
1131776617: 50.0900934, 14.4663990
29538577: 50.0904884, 14.4661632
426146749: 50.0905747, 14.4661218
332148830: 50.0859310, 14.4392594
977504720: 50.0859644, 14.4392578
1838588092: 50.0861070, 14.4394098
1229196570: 50.0862657, 14.4396176
21673402: 50.0867219, 14.4483155
1560688346: 50.0866833, 14.4483182
334886852: 50.0860714, 14.4483617
29542534: 50.0872682, 14.4432824
658936829: 50.0873154, 14.4430658
29403198: 50.0851526, 14.4433805
1138624757: 50.0850096, 14.4433631
308818011: 50.0839915, 14.4432552
483265759: 50.0838342, 14.4432405
1110084847: 50.0834626, 14.4432102
1110084788: 50.0833645, 14.4432274
29403426: 50.0832649, 14.4432689
29403193: 50.0844297, 14.4501189
1110084786: 50.0843775, 14.4501013
1110084832: 50.0842254, 14.4500485
26395920: 50.0784940, 14.4503794
1140083396: 50.0785663, 14.4503243
1140083390: 50.0793632, 14.4496524
26395933: 50.0794331, 14.4495934
1138616645: 50.0794958, 14.4495353
4213597578: 50.0802104, 14.4488982
21673271: 50.0906688, 14.4427802
25662420: 50.0895217, 14.4462563
1229196549: 50.0899087, 14.4481044
1229196580: 50.0901737, 14.4493668
25662435: 50.0902139, 14.4495704
1229196538: 50.0902515, 14.4497483
1229196608: 50.0909242, 14.4529343
21311309: 50.0909545, 14.4530787
301162210: 50.0910149, 14.4654221
1035742611: 50.0910287, 14.4653135
31624840: 50.0910334, 14.4652099
31624842: 50.0909029, 14.4638068
31624844: 50.0906059, 14.4608485
31624845: 50.0903878, 14.4596587
305839054: 50.0900698, 14.4581317
1817559258: 50.0894357, 14.4548421
109704301: 50.0888414, 14.4517582
4722461029: 50.0888252, 14.4516756
1330676048: 50.0887845, 14.4514680
31624847: 50.0887509, 14.4513762
1826281368: 50.0777230, 14.4583850
4714734788: 50.0776918, 14.4583982
1685234042: 50.0776725, 14.4584064
4714734868: 50.0776642, 14.4584098
1826281349: 50.0776235, 14.4584267
29403435: 50.0859938, 14.4473430
29403434: 50.0862492, 14.4461919
60710653: 50.0892309, 14.4449079
297804987: 50.0892866, 14.4445883
297804988: 50.0893842, 14.4441437
21673406: 50.0866427, 14.4553839
1131753298: 50.0867420, 14.4553643
1131753603: 50.0872593, 14.4552869
21673405: 50.0873501, 14.4552711
369774299: 50.0853384, 14.4573354
29538434: 50.0856904, 14.4570680
133014835: 50.0878231, 14.4448631
83232391: 50.0876631, 14.4446015
83232394: 50.0874876, 14.4442512
83232398: 50.0873440, 14.4437619
293280583: 50.0873207, 14.4436991
83232402: 50.0872015, 14.4436017
108497070: 50.0768943, 14.4703571
108497072: 50.0768140, 14.4686562
26395527: 50.0769793, 14.4439072
4714734854: 50.0769593, 14.4439060
1399980341: 50.0768904, 14.4439062
307460002: 50.0766076, 14.4439065
3110168367: 50.0763852, 14.4439023
1399980340: 50.0763394, 14.4439030
29403412: 50.0807332, 14.4528981
1138616743: 50.0806327, 14.4529454
26396050: 50.0774985, 14.4557189
4714734864: 50.0774854, 14.4557242
1140094967: 50.0774180, 14.4557516
1140094994: 50.0765769, 14.4560936
26396031: 50.0764809, 14.4561327
4714734783: 50.0775153, 14.4557117
1140083405: 50.0775817, 14.4556832
1140083385: 50.0781934, 14.4554207
21311874: 50.0873817, 14.4670297
1131776559: 50.0873946, 14.4670756
307156827: 50.0875632, 14.4676176
1131776575: 50.0877052, 14.4682438
170353806: 50.0877211, 14.4683143
306273677: 50.0842403, 14.4700400
4142243982: 50.0842751, 14.4700243
1134588956: 50.0844158, 14.4699499
307159452: 50.0867366, 14.4668479
307159454: 50.0870258, 14.4676346
170353802: 50.0872231, 14.4682960
170353803: 50.0873335, 14.4684258
170353804: 50.0874216, 14.4684516
170353805: 50.0875312, 14.4684272
4951190466: 50.0908901, 14.4531173
21311310: 50.0904868, 14.4533561
2194266892: 50.0866893, 14.4523452
29538315: 50.0837738, 14.4545661
244178516: 50.0840136, 14.4538202
308815175: 50.0840566, 14.4537027
29381025: 50.0851111, 14.4527936
1131753610: 50.0861310, 14.4528677
29381024: 50.0862310, 14.4528750
338607123: 50.0850936, 14.4534258
1138616563: 50.0850786, 14.4535157
60710655: 50.0850653, 14.4535956
5941067130: 50.0853138, 14.4498469
1138616701: 50.0808186, 14.4528619
3547497573: 50.0818115, 14.4524415
1110084850: 50.0823156, 14.4522548
29381086: 50.0823899, 14.4522273
1110084781: 50.0824043, 14.4524260
1138616527: 50.0822724, 14.4503470
1110084775: 50.0823751, 14.4519904
332212461: 50.0830142, 14.4492961
332212458: 50.0823218, 14.4491477
1110084793: 50.0822601, 14.4491630
29403195: 50.0848451, 14.4465845
1138624691: 50.0849147, 14.4465791
29538288: 50.0856796, 14.4465529
236979331: 50.0817707, 14.4474991
1110084783: 50.0817113, 14.4475466
236980908: 50.0811229, 14.4480398
1138624771: 50.0806796, 14.4464741
26395951: 50.0786146, 14.4517688
1140083348: 50.0786382, 14.4519172
26396051: 50.0788573, 14.4537682
1140083379: 50.0790139, 14.4549499
26396052: 50.0790309, 14.4550779
1140083370: 50.0785937, 14.4516089
660027280: 50.0824761, 14.4592257
307184496: 50.0824216, 14.4592746
1826208695: 50.0823213, 14.4593946
342314294: 50.0822075, 14.4594567
29538255: 50.0821369, 14.4594952
21673293: 50.0775910, 14.4570285
1826281340: 50.0775577, 14.4572233
1826281345: 50.0776082, 14.4581713
1826281347: 50.0776112, 14.4582272
21311909: 50.0760140, 14.4691505
459530059: 50.0761580, 14.4695096
448751272: 50.0762607, 14.4697712
306508720: 50.0782657, 14.4730313
306508722: 50.0777411, 14.4730570
25972888: 50.0775403, 14.4730229
26396032: 50.0765686, 14.4574510
1140094992: 50.0766442, 14.4574198
1140094977: 50.0774757, 14.4570761
4714734866: 50.0775790, 14.4570335
1483392071: 50.0829221, 14.4587743
236822139: 50.0840808, 14.4536242
332304236: 50.0841925, 14.4527814
236822140: 50.0842563, 14.4527286
32438752: 50.0825718, 14.4578129
1138616727: 50.0825101, 14.4571972
1826208701: 50.0825022, 14.4569482
1826208703: 50.0825064, 14.4567330
244178519: 50.0825131, 14.4566645
1826208693: 50.0823895, 14.4564463
1138616515: 50.0823662, 14.4566234
244178520: 50.0823463, 14.4568852
1138616702: 50.0823469, 14.4570607
244178522: 50.0823660, 14.4574050
244178525: 50.0824621, 14.4582005
1826208710: 50.0825018, 14.4585457
305832262: 50.0825145, 14.4586467
307184500: 50.0825372, 14.4588103
267221325: 50.0906845, 14.4694888
282546214: 50.0889113, 14.4432540
1549257722: 50.0889372, 14.4433930
60710652: 50.0891132, 14.4443362
408877898: 50.0873203, 14.4736388
408877922: 50.0875837, 14.4736122
408877903: 50.0878070, 14.4735875
25972967: 50.0834384, 14.4781286
2720402951: 50.0834068, 14.4778818
1138564346: 50.0833746, 14.4776343
1138564396: 50.0833398, 14.4773892
1138564333: 50.0833222, 14.4772523
2720402946: 50.0832157, 14.4763869
2720402944: 50.0831594, 14.4759166
2720411297: 50.0829093, 14.4739297
2720411295: 50.0827832, 14.4729302
365204108: 50.0826564, 14.4719398
1229196636: 50.0892548, 14.4450507
357626985: 50.0862866, 14.4566087
2580740948: 50.0860960, 14.4559731
2580740946: 50.0859897, 14.4556186
29528643: 50.0846812, 14.4543406
1138616729: 50.0846355, 14.4544308
1138616573: 50.0843613, 14.4549605
29538329: 50.0843022, 14.4550888
297625673: 50.0855378, 14.4542023
1138616662: 50.0854820, 14.4541303
297625675: 50.0852291, 14.4538039
1138616728: 50.0851111, 14.4536538
60710654: 50.0899821, 14.4445468
1138616549: 50.0790359, 14.4484174
2280121209: 50.0792194, 14.4489743
1138624713: 50.0789425, 14.4480192
1138624737: 50.0786293, 14.4460569
26395512: 50.0786052, 14.4459042
2273223015: 50.0784614, 14.4441353
1110084784: 50.0812444, 14.4453157
1110084789: 50.0837671, 14.4425279
483265762: 50.0836777, 14.4426528
25662307: 50.0897883, 14.4432258
3815962567: 50.0899323, 14.4431610
2564082355: 50.0900487, 14.4431056
244011415: 50.0893591, 14.4684008
4142343074: 50.0893675, 14.4684507
25973226: 50.0893786, 14.4685163
1131776611: 50.0893969, 14.4686206
305851435: 50.0896240, 14.4699180
108497074: 50.0773369, 14.4686099
21673273: 50.0905272, 14.4421935
26396507: 50.0772668, 14.4678231
26396505: 50.0771823, 14.4678347
304887318: 50.0847663, 14.4698120
1676873864: 50.0847520, 14.4697217
5188095529: 50.0846370, 14.4690715
304893486: 50.0842446, 14.4666656
344481648: 50.0841344, 14.4667083
344481655: 50.0840031, 14.4667592
1545766121: 50.0839074, 14.4667954
4142243967: 50.0838091, 14.4668805
4142243966: 50.0837725, 14.4668981
244178544: 50.0837386, 14.4669144
21311890: 50.0871993, 14.4696274
4142343068: 50.0871882, 14.4695704
244011411: 50.0871797, 14.4695271
21311889: 50.0871606, 14.4694511
305809334: 50.0769953, 14.4426630
4714734852: 50.0769757, 14.4426629
1572509559: 50.0769083, 14.4426626
1572509535: 50.0763070, 14.4426597
305809335: 50.0762407, 14.4426594
305828853: 50.0804323, 14.4544762
305830601: 50.0825385, 14.4558106
1826208700: 50.0824809, 14.4560320
244178518: 50.0821142, 14.4561427
1138616625: 50.0821917, 14.4563819
1826208681: 50.0822776, 14.4565983
1138616580: 50.0822964, 14.4566410
1826208690: 50.0823218, 14.4567295
29403414: 50.0817520, 14.4553086
1138616698: 50.0816690, 14.4553229
274841687: 50.0815959, 14.4553439
1676873869: 50.0848474, 14.4697803
4758772417: 50.0857620, 14.4694090
170348064: 50.0862650, 14.4692178
170348066: 50.0863571, 14.4690982
170348067: 50.0864152, 14.4689066
170348069: 50.0864233, 14.4686356
170348071: 50.0863168, 14.4682250
170348072: 50.0862936, 14.4680657
170348073: 50.0863387, 14.4679437
170348075: 50.0864099, 14.4678966
21311887: 50.0865266, 14.4678386
29381091: 50.0859512, 14.4579427
357625521: 50.0862305, 14.4577425
1138616621: 50.0846233, 14.4542705
1138616677: 50.0841216, 14.4536728
334886840: 50.0856099, 14.4482569
1138616520: 50.0848482, 14.4472221
29381035: 50.0847847, 14.4471273
3420638558: 50.0770855, 14.4662035
1140125888: 50.0770786, 14.4660991
1140114583: 50.0770186, 14.4649851
1685234033: 50.0770116, 14.4648913
1140114590: 50.0770063, 14.4647674
1140094978: 50.0769469, 14.4637417
1685234030: 50.0769422, 14.4636276
1140095008: 50.0769309, 14.4634767
25972895: 50.0768643, 14.4624259
1140094999: 50.0768057, 14.4613696
25972896: 50.0767959, 14.4612489
29538414: 50.0839139, 14.4606880
357630945: 50.0839724, 14.4615467
29538415: 50.0839790, 14.4616369
29538416: 50.0836916, 14.4617329
2252772317: 50.0835239, 14.4617806
1134589003: 50.0831477, 14.4619092
29403418: 50.0834874, 14.4469939
1138624725: 50.0835629, 14.4469708
29528634: 50.0847224, 14.4466160
29403309: 50.0818655, 14.4478909
1138616556: 50.0835118, 14.4470948
1138624756: 50.0834617, 14.4468838
1110084831: 50.0827935, 14.4440243
29403415: 50.0827518, 14.4439333
1131753265: 50.0873574, 14.4630041
1131753517: 50.0871009, 14.4616379
21311893: 50.0825959, 14.4715476
4142243954: 50.0825873, 14.4714601
310312761: 50.0825819, 14.4714051
310312762: 50.0825759, 14.4713320
1140083371: 50.0783609, 14.4553505
1140083367: 50.0789351, 14.4551169
1140083382: 50.0775087, 14.4546169
4714734782: 50.0774550, 14.4546497
26396047: 50.0774382, 14.4546599
26396040: 50.0773238, 14.4522938
4714734860: 50.0773101, 14.4522976
1140095011: 50.0772236, 14.4523215
1140088584: 50.0763642, 14.4525594
26396029: 50.0762952, 14.4525785
1140088591: 50.0762073, 14.4526013
1140088625: 50.0754815, 14.4527899
26396223: 50.0754070, 14.4528072
26395540: 50.0762339, 14.4419661
332148829: 50.0853998, 14.4403493
1110084785: 50.0854506, 14.4403799
25656553: 50.0860728, 14.4407116
29403432: 50.0861751, 14.4417789
1994461397: 50.0844655, 14.4418434
366429306: 50.0845488, 14.4418559
332148912: 50.0846703, 14.4418631
332148913: 50.0847649, 14.4419528
1110084805: 50.0850784, 14.4419908
332148914: 50.0852152, 14.4420271
26396472: 50.0784112, 14.4567057
1140083393: 50.0777243, 14.4569760
4714734785: 50.0776061, 14.4570225
1449046826: 50.0819736, 14.4394944
1138624698: 50.0819878, 14.4396176
2245320225: 50.0819272, 14.4400045
334352121: 50.0819108, 14.4401336
332148831: 50.0854510, 14.4402272
29403433: 50.0863329, 14.4432302
297625530: 50.0863391, 14.4445908
306275532: 50.0859821, 14.4443222
29538253: 50.0820042, 14.4579217
1138616752: 50.0819919, 14.4577890
1138616533: 50.0818451, 14.4568658
26396054: 50.0793798, 14.4577498
343279121: 50.0799976, 14.4574838
26396473: 50.0785443, 14.4580432
343279130: 50.0796899, 14.4561956
26396053: 50.0792131, 14.4563832
1140083395: 50.0782992, 14.4555227
26395541: 50.0762508, 14.4439018
26395972: 50.0762807, 14.4490339
1140095003: 50.0763605, 14.4490322
307460012: 50.0770362, 14.4490171
4714734857: 50.0771320, 14.4489811
26395968: 50.0771491, 14.4489756
25973227: 50.0899706, 14.4719496
3442776768: 50.0899524, 14.4718412
1131776656: 50.0882114, 14.4724312
300146864: 50.0884459, 14.4725012
282805752: 50.0887332, 14.4724682
390564647: 50.0889483, 14.4723951
29403189: 50.0824576, 14.4564582
1826208712: 50.0825090, 14.4564554
305832264: 50.0826182, 14.4564472
306612808: 50.0830060, 14.4563034
29381016: 50.0832751, 14.4561939
26396055: 50.0795037, 14.4589300
26396474: 50.0786568, 14.4592369
546203737: 50.0789641, 14.4591255
1131753461: 50.0893540, 14.4632642
25973237: 50.0892980, 14.4632893
21311328: 50.0872127, 14.4637481
1131753324: 50.0872478, 14.4636994
1131753270: 50.0873159, 14.4636673
21311326: 50.0872466, 14.4642229
352906039: 50.0872847, 14.4641564
21311327: 50.0872857, 14.4640893
1131753357: 50.0872254, 14.4638572
1131753468: 50.0871439, 14.4636757
1676873900: 50.0870231, 14.4632683
603696837: 50.0869899, 14.4631563
352906042: 50.0869224, 14.4629233
1560688357: 50.0867838, 14.4483132
306275533: 50.0870698, 14.4483026
2273223011: 50.0776951, 14.4436995
1544957949: 50.0872468, 14.4433849
25661257: 50.0899364, 14.4394977
21673278: 50.0901143, 14.4403261
392032700: 50.0873647, 14.4532768
1871005892: 50.0874279, 14.4532785
392032701: 50.0878102, 14.4532887
426146754: 50.0904593, 14.4656266
1131776592: 50.0905522, 14.4660348
426177011: 50.0872162, 14.4496639
1871005874: 50.0869270, 14.4497805
426177012: 50.0868638, 14.4498060
426177016: 50.0875408, 14.4509907
426177018: 50.0871726, 14.4511435
3815962566: 50.0886558, 14.4431513
25662322: 50.0891676, 14.4433563
1229196566: 50.0893170, 14.4433644
25662315: 50.0894320, 14.4433536
26396042: 50.0772141, 14.4502719
4714734858: 50.0772018, 14.4502731
1140094990: 50.0771366, 14.4502793
1140095017: 50.0763487, 14.4503540
21673281: 50.0777394, 14.4596049
4714734790: 50.0777594, 14.4595967
1826281380: 50.0777882, 14.4595849
26396030: 50.0763779, 14.4540377
1140088593: 50.0764786, 14.4539980
1140094998: 50.0773052, 14.4536724
4714734862: 50.0773728, 14.4536458
26396044: 50.0773862, 14.4536405
1131753507: 50.0878990, 14.4658487
25973089: 50.0881457, 14.4675102
1131753327: 50.0882076, 14.4674766
25973310: 50.0887865, 14.4671627
1131753606: 50.0875633, 14.4640847
25973241: 50.0881533, 14.4637957
25973242: 50.0887613, 14.4635274
1131753673: 50.0892057, 14.4633355
467964167: 50.0899364, 14.4634343
2183588480: 50.0901084, 14.4641679
1826305775: 50.0883461, 14.4685889
1131736454: 50.0883604, 14.4686776
21311891: 50.0884245, 14.4690245
1131736557: 50.0884406, 14.4691057
3109754764: 50.0884649, 14.4692324
21311916: 50.0780178, 14.4660740
1134613328: 50.0779482, 14.4660835
2145763952: 50.0772127, 14.4661821
1140125906: 50.0771620, 14.4661908
1035742919: 50.0876824, 14.4614771
2145830413: 50.0877782, 14.4619436
29381092: 50.0877785, 14.4565639
1131753475: 50.0877087, 14.4566182
1131753230: 50.0872011, 14.4570011
29382252: 50.0871414, 14.4570462
306616167: 50.0835166, 14.4594377
1134613286: 50.0835252, 14.4593521
3089707225: 50.0835053, 14.4590765
1134613266: 50.0834729, 14.4586269
1134613330: 50.0834405, 14.4584362
25973090: 50.0890190, 14.4723768
1826208723: 50.0899416, 14.4682304
1131736467: 50.0899932, 14.4682025
357625477: 50.0867111, 14.4618123
334886854: 50.0857688, 14.4484760
1229196684: 50.0858614, 14.4485022
297625483: 50.0859448, 14.4484698
1131753209: 50.0863255, 14.4565789
21673407: 50.0868641, 14.4561656
1035742675: 50.0906311, 14.4691551
306268240: 50.0905904, 14.4689598
306268757: 50.0905502, 14.4687582
1826208727: 50.0904632, 14.4683605
1131736388: 50.0904446, 14.4682877
306640859: 50.0903321, 14.4683596
1131736551: 50.0904985, 14.4692096
924297469: 50.0905567, 14.4695209
1035742488: 50.0906749, 14.4702193
925816980: 50.0765237, 14.4704234
21311907: 50.0774983, 14.4729336
1134596311: 50.0824217, 14.4713834
1134596279: 50.0816794, 14.4716737
369359697: 50.0809809, 14.4719618
3374602618: 50.0809199, 14.4719882
4142243948: 50.0795693, 14.4725251
4142243947: 50.0794086, 14.4725831
4142243946: 50.0792180, 14.4726261
320235771: 50.0827622, 14.4714698
320235774: 50.0831520, 14.4713048
369327619: 50.0833090, 14.4712407
371078741: 50.0836710, 14.4710982
371078757: 50.0837853, 14.4710546
1826305772: 50.0841471, 14.4709112
1134588976: 50.0841985, 14.4708935
25972961: 50.0844663, 14.4707872
1134588995: 50.0845503, 14.4707467
305843315: 50.0846121, 14.4707227
371079978: 50.0847138, 14.4706908
1134618980: 50.0848955, 14.4706252
1134618978: 50.0856070, 14.4703466
305866487: 50.0857208, 14.4703001
305865766: 50.0858356, 14.4702457
305866484: 50.0863363, 14.4700438
1138617390: 50.0800728, 14.4474227
4415534267: 50.0787638, 14.4603849
1134613196: 50.0787700, 14.4604510
4415534268: 50.0787785, 14.4605420
1826281383: 50.0778339, 14.4583432
1134613301: 50.0777852, 14.4583603
2273223012: 50.0776968, 14.4439323
26395518: 50.0778036, 14.4460243
1140083361: 50.0779225, 14.4485577
26395963: 50.0779278, 14.4486699
1837022950: 50.0852500, 14.4419423
1837022952: 50.0852842, 14.4415763
1125487698: 50.0852858, 14.4414510
31624848: 50.0887959, 14.4513287
1330676035: 50.0888174, 14.4512509
31624849: 50.0888084, 14.4511673
31624850: 50.0887718, 14.4511046
1330676032: 50.0887193, 14.4510826
31624851: 50.0886675, 14.4511083
1330676049: 50.0886329, 14.4511736
31624852: 50.0886264, 14.4512578
31624853: 50.0886501, 14.4513340
1330676036: 50.0886965, 14.4513782
29403402: 50.0836293, 14.4515767
1110084845: 50.0835329, 14.4516652
1110084790: 50.0824707, 14.4521896
1837041100: 50.0851396, 14.4408157
1110084791: 50.0828559, 14.4437847
3453476740: 50.0827984, 14.4438668
1110084776: 50.0813691, 14.4447528
3773060070: 50.0813326, 14.4447847
29935416: 50.0812945, 14.4448500
1330626870: 50.0873188, 14.4430341
352950322: 50.0873505, 14.4427428
60709807: 50.0873649, 14.4418572
1399980347: 50.0883765, 14.4687652
29527228: 50.0883845, 14.4688181
1138616599: 50.0833345, 14.4561606
317018702: 50.0836647, 14.4559900
29538336: 50.0839893, 14.4556598
357631391: 50.0841633, 14.4553450
1138616508: 50.0842463, 14.4551792
1138624752: 50.0784296, 14.4435479
1131753419: 50.0890685, 14.4651147
1140094989: 50.0762795, 14.4489084
1140102202: 50.0762635, 14.4475967
2475847901: 50.0762621, 14.4459399
1140094973: 50.0767874, 14.4610576
2722328080: 50.0767637, 14.4606344
1140095009: 50.0767330, 14.4600874
26396034: 50.0767286, 14.4600098
1131753571: 50.0866339, 14.4552559
1229196613: 50.0901355, 14.4496105
1229196688: 50.0898587, 14.4497517
1134613245: 50.0795159, 14.4590254
1134613209: 50.0796615, 14.4601597
4718170126: 50.0796731, 14.4602685
26396056: 50.0796775, 14.4602979
1138616596: 50.0788872, 14.4482690
2280121208: 50.0785006, 14.4484364
1399980335: 50.0762494, 14.4437248
3110168365: 50.0762468, 14.4436603
1186903061: 50.0762370, 14.4421024
2273223010: 50.0776145, 14.4438177
2273223009: 50.0773216, 14.4438581
5366957562: 50.0778523, 14.4520816
306703124: 50.0777008, 14.4521462
1140083354: 50.0774084, 14.4522624
4714734779: 50.0773434, 14.4522865
29403400: 50.0831375, 14.4533281
1138616640: 50.0825580, 14.4535541
1140083408: 50.0791347, 14.4550332
274841686: 50.0810878, 14.4541823
1138616602: 50.0811798, 14.4541428
1131753530: 50.0871669, 14.4514504
426177101: 50.0872391, 14.4518643
1229196599: 50.0873342, 14.4523944
5457903248: 50.0873580, 14.4525758
357626996: 50.0873253, 14.4550462
332212459: 50.0821602, 14.4490134
1110084808: 50.0818374, 14.4477608
1110084809: 50.0813436, 14.4458200
1140079612: 50.0798965, 14.4509525
3429944734: 50.0798725, 14.4508846
3429944741: 50.0802910, 14.4519015
4213598495: 50.0804031, 14.4521599
307473947: 50.0804359, 14.4522355
1138616679: 50.0806433, 14.4526989
274841684: 50.0815031, 14.4547464
1131753448: 50.0866914, 14.4519808
236815877: 50.0866626, 14.4520418
1138616682: 50.0856185, 14.4540478
293572110: 50.0853441, 14.4546006
297625674: 50.0851592, 14.4549475
4329521728: 50.0864889, 14.4554070
4415571518: 50.0863974, 14.4554207
4446665580: 50.0861778, 14.4554537
2580740947: 50.0860495, 14.4554730
293572107: 50.0859262, 14.4554915
1138616623: 50.0853452, 14.4555779
29381020: 50.0852453, 14.4556064
1140094983: 50.0774251, 14.4543781
1140095005: 50.0773297, 14.4524319
1131736382: 50.0867130, 14.4695857
1131736521: 50.0871310, 14.4693805
32438803: 50.0870694, 14.4692338
305865771: 50.0869374, 14.4690648
21311888: 50.0868102, 14.4690110
32438799: 50.0867667, 14.4691070
32438800: 50.0867203, 14.4692824
305865769: 50.0867001, 14.4694735
1131736438: 50.0866700, 14.4683791
540916332: 50.0782392, 14.4704315
5935060270: 50.0782510, 14.4706663
446242458: 50.0782670, 14.4709851
1134613358: 50.0782974, 14.4715916
29542409: 50.0863272, 14.4397260
332148834: 50.0864171, 14.4399535
29542408: 50.0864969, 14.4401962
297625531: 50.0865689, 14.4405302
332148835: 50.0865900, 14.4407905
29542407: 50.0865702, 14.4411688
29542406: 50.0865066, 14.4417512
352950609: 50.0853544, 14.4409034
794638469: 50.0864249, 14.4575939
631442035: 50.0865575, 14.4574926
794638608: 50.0866006, 14.4574596
794638620: 50.0870599, 14.4571112
304321909: 50.0881109, 14.4673220
1131753523: 50.0871035, 14.4569247
1131753513: 50.0866733, 14.4555613
3453476747: 50.0829100, 14.4437147
3773060069: 50.0813254, 14.4446058
463188160: 50.0879954, 14.4431714
25662406: 50.0876937, 14.4432246
2564082353: 50.0874099, 14.4432668
426185962: 50.0874023, 14.4432679
369830305: 50.0892117, 14.4440770
1229196597: 50.0894005, 14.4434569
1317166762: 50.0895974, 14.4432978
21673401: 50.0867453, 14.4458937
21673403: 50.0867214, 14.4489537
1131783047: 50.0868005, 14.4494640
1131753556: 50.0871006, 14.4510630
1470801215: 50.0869868, 14.4446980
332304238: 50.0837314, 14.4546211
29381015: 50.0831916, 14.4552224
1138616654: 50.0832656, 14.4560832
1826208716: 50.0827811, 14.4591580
1483392065: 50.0828021, 14.4590874
4704851528: 50.0823397, 14.4593989
3556695281: 50.0824347, 14.4594211
1483392048: 50.0825057, 14.4594811
1483392063: 50.0828021, 14.4587759
1483392058: 50.0827396, 14.4587311
305832258: 50.0826723, 14.4585969
357631188: 50.0859560, 14.4653971
1131736546: 50.0858232, 14.4655419
3089707612: 50.0857652, 14.4656044
21311886: 50.0857602, 14.4656713
2902656702: 50.0857949, 14.4658463
1131736499: 50.0858844, 14.4660221
170345849: 50.0860938, 14.4665688
1131753305: 50.0863566, 14.4672795
170329113: 50.0878660, 14.4690116
1483392086: 50.0878780, 14.4690855
170345398: 50.0866658, 14.4653362
307159450: 50.0864917, 14.4651598
307189450: 50.0817900, 14.4553918
305830610: 50.0821008, 14.4561017
1826208683: 50.0822297, 14.4563603
1826208687: 50.0823184, 14.4564286
1138616552: 50.0823505, 14.4564340
305830603: 50.0823914, 14.4561002
305830606: 50.0822626, 14.4561588
1138616735: 50.0821994, 14.4561712
1131736528: 50.0867962, 14.4699480
61860967: 50.0868370, 14.4700719
305865772: 50.0869489, 14.4702371
343803882: 50.0872159, 14.4739484
343803885: 50.0871747, 14.4745937
29528825: 50.0871862, 14.4749244
343803887: 50.0872246, 14.4753397
390583892: 50.0874301, 14.4767342
282805751: 50.0875089, 14.4775155
29528827: 50.0875428, 14.4782947
390583850: 50.0875148, 14.4790777
282805750: 50.0874944, 14.4794343
366140992: 50.0873949, 14.4804053
244012001: 50.0777607, 14.4611815
25972897: 50.0778185, 14.4621521
1134613241: 50.0778423, 14.4625135
21311917: 50.0778843, 14.4634469
25972890: 50.0779504, 14.4647505
244012013: 50.0780237, 14.4661898
1134613285: 50.0780354, 14.4664115
371069985: 50.0780884, 14.4674133
244012010: 50.0780982, 14.4676564
25972889: 50.0781024, 14.4677374
303192370: 50.0782333, 14.4703140
244012002: 50.0779477, 14.4612080
4415534259: 50.0779062, 14.4609589
343247658: 50.0779756, 14.4618207
2704713934: 50.0779490, 14.4612356
306269298: 50.0908581, 14.4704296
1035742861: 50.0908136, 14.4701670
306269294: 50.0907602, 14.4699094
1296627310: 50.0907165, 14.4696665
307184531: 50.0820671, 14.4595185
5328335609: 50.0850837, 14.4550987
4504042543: 50.0850159, 14.4552313
1399980342: 50.0769790, 14.4437963
1140094969: 50.0772204, 14.4503904
1140094982: 50.0773093, 14.4520274
1186903107: 50.0770638, 14.4417688
26395526: 50.0770451, 14.4419332
1186903073: 50.0770278, 14.4420683
25936040: 50.0780519, 14.4362416
1138624652: 50.0780179, 14.4364030
1572509630: 50.0777352, 14.4376748
26395519: 50.0777041, 14.4378213
1572509614: 50.0774569, 14.4392322
26395522: 50.0774303, 14.4393842
2296283316: 50.0774171, 14.4394639
307452593: 50.0871699, 14.4701385
61860914: 50.0872086, 14.4698842
1131736369: 50.0872037, 14.4697483
3374602626: 50.0862974, 14.4698527
1131736367: 50.0899540, 14.4680020
1131776596: 50.0891035, 14.4684446
1826305776: 50.0885090, 14.4687537
305865763: 50.0884614, 14.4687746
1131736401: 50.0872505, 14.4694025
1131736494: 50.0872886, 14.4695844
371082017: 50.0879123, 14.4692762
1826305774: 50.0883104, 14.4690815
305865761: 50.0885061, 14.4689864
1131776565: 50.0891458, 14.4686507
344481243: 50.0901917, 14.4672485
1826208725: 50.0902366, 14.4674552
306266916: 50.0902493, 14.4675115
1131736472: 50.0902666, 14.4675845
1596399220: 50.0890810, 14.4530023
1643689854: 50.0891426, 14.4529779
1596399222: 50.0891636, 14.4529696
1596399198: 50.0889063, 14.4520952
1643689849: 50.0889701, 14.4520647
1596399216: 50.0889916, 14.4520544
323128838: 50.0755252, 14.4543681
1140088644: 50.0763140, 14.4540624
244011067: 50.0780108, 14.4634166
4714734797: 50.0779622, 14.4634277
244011072: 50.0779479, 14.4634309
4714734877: 50.0779333, 14.4634346
1134613235: 50.0778193, 14.4634590
785869930: 50.0774792, 14.4635222
1140114611: 50.0770120, 14.4636091
25972940: 50.0774285, 14.4704148
25972942: 50.0771967, 14.4704354
25972943: 50.0772224, 14.4709604
25972938: 50.0774610, 14.4709276
306508717: 50.0775454, 14.4727915
25972933: 50.0775423, 14.4723500
1140114633: 50.0770911, 14.4648771
1134613219: 50.0778822, 14.4647645
4714734878: 50.0780036, 14.4647411
244011138: 50.0780151, 14.4647391
4714734798: 50.0780285, 14.4647360
244011066: 50.0780817, 14.4647235
1140125895: 50.0771718, 14.4676841
573385326: 50.0771609, 14.4675266
29527231: 50.0784966, 14.4729156
306508718: 50.0784840, 14.4726659
365936723: 50.0776556, 14.4677814
365936724: 50.0778446, 14.4677639
371069984: 50.0780350, 14.4677449
573385327: 50.0780623, 14.4677415
1140094988: 50.0767941, 14.4599836
1134613307: 50.0776218, 14.4596520
1826281365: 50.0776832, 14.4596257
4714734870: 50.0777270, 14.4596095
1134613308: 50.0777543, 14.4621705
785870723: 50.0773527, 14.4622858
1140114613: 50.0769377, 14.4624048
244011065: 50.0781480, 14.4660548
4714734799: 50.0781035, 14.4660638
244011137: 50.0780832, 14.4660679
4714734879: 50.0780687, 14.4660693
1138616616: 50.0850192, 14.4536850
1138616758: 50.0847184, 14.4542684
1138616673: 50.0847252, 14.4543969
297625687: 50.0848380, 14.4545414
1138616537: 50.0850982, 14.4548706
334352118: 50.0820126, 14.4395140
244521785: 50.0820842, 14.4395378
2245320227: 50.0825613, 14.4396833
1131753407: 50.0863271, 14.4526888
29381028: 50.0843575, 14.4506924
338604070: 50.0843947, 14.4503922
3448229956: 50.0848244, 14.4467701
384841124: 50.0849408, 14.4455498
1138624742: 50.0849567, 14.4453975
255617360: 50.0850357, 14.4446929
308818009: 50.0850715, 14.4443748
1320075243: 50.0851239, 14.4438239
1138624665: 50.0851618, 14.4431358
338604072: 50.0843369, 14.4508687
1138616498: 50.0853513, 14.4496455
334886845: 50.0856458, 14.4485622
4714734767: 50.0770618, 14.4419315
320292520: 50.0771385, 14.4419235
1826208714: 50.0825149, 14.4562703
1826208699: 50.0824376, 14.4562061
1826208698: 50.0824268, 14.4562499
1138616495: 50.0826450, 14.4551551
4704851075: 50.0826757, 14.4550775
1138616542: 50.0827282, 14.4549968
1143926592: 50.0832964, 14.4543367
29403190: 50.0833972, 14.4542168
1138624761: 50.0839154, 14.4536002
1134613192: 50.0776514, 14.4609648
1826281342: 50.0776062, 14.4609805
2704713927: 50.0775823, 14.4609881
1140094993: 50.0768772, 14.4612187
1134613282: 50.0778461, 14.4595621
4415534253: 50.0777456, 14.4608827
4718170135: 50.0777468, 14.4609090
4718170154: 50.0777474, 14.4609362
1826281378: 50.0777476, 14.4609467
4415534254: 50.0777500, 14.4609669
3395986533: 50.0779012, 14.4609352
1826281388: 50.0778935, 14.4608953
4718170146: 50.0778910, 14.4608832
4718117124: 50.0778863, 14.4608602
4415534257: 50.0778810, 14.4608365
1826281351: 50.0776318, 14.4585901
2543704343: 50.0777118, 14.4601999
1826281371: 50.0777372, 14.4585983
1826281370: 50.0777325, 14.4585591
1138616739: 50.0842380, 14.4550253
392032694: 50.0873742, 14.4553478
1131753332: 50.0874058, 14.4554317
2145830412: 50.0877258, 14.4563985
1871005915: 50.0880976, 14.4576087
307270333: 50.0881616, 14.4578122
794536575: 50.0883879, 14.4587063
1035742764: 50.0884130, 14.4588120
307270336: 50.0885238, 14.4592874
5457903246: 50.0888219, 14.4608849
354693060: 50.0889787, 14.4616851
5457903247: 50.0890950, 14.4622933
1131753268: 50.0893239, 14.4634279
1131753614: 50.0898892, 14.4658740
1838588071: 50.0850946, 14.4407979
1838588061: 50.0848566, 14.4407037
332148833: 50.0853602, 14.4405612
1838588063: 50.0849739, 14.4408174
977504717: 50.0850418, 14.4408890
1838588067: 50.0850692, 14.4409215
1838588073: 50.0851112, 14.4410436
1838588075: 50.0851609, 14.4413287
1134613183: 50.0775449, 14.4584593
1826281337: 50.0775028, 14.4584765
1140095004: 50.0767303, 14.4587913
26396033: 50.0766533, 14.4588227
1140094980: 50.0765686, 14.4588555
2494687028: 50.0760231, 14.4590690
1140088587: 50.0756119, 14.4592262
26396027: 50.0755360, 14.4592556
4758772403: 50.0877421, 14.4684151
297804989: 50.0895540, 14.4436435
297804996: 50.0896942, 14.4433489
1223055638: 50.0784841, 14.4502528
1957645715: 50.0771052, 14.4664416
4761788933: 50.0771019, 14.4664067
1140125879: 50.0771000, 14.4663860
365936722: 50.0771546, 14.4672847
365936721: 50.0771241, 14.4667837
55458861: 50.0783539, 14.4730037
1826281386: 50.0778481, 14.4606901
2044799652: 50.0778134, 14.4600468
1110084810: 50.0844164, 14.4507303
1138616746: 50.0853713, 14.4497980
1131753349: 50.0867161, 14.4517412
1131783046: 50.0866639, 14.4459426
1138624749: 50.0834246, 14.4470279
1131776583: 50.0887355, 14.4633991
2145830414: 50.0884720, 14.4620571
1035742754: 50.0884433, 14.4618973
1035743149: 50.0881151, 14.4602015
794638589: 50.0880520, 14.4599634
794536596: 50.0880404, 14.4599246
794536580: 50.0879817, 14.4597286
794536590: 50.0879254, 14.4595409
21673408: 50.0877962, 14.4591095
369827740: 50.0878051, 14.4620502
1131753563: 50.0884395, 14.4653585
1131753242: 50.0863335, 14.4528789
357626990: 50.0866898, 14.4522097
2273223014: 50.0784492, 14.4439590
1138624663: 50.0784424, 14.4438610
1399980345: 50.0770759, 14.4438919
4714734771: 50.0769969, 14.4439030
1140094997: 50.0775092, 14.4558787
1140094985: 50.0775794, 14.4568637
1140083359: 50.0793960, 14.4494958
1138616638: 50.0794679, 14.4496963
1138616695: 50.0784280, 14.4484703
1826281405: 50.0783432, 14.4726111
306508719: 50.0783459, 14.4726844
4714734775: 50.0771719, 14.4489657
2074831083: 50.0788059, 14.4516918
1140083357: 50.0787042, 14.4517361
1826281367: 50.0777135, 14.4582113
1826281364: 50.0776719, 14.4574460
1826281363: 50.0776566, 14.4571661
1837041102: 50.0852748, 14.4408196
977504723: 50.0851441, 14.4409009
1837022944: 50.0851677, 14.4414665
1837022948: 50.0851729, 14.4417202
1837022946: 50.0851686, 14.4419027
340196268: 50.0850526, 14.4407813
3110168366: 50.0762524, 14.4441151
1399980338: 50.0762511, 14.4440239
1138624700: 50.0779852, 14.4395910
1572509616: 50.0775284, 14.4394208
4714734762: 50.0774498, 14.4393915
1826281369: 50.0777285, 14.4605350
2704713931: 50.0777345, 14.4606642
1826281373: 50.0777357, 14.4606911
1826281376: 50.0777368, 14.4607150
4217040941: 50.0904095, 14.4429229
1131810289: 50.0905563, 14.4428486
357626981: 50.0859153, 14.4553504
1138616643: 50.0853901, 14.4546668
244011064: 50.0782325, 14.4677240
371069988: 50.0782148, 14.4674010
306591753: 50.0782071, 14.4672230
306591900: 50.0781778, 14.4666428
1134613262: 50.0781656, 14.4664012
1140125875: 50.0772713, 14.4679005
1134618990: 50.0774278, 14.4704015
390564645: 50.0891251, 14.4723230
244011412: 50.0883999, 14.4688926
4142343071: 50.0884100, 14.4689440
305865034: 50.0885583, 14.4697280
390563272: 50.0886296, 14.4702153
390563294: 50.0887760, 14.4709822
390563297: 50.0888329, 14.4713388
390564648: 50.0890000, 14.4722655
1826208718: 50.0828041, 14.4588871
660027283: 50.0827562, 14.4589329
29403188: 50.0827224, 14.4589568
31625039: 50.0906238, 14.4660852
31624838: 50.0907794, 14.4659809
335791414: 50.0909033, 14.4657911
31624839: 50.0909776, 14.4656100
305865768: 50.0858065, 14.4700509
3374602624: 50.0856885, 14.4700937
1134618987: 50.0855687, 14.4701412
1134618981: 50.0848640, 14.4704215
304320920: 50.0845888, 14.4705348
1134588984: 50.0845206, 14.4705640
26395529: 50.0770595, 14.4461353
4714734773: 50.0770769, 14.4461323
1549446971: 50.0771352, 14.4461237
1140083347: 50.0778788, 14.4460130
1138624671: 50.0785159, 14.4459176
1399980343: 50.0769828, 14.4440177
307460022: 50.0770200, 14.4452501
1549446966: 50.0770651, 14.4462500
5436079161: 50.0771368, 14.4485918
3450114685: 50.0780000, 14.4622575
244011068: 50.0779976, 14.4622133
2674817271: 50.0852712, 14.4410057
1330644073: 50.0852701, 14.4409719
977504816: 50.0852691, 14.4409013
1140094986: 50.0767159, 14.4598103
1140094976: 50.0766611, 14.4589456
1140095002: 50.0766386, 14.4585845
1140095007: 50.0765762, 14.4575749
1140094979: 50.0765600, 14.4573223
1140095016: 50.0764905, 14.4562776
1140088608: 50.0763833, 14.4541473
1140088598: 50.0763722, 14.4539364
1140088678: 50.0763025, 14.4527070
1140088605: 50.0762948, 14.4524635
1140094987: 50.0762875, 14.4505104
1140094981: 50.0762790, 14.4492091
1549257720: 50.0885958, 14.4430286
5028166547: 50.0885997, 14.4429908
3680305553: 50.0886541, 14.4424465
3680305550: 50.0884741, 14.4424419
5028186876: 50.0884854, 14.4427834
5028166548: 50.0885072, 14.4429668
3680305551: 50.0885045, 14.4430028
1837022977: 50.0873311, 14.4412764
1837022976: 50.0872564, 14.4406056
1837022975: 50.0870334, 14.4395467
5239479477: 50.0848838, 14.4554976
357626979: 50.0850871, 14.4553880
5328335634: 50.0850438, 14.4552890
4415534261: 50.0780218, 14.4609176
4415534252: 50.0785367, 14.4607337
4415534264: 50.0786818, 14.4606822
4415534266: 50.0787036, 14.4606744
4415534269: 50.0787886, 14.4606477
4415534271: 50.0788784, 14.4606195
4415534274: 50.0793504, 14.4604802
4415534276: 50.0795260, 14.4604203
4718170127: 50.0796241, 14.4603380
4718170139: 50.0776958, 14.4609658
4718170152: 50.0777941, 14.4609654
4714734874: 50.0778111, 14.4609648
4415534256: 50.0778273, 14.4609642
4714734793: 50.0778398, 14.4609633
4718170143: 50.0778525, 14.4609621
4415534258: 50.0778888, 14.4609586
4714734792: 50.0778282, 14.4608532
4415534255: 50.0778166, 14.4608569
4714734872: 50.0778000, 14.4608629
4718170138: 50.0776962, 14.4609270
4718170128: 50.0796110, 14.4602896
4415534275: 50.0795409, 14.4602787
4415534273: 50.0793360, 14.4603498
4415534272: 50.0788862, 14.4605115
4415534270: 50.0788641, 14.4605183
4415534265: 50.0786877, 14.4605726
4415534251: 50.0783690, 14.4606791
4415534263: 50.0780550, 14.4607842
4415534262: 50.0780330, 14.4607915
4415534260: 50.0780054, 14.4608006
4718117122: 50.0787812, 14.4605709
26396553: 50.0787858, 14.4606145
1138616570: 50.0852871, 14.4557575
25973268: 50.0862948, 14.4590406
794660618: 50.0863163, 14.4591082
25973267: 50.0865991, 14.4599915
4504042542: 50.0848550, 14.4555540
1792004644: 50.0845303, 14.4553188
3374602615: 50.0791478, 14.4726505
1826281408: 50.0788177, 14.4727822
359954488: 50.0787662, 14.4728049
306616172: 50.0827843, 14.4594481
663518327: 50.0827542, 14.4592273
660027282: 50.0827469, 14.4591508
4761788936: 50.0780464, 14.4640753
371075952: 50.0780164, 14.4628622
1134613304: 50.0780127, 14.4624935
304324429: 50.0783038, 14.4691349
371070997: 50.0782407, 14.4678866
306584135: 50.0784586, 14.4721944
306583855: 50.0784377, 14.4717537
1134613257: 50.0784049, 14.4710843
5935060269: 50.0783808, 14.4706439
306583851: 50.0783725, 14.4704927
304324423: 50.0783678, 14.4704006
332212460: 50.0836227, 14.4513794
2327395113: 50.0780484, 14.4396973
1186903130: 50.0763194, 14.4419606
1186903070: 50.0769153, 14.4419467
4714734850: 50.0770281, 14.4419350
1826305770: 50.0826284, 14.4717269
1134596296: 50.0826217, 14.4716927
25662385: 50.0881900, 14.4431374
1140083372: 50.0790503, 14.4552167
304887319: 50.0844807, 14.4681960
344791036: 50.0843202, 14.4671768
304893487: 50.0840130, 14.4651458
343667023: 50.0839898, 14.4650019
3089707230: 50.0837568, 14.4635885
304893852: 50.0837313, 14.4635444
3089707226: 50.0835387, 14.4636114
1134588962: 50.0834051, 14.4636578
4142243962: 50.0832674, 14.4637134
4142243961: 50.0832345, 14.4637280
5239479478: 50.0850416, 14.4554759
2245320230: 50.0830206, 14.4398488
310118388: 50.0838635, 14.4402623
5465386460: 50.0839631, 14.4403033
1138624775: 50.0844087, 14.4404988
1328268917: 50.0827539, 14.4397332
25656631: 50.0828867, 14.4397839
3420638540: 50.0761375, 14.4614606
1572509501: 50.0759128, 14.4615328
1134588982: 50.0841609, 14.4707053
305842434: 50.0838137, 14.4708478
3374602622: 50.0837523, 14.4708703
3374602620: 50.0836408, 14.4709112
1826305771: 50.0827102, 14.4712803
244178535: 50.0826273, 14.4590468
