73344025: 50.7658920, 15.0675612
73289346: 50.7658404, 15.0677331
3561132919: 50.7657383, 15.0679996
206218206: 50.7732454, 15.0617919
2251316773: 50.7732340, 15.0617725
3406056117: 50.7732191, 15.0617471
1984013801: 50.7727644, 15.0609731
1984013817: 50.7727187, 15.0608954
1984013833: 50.7723988, 15.0603574
280899509: 50.7721936, 15.0600299
1984013796: 50.7720340, 15.0597515
3952848953: 50.7719778, 15.0596484
206218207: 50.7717242, 15.0592328
1919351623: 50.7716464, 15.0591113
205428092: 50.7715342, 15.0700339
1835907076: 50.7723859, 15.0693684
418341650: 50.7730775, 15.0688099
499617023: 50.7733455, 15.0685900
3220652737: 50.7734105, 15.0685361
2535809540: 50.7740122, 15.0680680
4718269486: 50.7740629, 15.0680259
1962574141: 50.7740801, 15.0680114
606914840: 50.7709759, 15.0585379
2269952446: 50.7705729, 15.0583256
499587381: 50.7704719, 15.0582682
606096026: 50.7702694, 15.0581690
206219261: 50.7711899, 15.0586394
606096028: 50.7700529, 15.0589461
4687196813: 50.7699932, 15.0589003
4718333358: 50.7697582, 15.0587307
4718333357: 50.7696787, 15.0586915
280899457: 50.7696146, 15.0586798
2004781500: 50.7721793, 15.0654585
280899477: 50.7716020, 15.0657236
280899488: 50.7667546, 15.0601583
280899512: 50.7712794, 15.0586898
6095270910: 50.7712901, 15.0587556
4718393893: 50.7712924, 15.0588235
3406044756: 50.7712805, 15.0589326
280899511: 50.7712632, 15.0589911
4718393788: 50.7712212, 15.0590992
4718393787: 50.7711685, 15.0592043
4718393786: 50.7711310, 15.0592608
280899514: 50.7710763, 15.0593168
73374275: 50.7685960, 15.0637000
280899490: 50.7679770, 15.0633960
611858574: 50.7677123, 15.0632660
611858573: 50.7672430, 15.0630355
280899505: 50.7666512, 15.0627449
280899493: 50.7663536, 15.0661483
3249333764: 50.7662356, 15.0655260
280899506: 50.7661755, 15.0654247
646535673: 50.7660689, 15.0653701
646539871: 50.7653750, 15.0650433
4720250043: 50.7651348, 15.0649342
4720250040: 50.7651153, 15.0649034
287467598: 50.7650877, 15.0648544
4720250041: 50.7650697, 15.0647882
4720250042: 50.7650684, 15.0647080
4720250025: 50.7652907, 15.0635778
1318589473: 50.7654139, 15.0629515
280899507: 50.7705792, 15.0630910
4718393738: 50.7706306, 15.0630282
1992857319: 50.7708524, 15.0627575
979261617: 50.7708740, 15.0627307
444767221: 50.7710391, 15.0625038
280899510: 50.7710211, 15.0622895
499587407: 50.7713271, 15.0617045
653594326: 50.7711332, 15.0714264
3254965832: 50.7710330, 15.0714142
653594332: 50.7709470, 15.0713776
3254965830: 50.7709048, 15.0713080
653594329: 50.7708839, 15.0712228
653594324: 50.7707140, 15.0705472
653594322: 50.7705945, 15.0703433
280986906: 50.7700624, 15.0697128
280987007: 50.7648388, 15.0761799
280987005: 50.7648908, 15.0760346
2380578309: 50.7650005, 15.0756657
2380578316: 50.7650815, 15.0753933
2106444083: 50.7651731, 15.0750971
770841094: 50.7652251, 15.0749215
280987006: 50.7652855, 15.0746101
770841091: 50.7653042, 15.0743217
1397483111: 50.7652970, 15.0741524
606096340: 50.7652778, 15.0739313
280987003: 50.7652582, 15.0736004
1397483096: 50.7652334, 15.0733135
606096018: 50.7652098, 15.0730393
1397483094: 50.7651953, 15.0725953
280987004: 50.7651789, 15.0720922
280987001: 50.7651761, 15.0715210
653594319: 50.7699787, 15.0699449
280986908: 50.7698151, 15.0702249
280986969: 50.7658837, 15.0738008
1416318596: 50.7658861, 15.0737619
1397483197: 50.7659046, 15.0732986
1397483222: 50.7659315, 15.0726545
1840967781: 50.7659343, 15.0725871
621381299: 50.7659542, 15.0721094
621381290: 50.7659683, 15.0712959
3238617164: 50.7659354, 15.0705849
282284106: 50.7659260, 15.0703809
280987002: 50.7651819, 15.0712312
606095962: 50.7649309, 15.0715594
73343363: 50.7700110, 15.0612182
4718290273: 50.7700320, 15.0611497
73414277: 50.7700656, 15.0610406
2269952443: 50.7698968, 15.0613083
1949988763: 50.7697462, 15.0614621
1915449780: 50.7695578, 15.0616596
4718333038: 50.7695041, 15.0617128
4718333039: 50.7693853, 15.0618468
73438547: 50.7692640, 15.0619860
1927105732: 50.7692050, 15.0621003
3692610735: 50.7691795, 15.0621496
3406067259: 50.7691201, 15.0622645
661332749: 50.7690852, 15.0623321
3692610612: 50.7687128, 15.0633852
73288712: 50.7687008, 15.0634038
3692610734: 50.7686318, 15.0636058
2167609094: 50.7685392, 15.0638483
1949988717: 50.7684615, 15.0640513
3692610620: 50.7684230, 15.0641518
1949988716: 50.7683398, 15.0643690
2167609086: 50.7683055, 15.0644728
248467820: 50.7721952, 15.0639784
637025228: 50.7719715, 15.0636733
499587411: 50.7716303, 15.0630899
254091852: 50.7714212, 15.0628072
254091877: 50.7710997, 15.0623881
280899518: 50.7715321, 15.0613267
3220652735: 50.7716257, 15.0611457
280986904: 50.7705677, 15.0682545
604467346: 50.7696719, 15.0671469
604467355: 50.7692612, 15.0666653
287467066: 50.7692236, 15.0666213
1915449765: 50.7691132, 15.0664969
287462810: 50.7710488, 15.0596141
1984013798: 50.7709477, 15.0598177
1992857314: 50.7707855, 15.0601446
280899515: 50.7707113, 15.0602940
612457990: 50.7704378, 15.0599254
612457980: 50.7685074, 15.0601612
204942176: 50.7658661, 15.0596642
4718499300: 50.7658886, 15.0596952
4718499301: 50.7659615, 15.0597536
7850263995: 50.7660046, 15.0597756
604466527: 50.7648468, 15.0580933
5305456906: 50.7648982, 15.0586596
2067181893: 50.7649018, 15.0586988
201958386: 50.7649263, 15.0588559
3471937548: 50.7657505, 15.0597962
770513047: 50.7657208, 15.0598323
4720250018: 50.7656260, 15.0602627
770513089: 50.7655545, 15.0605870
3086039469: 50.7655007, 15.0608671
280899489: 50.7652627, 15.0620411
287467327: 50.7663870, 15.0640628
612457972: 50.7668273, 15.0645812
4718333077: 50.7670184, 15.0647819
751100034: 50.7671629, 15.0649205
4718333076: 50.7672580, 15.0650024
280899498: 50.7674327, 15.0650967
3204840597: 50.7679333, 15.0652382
73384479: 50.7680610, 15.0652690
770513074: 50.7652067, 15.0622233
4720250030: 50.7650986, 15.0627356
1927105688: 50.7649595, 15.0633950
4720250024: 50.7649457, 15.0634617
4720250038: 50.7646964, 15.0646640
646539890: 50.7646678, 15.0648039
770513080: 50.7647026, 15.0650014
280899491: 50.7647414, 15.0651567
280899494: 50.7648736, 15.0653606
1994986658: 50.7649567, 15.0654048
3212378742: 50.7651673, 15.0655169
1927105703: 50.7654796, 15.0656831
2425845592: 50.7660961, 15.0659978
2425845595: 50.7662370, 15.0660737
73369649: 50.7680830, 15.0656550
3692610726: 50.7680330, 15.0657384
499587474: 50.7679303, 15.0659098
1318589480: 50.7675639, 15.0666771
499587473: 50.7674826, 15.0668313
280899499: 50.7673283, 15.0669438
1164577786: 50.7672135, 15.0669821
280899503: 50.7670834, 15.0669428
280899497: 50.7669814, 15.0668266
1164577919: 50.7669261, 15.0666746
1994986662: 50.7669093, 15.0665827
280899496: 50.7668949, 15.0665039
205428094: 50.7713338, 15.0691419
8022234089: 50.7713512, 15.0690445
3254965835: 50.7713583, 15.0689823
3254965836: 50.7713565, 15.0689091
280899473: 50.7711819, 15.0679379
444767226: 50.7713393, 15.0630701
444767231: 50.7711620, 15.0633429
4718393740: 50.7707945, 15.0638080
444767215: 50.7707557, 15.0638572
4718333044: 50.7686485, 15.0631812
4718333043: 50.7686351, 15.0630669
611858616: 50.7686243, 15.0628350
3204840598: 50.7685819, 15.0618615
1992857321: 50.7713418, 15.0641621
499587430: 50.7714651, 15.0639527
499587429: 50.7716514, 15.0636480
2425845596: 50.7663890, 15.0661778
1164577862: 50.7666329, 15.0663808
73375642: 50.7655646, 15.0684031
2380578334: 50.7656591, 15.0686860
499616860: 50.7659229, 15.0694756
3401939500: 50.7660571, 15.0697232
499616861: 50.7662842, 15.0701420
499616978: 50.7664625, 15.0704604
499616862: 50.7665112, 15.0705472
499616863: 50.7668215, 15.0709231
499616864: 50.7671032, 15.0711328
499616865: 50.7674521, 15.0712842
2209209379: 50.7678925, 15.0713391
499616958: 50.7696822, 15.0700653
499616959: 50.7695896, 15.0698243
499616960: 50.7696301, 15.0693819
2933374716: 50.7696120, 15.0692805
499616961: 50.7695703, 15.0692018
4718255777: 50.7695378, 15.0691717
2933374717: 50.7694831, 15.0691450
4718255776: 50.7694525, 15.0691316
499616962: 50.7693829, 15.0691361
3220650330: 50.7693206, 15.0691696
499616963: 50.7691521, 15.0693736
499616964: 50.7688990, 15.0696276
4718255780: 50.7687991, 15.0696291
499616965: 50.7686750, 15.0696775
499616979: 50.7665740, 15.0703837
3204840595: 50.7666543, 15.0703144
499616984: 50.7674125, 15.0697627
499616985: 50.7674550, 15.0696986
499616986: 50.7678814, 15.0691101
2251316772: 50.7710147, 15.0612807
503149863: 50.7705191, 15.0606591
980683003: 50.7705407, 15.0593881
3406044775: 50.7702350, 15.0582867
4718333354: 50.7702084, 15.0583833
4718333351: 50.7701131, 15.0587288
4718333356: 50.7700842, 15.0588336
611790922: 50.7704600, 15.0625546
3406078196: 50.7704021, 15.0625919
3406078193: 50.7700541, 15.0628055
1915449790: 50.7699199, 15.0628878
3406067261: 50.7696600, 15.0630472
3204840605: 50.7695526, 15.0631131
3406067260: 50.7691589, 15.0633546
3692610615: 50.7686844, 15.0636214
611858493: 50.7665626, 15.0611012
611858496: 50.7669733, 15.0613198
611858495: 50.7670846, 15.0613790
611858511: 50.7672035, 15.0614423
611858510: 50.7672795, 15.0614828
3471937552: 50.7667326, 15.0602730
612457971: 50.7664798, 15.0615116
2106929484: 50.7659981, 15.0612812
612457945: 50.7658236, 15.0611978
612457986: 50.7685935, 15.0603897
4718393928: 50.7685519, 15.0603566
4718393930: 50.7685271, 15.0603256
4718393929: 50.7685028, 15.0602890
2535788867: 50.7684907, 15.0602403
612457992: 50.7699019, 15.0606938
4097462385: 50.7699720, 15.0606884
4097462386: 50.7700263, 15.0606777
4718393785: 50.7709808, 15.0593069
612458001: 50.7709303, 15.0592805
1984013797: 50.7708852, 15.0592218
612458000: 50.7708628, 15.0591575
612457999: 50.7708669, 15.0589967
606096037: 50.7706425, 15.0594830
1984013807: 50.7708125, 15.0594257
4718393784: 50.7709854, 15.0593672
4718393783: 50.7710287, 15.0593516
4718499129: 50.7647261, 15.0600102
4718499131: 50.7647115, 15.0602068
4538542725: 50.7646863, 15.0604001
4538542727: 50.7645332, 15.0614853
4538542728: 50.7645228, 15.0615393
4538542729: 50.7644103, 15.0621779
4538542731: 50.7643236, 15.0626156
4718499127: 50.7642652, 15.0628008
4718499126: 50.7641787, 15.0630363
3837037187: 50.7641382, 15.0631545
1840967766: 50.7639602, 15.0636144
613038708: 50.7639435, 15.0636933
3309937432: 50.7639193, 15.0638017
646520765: 50.7660108, 15.0638498
646520788: 50.7657179, 15.0637181
646520783: 50.7655751, 15.0644596
280899487: 50.7658638, 15.0645988
646521449: 50.7662459, 15.0647876
280986913: 50.7711324, 15.0711608
3254965834: 50.7711535, 15.0710184
280986912: 50.7712020, 15.0709222
205428048: 50.7716455, 15.0707238
2535809517: 50.7685510, 15.0600619
4887586999: 50.7695151, 15.0585311
696428298: 50.7694485, 15.0584316
770513103: 50.7659103, 15.0607816
979154366: 50.7707322, 15.0618101
499587408: 50.7711930, 15.0609155
980701740: 50.7705353, 15.0597146
4887587003: 50.7696737, 15.0589004
1984016262: 50.7696794, 15.0589216
1984016265: 50.7700047, 15.0600567
1288250159: 50.7713675, 15.0600273
1330190287: 50.7684714, 15.0597218
4718333327: 50.7685433, 15.0590406
4718333326: 50.7685677, 15.0588233
280899455: 50.7686260, 15.0583051
280900461: 50.7662662, 15.0625707
7108662323: 50.7661886, 15.0629595
2106929480: 50.7658802, 15.0623666
2106929478: 50.7657756, 15.0623113
612457944: 50.7656129, 15.0622253
1927105696: 50.7652106, 15.0620026
1927105693: 50.7650251, 15.0624928
1927105683: 50.7647929, 15.0633132
499616988: 50.7667640, 15.0678929
1919425259: 50.7671709, 15.0681042
3348707812: 50.7672780, 15.0681611
499616989: 50.7674219, 15.0682723
499616990: 50.7675475, 15.0684633
499616991: 50.7677444, 15.0689057
499616992: 50.7684024, 15.0700744
2109791465: 50.7654347, 15.0687282
3407123854: 50.7652816, 15.0691176
3218887063: 50.7652011, 15.0693131
73287793: 50.7650570, 15.0696740
4715807550: 50.7648322, 15.0701793
73394820: 50.7645365, 15.0707267
73315982: 50.7641882, 15.0713986
4715807549: 50.7639705, 15.0718347
73385308: 50.7637777, 15.0722729
4715807548: 50.7636311, 15.0726878
2265925880: 50.7635563, 15.0729261
280899476: 50.7720111, 15.0675782
280899478: 50.7712834, 15.0642612
4820241345: 50.7715927, 15.0656792
8022192480: 50.7726178, 15.0770000
205428045: 50.7725031, 15.0762637
653594392: 50.7724238, 15.0758295
247995310: 50.7722091, 15.0743733
1835907075: 50.7718091, 15.0717795
1962574079: 50.7717093, 15.0711425
3254965839: 50.7716076, 15.0704890
73290461: 50.7680711, 15.0654560
1994986659: 50.7680790, 15.0655875
4718255773: 50.7681168, 15.0659173
4718255772: 50.7681318, 15.0660667
73284529: 50.7681381, 15.0661877
4718255771: 50.7681364, 15.0663510
4718255770: 50.7681214, 15.0665277
73400094: 50.7680919, 15.0667219
4718255768: 50.7680362, 15.0669651
4718255767: 50.7680004, 15.0670817
621381366: 50.7679584, 15.0672063
1318589472: 50.7679109, 15.0673158
4718255766: 50.7678621, 15.0674078
73301694: 50.7678339, 15.0674586
73423128: 50.7677593, 15.0675582
4718255763: 50.7676685, 15.0676447
1453672695: 50.7675978, 15.0677060
73403167: 50.7674684, 15.0677727
1453672683: 50.7673572, 15.0678165
1919425263: 50.7672446, 15.0678387
73355849: 50.7671198, 15.0678390
499616987: 50.7664159, 15.0676789
4718290272: 50.7699349, 15.0608035
612457996: 50.7699571, 15.0609319
612457983: 50.7683891, 15.0603504
3194231362: 50.7685040, 15.0603758
280987016: 50.7658472, 15.0699488
1949988719: 50.7658128, 15.0697753
621381287: 50.7657045, 15.0692679
1949988736: 50.7655943, 15.0687591
1164577997: 50.7669145, 15.0662905
280899495: 50.7669721, 15.0661278
4718333075: 50.7670173, 15.0660102
499616868: 50.7687428, 15.0720507
4718256064: 50.7688135, 15.0722402
499616869: 50.7688864, 15.0725193
4718256065: 50.7689483, 15.0728652
499616870: 50.7689916, 15.0731287
4718256068: 50.7690417, 15.0732861
499616871: 50.7691261, 15.0734635
4718256067: 50.7691880, 15.0735522
499616872: 50.7692883, 15.0736474
4718256066: 50.7694300, 15.0737107
499616873: 50.7695872, 15.0737830
4718256055: 50.7696536, 15.0738164
4718256056: 50.7696974, 15.0738510
4718256054: 50.7698023, 15.0739877
4718256053: 50.7698795, 15.0740715
499616874: 50.7699283, 15.0741520
499616875: 50.7699545, 15.0742510
4718256027: 50.7699740, 15.0743558
4718256028: 50.7699924, 15.0745070
4718256026: 50.7700028, 15.0746546
1962574109: 50.7700083, 15.0748082
4718256025: 50.7700005, 15.0750391
499616876: 50.7699789, 15.0753563
499616877: 50.7699427, 15.0758064
499616879: 50.7698583, 15.0764576
499616880: 50.7698329, 15.0766310
4718256049: 50.7698000, 15.0769013
1397484561: 50.7697769, 15.0773367
499616882: 50.7697763, 15.0774808
499616884: 50.7699524, 15.0779957
499616885: 50.7701079, 15.0783952
4718256003: 50.7701549, 15.0785759
499616887: 50.7701598, 15.0787624
499616889: 50.7701694, 15.0792811
499616890: 50.7701791, 15.0794527
1962574112: 50.7702122, 15.0796385
499616891: 50.7702948, 15.0798938
499616892: 50.7704183, 15.0803038
4718255993: 50.7704603, 15.0805748
499616893: 50.7704958, 15.0807785
4718255992: 50.7705963, 15.0811597
4718255876: 50.7706239, 15.0812800
499616894: 50.7706319, 15.0813384
4718255875: 50.7706354, 15.0814440
4718255878: 50.7706320, 15.0815260
499616895: 50.7706266, 15.0816427
3244460360: 50.7705794, 15.0818416
499616896: 50.7704940, 15.0820545
4718255883: 50.7703427, 15.0823387
499616897: 50.7702282, 15.0825838
499616866: 50.7681360, 15.0713916
499616966: 50.7683387, 15.0715048
499616867: 50.7685035, 15.0716796
4718256063: 50.7686233, 15.0718466
280987015: 50.7655438, 15.0706756
3238617163: 50.7656135, 15.0705087
2265914183: 50.7639020, 15.0711345
6002878428: 50.7640363, 15.0712312
6002878424: 50.7640691, 15.0712708
6002878425: 50.7641033, 15.0713078
612457985: 50.7688387, 15.0604395
2865954541: 50.7689363, 15.0604571
660764829: 50.7689610, 15.0604618
3473251716: 50.7697219, 15.0606066
1397484603: 50.7701993, 15.0705427
280986909: 50.7703241, 15.0707020
280986910: 50.7704272, 15.0709045
1397484672: 50.7706318, 15.0716947
280986911: 50.7707382, 15.0719561
1397484674: 50.7708144, 15.0720609
1397484676: 50.7709122, 15.0720829
653594336: 50.7709900, 15.0720804
653594340: 50.7710765, 15.0721508
653594344: 50.7711740, 15.0723376
6223223196: 50.7711859, 15.0724027
2378497935: 50.7712134, 15.0725567
653594348: 50.7712581, 15.0727987
2933374714: 50.7700412, 15.0696359
653594315: 50.7700321, 15.0695573
2933374715: 50.7700302, 15.0694548
280986905: 50.7700414, 15.0693624
3254965828: 50.7706407, 15.0681826
1984013821: 50.7707413, 15.0592620
2106929491: 50.7664251, 15.0617827
2106929490: 50.7662959, 15.0624233
2077947612: 50.7708550, 15.0620399
2535809536: 50.7707435, 15.0637985
1915449806: 50.7707214, 15.0637092
1994982555: 50.7690297, 15.0664008
1915449763: 50.7688901, 15.0662303
612458004: 50.7706125, 15.0604928
206218208: 50.7714922, 15.0588565
1501278531: 50.7714768, 15.0588342
4825357142: 50.7702945, 15.0608949
4718393769: 50.7704966, 15.0626900
4718393756: 50.7703845, 15.0623045
4718393768: 50.7702620, 15.0619518
4718393767: 50.7701568, 15.0616521
4149565009: 50.7700414, 15.0613152
1994986655: 50.7682115, 15.0654347
1453672707: 50.7682658, 15.0654995
4718255774: 50.7687370, 15.0660524
1994982570: 50.7687797, 15.0661009
4718393776: 50.7714268, 15.0587733
4718393777: 50.7713829, 15.0587377
2380578344: 50.7668039, 15.0601791
4718333302: 50.7670955, 15.0603204
2294005853: 50.7671950, 15.0603403
204942180: 50.7678055, 15.0601949
3194231361: 50.7683441, 15.0603412
4538542759: 50.7649363, 15.0589190
5305456905: 50.7649514, 15.0590352
3837037204: 50.7649667, 15.0591440
3837037205: 50.7649767, 15.0592846
1919425258: 50.7649684, 15.0594343
4305087893: 50.7649309, 15.0597494
201958389: 50.7649259, 15.0597909
1927105684: 50.7648034, 15.0605596
1927105680: 50.7646490, 15.0615317
4715807576: 50.7645611, 15.0620790
201958393: 50.7644890, 15.0624927
6095270929: 50.7712929, 15.0580205
612457997: 50.7711299, 15.0584127
73292301: 50.7710550, 15.0585790
611858600: 50.7685441, 15.0610602
473017543: 50.7685299, 15.0607947
3204840596: 50.7666936, 15.0703692
499616980: 50.7668088, 15.0703157
499616981: 50.7670114, 15.0701673
499616982: 50.7672594, 15.0699267
499616983: 50.7673948, 15.0697861
646535676: 50.7661433, 15.0653002
1984013815: 50.7718188, 15.0607652
1992857318: 50.7719854, 15.0604389
3309937435: 50.7642516, 15.0638138
4538542774: 50.7641705, 15.0638022
3309937434: 50.7641329, 15.0637965
3309937433: 50.7641020, 15.0637928
3837037186: 50.7640661, 15.0637903
3837037185: 50.7639494, 15.0637909
4718499091: 50.7638583, 15.0638430
4718499090: 50.7638201, 15.0638869
4718499092: 50.7637768, 15.0639919
280900028: 50.7637199, 15.0641435
4718499093: 50.7636843, 15.0642615
3407123843: 50.7636760, 15.0643270
280900029: 50.7636807, 15.0644228
3407123846: 50.7636786, 15.0645963
613038709: 50.7636602, 15.0646606
606095932: 50.7642567, 15.0640208
1499469227: 50.7642761, 15.0642771
4718255706: 50.7642880, 15.0643985
201958395: 50.7643116, 15.0645499
4718255707: 50.7643859, 15.0648978
4715807573: 50.7645878, 15.0657714
4718255713: 50.7646256, 15.0659310
201958397: 50.7646745, 15.0660750
4718255712: 50.7647397, 15.0661934
201958398: 50.7647943, 15.0662700
1841821518: 50.7648621, 15.0663310
4718255711: 50.7649449, 15.0663847
201958399: 50.7650253, 15.0664217
4718255710: 50.7652111, 15.0664886
201958400: 50.7653768, 15.0665508
4718255728: 50.7655511, 15.0666125
201958401: 50.7656589, 15.0666836
4718255729: 50.7657263, 15.0667528
201958402: 50.7658180, 15.0668739
4718255759: 50.7658707, 15.0669906
201958403: 50.7658979, 15.0670938
4718255760: 50.7659133, 15.0672548
201958405: 50.7659092, 15.0673733
2535809529: 50.7686747, 15.0604021
653594353: 50.7713169, 15.0727687
6223223199: 50.7713818, 15.0723762
653594357: 50.7714022, 15.0722531
1397484782: 50.7713909, 15.0720770
653594361: 50.7713548, 15.0719023
280986914: 50.7712310, 15.0716655
73343791: 50.7660152, 15.0675932
73296378: 50.7681410, 15.0648880
1453672704: 50.7681047, 15.0649879
4718333063: 50.7680742, 15.0650972
1318589484: 50.7643292, 15.0633114
1499469228: 50.7642619, 15.0636674
4718393936: 50.7684676, 15.0601154
4718393937: 50.7684462, 15.0600412
3342365527: 50.7684576, 15.0599250
2535809544: 50.7701805, 15.0604863
73413042: 50.7701269, 15.0605922
2298089966: 50.7715194, 15.0657086
2298089965: 50.7711125, 15.0658960
4718393745: 50.7709543, 15.0659666
280899480: 50.7709052, 15.0659911
4825357132: 50.7702099, 15.0607291
4825357141: 50.7701961, 15.0607021
4825357130: 50.7700470, 15.0605202
4825357129: 50.7699694, 15.0604709
4825357128: 50.7698720, 15.0604327
4825374640: 50.7692836, 15.0603099
6075455170: 50.7691159, 15.0602745
4825357127: 50.7687031, 15.0601874
205428097: 50.7709245, 15.0665048
7108662321: 50.7709057, 15.0662802
205428100: 50.7709044, 15.0651994
611791245: 50.7708982, 15.0648306
2004781473: 50.7708711, 15.0645284
2004781477: 50.7708004, 15.0641171
4718393746: 50.7707725, 15.0639444
612457993: 50.7700769, 15.0606421
2535809522: 50.7698471, 15.0606744
3254965838: 50.7714084, 15.0692566
3254965837: 50.7713810, 15.0692035
