280899488: 50.7667546, 15.0601583
204942176: 50.7658661, 15.0596642
4718499300: 50.7658886, 15.0596952
4718499301: 50.7659615, 15.0597536
7850263995: 50.7660046, 15.0597756
3471937548: 50.7657505, 15.0597962
770513047: 50.7657208, 15.0598323
4720250018: 50.7656260, 15.0602627
770513089: 50.7655545, 15.0605870
3086039469: 50.7655007, 15.0608671
280899489: 50.7652627, 15.0620411
770513074: 50.7652067, 15.0622233
4720250030: 50.7650986, 15.0627356
1927105688: 50.7649595, 15.0633950
4720250024: 50.7649457, 15.0634617
4720250038: 50.7646964, 15.0646640
646539890: 50.7646678, 15.0648039
770513080: 50.7647026, 15.0650014
280899491: 50.7647414, 15.0651567
280899494: 50.7648736, 15.0653606
1994986658: 50.7649567, 15.0654048
3212378742: 50.7651673, 15.0655169
1927105703: 50.7654796, 15.0656831
2425845592: 50.7660961, 15.0659978
2425845595: 50.7662370, 15.0660737
280899493: 50.7663536, 15.0661483
611858493: 50.7665626, 15.0611012
611858496: 50.7669733, 15.0613198
611858495: 50.7670846, 15.0613790
611858511: 50.7672035, 15.0614423
611858510: 50.7672795, 15.0614828
3471937552: 50.7667326, 15.0602730
612457971: 50.7664798, 15.0615116
2106929484: 50.7659981, 15.0612812
612457945: 50.7658236, 15.0611978
770513103: 50.7659103, 15.0607816
280900461: 50.7662662, 15.0625707
7108662323: 50.7661886, 15.0629595
646520765: 50.7660108, 15.0638498
280899487: 50.7658638, 15.0645988
2106929480: 50.7658802, 15.0623666
2106929478: 50.7657756, 15.0623113
612457944: 50.7656129, 15.0622253
1927105696: 50.7652106, 15.0620026
1927105693: 50.7650251, 15.0624928
1927105683: 50.7647929, 15.0633132
2106929491: 50.7664251, 15.0617827
2106929490: 50.7662959, 15.0624233
280899505: 50.7666512, 15.0627449
