25973309: 50.0893964, 14.4668171
1131753366: 50.0891126, 14.4653433
25973239: 50.0890835, 14.4651921
25973247: 50.0875159, 14.4605640
1035742692: 50.0875307, 14.4606473
25973246: 50.0876606, 14.4613780
21673419: 50.0900296, 14.4664346
1131776643: 50.0899394, 14.4665147
25973238: 50.0896536, 14.4648513
1131753322: 50.0895800, 14.4648942
1131753273: 50.0891645, 14.4651435
307211303: 50.0898007, 14.4611183
3509790192: 50.0898046, 14.4611785
1229196584: 50.0897974, 14.4612776
1258717868: 50.0897889, 14.4614986
1258717867: 50.0897908, 14.4618372
109819819: 50.0898240, 14.4630123
21311324: 50.0865517, 14.4625145
603696835: 50.0865818, 14.4626295
1676873898: 50.0867611, 14.4633147
1676873899: 50.0867911, 14.4634295
21311325: 50.0870070, 14.4642544
352906041: 50.0870455, 14.4643031
352906040: 50.0870846, 14.4642949
352906043: 50.0871646, 14.4642634
25973243: 50.0885387, 14.4624188
369827748: 50.0882363, 14.4625562
25973266: 50.0879308, 14.4627084
1035742535: 50.0877428, 14.4613398
369827744: 50.0879725, 14.4612328
1035743374: 50.0882189, 14.4611257
25973245: 50.0882849, 14.4610970
352906037: 50.0866237, 14.4612016
4785352243: 50.0866914, 14.4611525
25973251: 50.0869118, 14.4609926
1131753399: 50.0869663, 14.4609539
357625479: 50.0875532, 14.4605304
1035743157: 50.0875982, 14.4604975
794638467: 50.0878657, 14.4603017
794638622: 50.0879576, 14.4602333
21673409: 50.0881009, 14.4601265
1035742924: 50.0885339, 14.4598236
25973235: 50.0886245, 14.4597632
25973236: 50.0889496, 14.4615317
1035742544: 50.0888675, 14.4615742
25973244: 50.0884234, 14.4617883
1131753238: 50.0869284, 14.4610906
25973264: 50.0870326, 14.4616753
1131753296: 50.0870477, 14.4617538
1131753299: 50.0872630, 14.4629176
1676873904: 50.0872784, 14.4629986
25973265: 50.0872858, 14.4630371
1131753455: 50.0873000, 14.4631161
352906038: 50.0873981, 14.4636372
603700526: 50.0874720, 14.4639902
21311329: 50.0874984, 14.4641165
1131753552: 50.0897143, 14.4648175
29538575: 50.0902043, 14.4645383
1131776617: 50.0900934, 14.4663990
29538577: 50.0904884, 14.4661632
426146749: 50.0905747, 14.4661218
301162210: 50.0910149, 14.4654221
1035742611: 50.0910287, 14.4653135
31624840: 50.0910334, 14.4652099
31624842: 50.0909029, 14.4638068
31624844: 50.0906059, 14.4608485
31624845: 50.0903878, 14.4596587
305839054: 50.0900698, 14.4581317
1817559258: 50.0894357, 14.4548421
1131753265: 50.0873574, 14.4630041
1131753517: 50.0871009, 14.4616379
1131753461: 50.0893540, 14.4632642
25973237: 50.0892980, 14.4632893
21311328: 50.0872127, 14.4637481
1131753324: 50.0872478, 14.4636994
1131753270: 50.0873159, 14.4636673
21311326: 50.0872466, 14.4642229
352906039: 50.0872847, 14.4641564
21311327: 50.0872857, 14.4640893
1131753357: 50.0872254, 14.4638572
1131753468: 50.0871439, 14.4636757
1676873900: 50.0870231, 14.4632683
603696837: 50.0869899, 14.4631563
352906042: 50.0869224, 14.4629233
426146754: 50.0904593, 14.4656266
1131776592: 50.0905522, 14.4660348
1131753606: 50.0875633, 14.4640847
25973241: 50.0881533, 14.4637957
25973242: 50.0887613, 14.4635274
1131753673: 50.0892057, 14.4633355
467964167: 50.0899364, 14.4634343
2183588480: 50.0901084, 14.4641679
1035742919: 50.0876824, 14.4614771
2145830413: 50.0877782, 14.4619436
357625477: 50.0867111, 14.4618123
1131753419: 50.0890685, 14.4651147
21673405: 50.0873501, 14.4552711
392032694: 50.0873742, 14.4553478
1131753332: 50.0874058, 14.4554317
2145830412: 50.0877258, 14.4563985
29381092: 50.0877785, 14.4565639
1871005915: 50.0880976, 14.4576087
307270333: 50.0881616, 14.4578122
794536575: 50.0883879, 14.4587063
1035742764: 50.0884130, 14.4588120
307270336: 50.0885238, 14.4592874
5457903246: 50.0888219, 14.4608849
354693060: 50.0889787, 14.4616851
5457903247: 50.0890950, 14.4622933
1131753268: 50.0893239, 14.4634279
1131753614: 50.0898892, 14.4658740
344481243: 50.0901917, 14.4672485
1131776583: 50.0887355, 14.4633991
2145830414: 50.0884720, 14.4620571
1035742754: 50.0884433, 14.4618973
1035743149: 50.0881151, 14.4602015
369827740: 50.0878051, 14.4620502
31625039: 50.0906238, 14.4660852
31624838: 50.0907794, 14.4659809
335791414: 50.0909033, 14.4657911
31624839: 50.0909776, 14.4656100
