21453764: 50.0771585, 14.4292176
1167635102: 50.0772067, 14.4277713
25936011: 50.0772121, 14.4276093
3421499026: 50.0772297, 14.4271234
21266465: 50.0890591, 14.4145363
1016303496: 50.0889153, 14.4144786
1412916596: 50.0888501, 14.4144525
1016303818: 50.0888015, 14.4144329
1493645187: 50.0887761, 14.4144228
1016303389: 50.0885281, 14.4143346
302948403: 50.0881868, 14.4141830
21257809: 50.0938900, 14.4164766
4691199491: 50.0938445, 14.4165118
1167635057: 50.0770665, 14.4292087
2280020376: 50.0766028, 14.4291641
21453765: 50.0775047, 14.4212661
1165960386: 50.0774143, 14.4212368
1826645348: 50.0773788, 14.4212265
282634162: 50.0766281, 14.4209906
3522638663: 50.0760997, 14.4208417
247751: 50.0887180, 14.4155869
1016303367: 50.0887738, 14.4153016
26518407: 50.0888614, 14.4148039
310161328: 50.0889461, 14.4146489
25656547: 50.0805772, 14.4288401
4749900031: 50.0806703, 14.4288017
1413857845: 50.0807539, 14.4288404
110613519: 50.0807870, 14.4288887
5215168465: 50.0812294, 14.4296003
8810430: 50.0813957, 14.4130249
4700724613: 50.0813946, 14.4131377
1548825637: 50.0813950, 14.4131561
1016303571: 50.0884979, 14.4155000
1265638058: 50.0881511, 14.4153561
4691199554: 50.0880012, 14.4153162
25685385: 50.0878462, 14.4152839
4691199599: 50.0877830, 14.4152666
4700724513: 50.0877179, 14.4152457
25656632: 50.0802386, 14.4169331
25656630: 50.0806299, 14.4168055
25657382: 50.0819524, 14.4176359
4714677285: 50.0819362, 14.4176466
2001925902: 50.0818544, 14.4177005
4983830468: 50.0814011, 14.4179995
1399998578: 50.0808486, 14.4183844
25656653: 50.0808154, 14.4184025
8810434: 50.0773984, 14.4143440
4700724651: 50.0774083, 14.4144756
332441515: 50.0774145, 14.4145724
25656671: 50.0774565, 14.4151089
25935965: 50.0772536, 14.4265478
1167635087: 50.0773185, 14.4265063
25935966: 50.0773748, 14.4264703
320309766: 50.0779151, 14.4265896
25656551: 50.0795801, 14.4273705
25656550: 50.0798022, 14.4275626
2249406271: 50.0800339, 14.4278533
21266480: 50.0860509, 14.4167950
25658897: 50.0861175, 14.4168482
300520947: 50.0861968, 14.4170239
25658886: 50.0862606, 14.4170555
300520948: 50.0866254, 14.4170669
4793932717: 50.0866685, 14.4170864
25658872: 50.0866938, 14.4171114
4793932718: 50.0867347, 14.4171725
4793932719: 50.0867620, 14.4172526
25658911: 50.0867990, 14.4174225
25658614: 50.0848946, 14.4182499
25658613: 50.0847087, 14.4182351
314789642: 50.0841864, 14.4182872
25657942: 50.0841466, 14.4182648
25658615: 50.0854955, 14.4182849
25658998: 50.0857179, 14.4186762
1414621008: 50.0821473, 14.4156837
25658462: 50.0822097, 14.4157782
2429803893: 50.0822152, 14.4157867
25658464: 50.0824162, 14.4161000
25658465: 50.0826421, 14.4167128
25658468: 50.0828315, 14.4173412
32438290: 50.0832467, 14.4179838
431175058: 50.0834508, 14.4183117
3948265697: 50.0834644, 14.4183735
25657174: 50.0834764, 14.4184282
25657261: 50.0829526, 14.4188776
3948265665: 50.0829533, 14.4189344
26423670: 50.0829548, 14.4190476
315520817: 50.0830975, 14.4195821
3948265700: 50.0831595, 14.4198306
2908218609: 50.0831765, 14.4198987
26423671: 50.0832405, 14.4200257
333347566: 50.0834052, 14.4200571
315521183: 50.0835139, 14.4201354
25657071: 50.0835905, 14.4201736
26424072: 50.0855941, 14.4182349
26423672: 50.0855162, 14.4177697
26423673: 50.0854411, 14.4173888
25658617: 50.0848155, 14.4189151
5887095488: 50.0848174, 14.4188949
5024445656: 50.0848214, 14.4188514
26423678: 50.0848351, 14.4187023
2810880644: 50.0896383, 14.4324547
3897812233: 50.0897494, 14.4324809
419866675: 50.0903792, 14.4321793
1240083570: 50.0910082, 14.4318064
25685164: 50.0910960, 14.4317544
25685139: 50.0925464, 14.4332732
25685192: 50.0924067, 14.4332936
25661135: 50.0894645, 14.4372555
1549257744: 50.0894851, 14.4374815
2640722205: 50.0895150, 14.4376231
1837440483: 50.0895796, 14.4378878
26515343: 50.0884747, 14.4269057
4751633421: 50.0884507, 14.4266131
345014512: 50.0883722, 14.4262579
345014514: 50.0883720, 14.4261517
25660118: 50.0882307, 14.4254915
26515365: 50.0881554, 14.4251461
25660116: 50.0881289, 14.4245209
25660117: 50.0877721, 14.4257345
2884777118: 50.0878293, 14.4257042
4987252754: 50.0882069, 14.4255041
25660103: 50.0888932, 14.4242449
2820088108: 50.0886964, 14.4237374
25660104: 50.0886407, 14.4235908
25660105: 50.0884725, 14.4233869
315530553: 50.0883400, 14.4233113
4751633425: 50.0888751, 14.4242991
4751633424: 50.0888529, 14.4243417
315530551: 50.0886344, 14.4244706
1407012518: 50.0884293, 14.4245023
4201287802: 50.0883363, 14.4245071
1407012519: 50.0889432, 14.4242466
5605045919: 50.0891861, 14.4240599
1251663059: 50.0892082, 14.4240158
8810406: 50.0892399, 14.4239429
1251663048: 50.0892879, 14.4240961
1251663067: 50.0892953, 14.4241216
8810402: 50.0892560, 14.4222921
4889615717: 50.0892961, 14.4223714
1251663076: 50.0893287, 14.4224469
4889615716: 50.0893496, 14.4225255
1225805099: 50.0893601, 14.4225946
1407012525: 50.0893628, 14.4226586
8810415: 50.0907477, 14.4278042
4693347231: 50.0907465, 14.4277862
1251663093: 50.0907342, 14.4275978
25660100: 50.0895852, 14.4224305
4889614956: 50.0896749, 14.4224851
3218547659: 50.0902336, 14.4226721
2239270697: 50.0902539, 14.4226789
25685113: 50.0903083, 14.4226951
1225805085: 50.0896080, 14.4222994
25659747: 50.0898966, 14.4210365
25685248: 50.0893283, 14.4158350
1251645276: 50.0892936, 14.4160173
342292566: 50.0891670, 14.4166831
9187811: 50.0890741, 14.4169118
3112804642: 50.0899882, 14.4210107
25659746: 50.0900584, 14.4209597
25685301: 50.0902192, 14.4205000
25685306: 50.0901584, 14.4198905
25685297: 50.0910580, 14.4203683
1225805064: 50.0915846, 14.4202975
1225805140: 50.0917089, 14.4202971
25685309: 50.0917673, 14.4203043
26517824: 50.0905975, 14.4204452
315529382: 50.0906031, 14.4205440
26517609: 50.0906334, 14.4210262
4883181740: 50.0902327, 14.4212543
26517612: 50.0901998, 14.4212730
8810388: 50.0905351, 14.4181809
1016303748: 50.0906636, 14.4184497
8810390: 50.0907160, 14.4185508
25659748: 50.0894310, 14.4193509
1251645257: 50.0893244, 14.4194206
8810393: 50.0889220, 14.4196836
8810394: 50.0887216, 14.4198162
8810385: 50.0910548, 14.4170237
354684509: 50.0910189, 14.4170854
8810386: 50.0907193, 14.4176460
1016303283: 50.0905339, 14.4180182
1016303334: 50.0888566, 14.4156437
109867557: 50.0892491, 14.4157989
8810420: 50.0905583, 14.4151448
1768454894: 50.0905114, 14.4151575
1016303170: 50.0904684, 14.4152006
1289267288: 50.0903022, 14.4161133
8810423: 50.0902745, 14.4162481
25660099: 50.0872150, 14.4168588
1016303332: 50.0873011, 14.4168217
25685391: 50.0878729, 14.4165767
4799890345: 50.0880756, 14.4165261
1016303238: 50.0882863, 14.4164396
25685424: 50.0885161, 14.4163696
472661922: 50.0878506, 14.4191506
1016303548: 50.0878894, 14.4189582
25660079: 50.0879246, 14.4188254
1016303452: 50.0881504, 14.4178431
25685407: 50.0881973, 14.4176803
21266471: 50.0872530, 14.4150563
4700724578: 50.0872425, 14.4150818
1016303543: 50.0871938, 14.4151866
25658960: 50.0868774, 14.4178096
1422779377: 50.0869392, 14.4177737
300520939: 50.0869698, 14.4177601
300520938: 50.0871694, 14.4176733
1422779379: 50.0872391, 14.4176702
300520937: 50.0872660, 14.4176736
25658941: 50.0873214, 14.4176426
3909170508: 50.0868237, 14.4176849
25685115: 50.0906397, 14.4227945
1414434761: 50.0906332, 14.4227464
1414434759: 50.0906292, 14.4226974
1414434758: 50.0906260, 14.4225632
25685114: 50.0906430, 14.4224194
1016303163: 50.0906394, 14.4186010
1947145406: 50.0902506, 14.4188447
1964390493: 50.0901882, 14.4188857
26518198: 50.0900068, 14.4190007
1251645261: 50.0895225, 14.4192953
25655305: 50.0797215, 14.4259276
305776980: 50.0798139, 14.4256145
3470882765: 50.0800957, 14.4249367
871339490: 50.0804634, 14.4240517
4704962024: 50.0805080, 14.4239490
25655304: 50.0805172, 14.4239276
305304117: 50.0807216, 14.4240570
3822322643: 50.0808087, 14.4238104
3183501718: 50.0810633, 14.4230899
305304116: 50.0811635, 14.4227358
3822336793: 50.0812277, 14.4225123
25655302: 50.0812449, 14.4224488
25656667: 50.0791358, 14.4210557
4704961788: 50.0791497, 14.4210551
1265671352: 50.0792150, 14.4210524
290034579: 50.0794950, 14.4210713
25658450: 50.0804237, 14.4211168
3619903200: 50.0810968, 14.4211405
26786404: 50.0811350, 14.4211418
25656663: 50.0791745, 14.4195876
2742486431: 50.0791708, 14.4197912
21257803: 50.0931580, 14.4135270
1014525950: 50.0930546, 14.4135882
25685123: 50.0916862, 14.4324657
1238413435: 50.0916534, 14.4323374
419866678: 50.0916154, 14.4321734
25685197: 50.0915869, 14.4320605
25685124: 50.0921088, 14.4308896
1238413432: 50.0920999, 14.4307409
1134815718: 50.0920614, 14.4301001
354688208: 50.0920388, 14.4297228
1238413442: 50.0919603, 14.4292698
25685125: 50.0919513, 14.4292116
354688200: 50.0917135, 14.4286711
2550809881: 50.0915947, 14.4283985
335796480: 50.0925626, 14.4267813
25685106: 50.0925088, 14.4267308
335796478: 50.0924563, 14.4265537
25685107: 50.0924405, 14.4260860
25685108: 50.0924292, 14.4251939
4889614954: 50.0903792, 14.4226335
315529862: 50.0905437, 14.4225453
282756931: 50.0935161, 14.4325436
25685162: 50.0935692, 14.4333297
25685161: 50.0938274, 14.4364102
282756932: 50.0938838, 14.4374398
25656635: 50.0798077, 14.4154025
25656634: 50.0800585, 14.4162762
25656648: 50.0807088, 14.4180098
25656646: 50.0803308, 14.4182174
25936562: 50.0761966, 14.4146767
5361420506: 50.0762872, 14.4143535
1014526049: 50.0762560, 14.4142859
2131376003: 50.0762491, 14.4142147
25657389: 50.0816326, 14.4163792
4714677270: 50.0816442, 14.4163666
1511287702: 50.0816946, 14.4163116
25658460: 50.0820760, 14.4158977
2429803895: 50.0820790, 14.4158855
25657956: 50.0829050, 14.4145336
1265637994: 50.0828797, 14.4140742
431313107: 50.0840691, 14.4167838
431313108: 50.0839528, 14.4166992
25658475: 50.0844581, 14.4140265
299047203: 50.0844756, 14.4143350
299047199: 50.0844744, 14.4146636
299047196: 50.0844207, 14.4149143
25658473: 50.0843751, 14.4156202
300700259: 50.0843683, 14.4157202
25657935: 50.0842426, 14.4165228
25658610: 50.0849006, 14.4165440
315523730: 50.0849550, 14.4165173
299047210: 50.0852786, 14.4163957
25658611: 50.0853065, 14.4163815
299047177: 50.0855034, 14.4163632
552444662: 50.0859837, 14.4162561
21266479: 50.0861176, 14.4162263
25685121: 50.0928522, 14.4323058
1238413411: 50.0928995, 14.4322077
25685120: 50.0928264, 14.4307769
25658455: 50.0821075, 14.4138462
1265637977: 50.0821091, 14.4139468
298861642: 50.0821129, 14.4141884
25656638: 50.0793442, 14.4168189
25656660: 50.0782234, 14.4189623
4700724641: 50.0782347, 14.4189521
1014525906: 50.0782790, 14.4189013
25656659: 50.0785470, 14.4185140
25656657: 50.0787861, 14.4182939
25656655: 50.0793869, 14.4180312
25656642: 50.0796482, 14.4179884
25656666: 50.0786205, 14.4205278
1265671361: 50.0790675, 14.4203813
4704961786: 50.0791334, 14.4203822
25656665: 50.0791523, 14.4203824
25935959: 50.0785855, 14.4243452
25935962: 50.0789159, 14.4244251
25935963: 50.0791638, 14.4242964
25935964: 50.0794117, 14.4240818
5577122031: 50.0798304, 14.4236963
1265671383: 50.0800101, 14.4235627
415004426: 50.0801414, 14.4234880
110612650: 50.0780287, 14.4214524
1165960356: 50.0780507, 14.4213465
25656682: 50.0780565, 14.4209822
25656669: 50.0786112, 14.4217159
1265671355: 50.0786127, 14.4218151
25935960: 50.0786025, 14.4228495
2249406264: 50.0786008, 14.4229995
25935961: 50.0780848, 14.4227587
21672758: 50.0860886, 14.4265419
5469030593: 50.0860336, 14.4266224
278464064: 50.0860093, 14.4266579
3519517581: 50.0859149, 14.4267892
25655272: 50.0845228, 14.4320002
303400857: 50.0849957, 14.4313783
5066391881: 50.0853227, 14.4309539
303408233: 50.0853430, 14.4309275
5066391882: 50.0853755, 14.4308943
25655265: 50.0854186, 14.4308942
25655266: 50.0837233, 14.4302471
300526001: 50.0842110, 14.4312298
25655130: 50.0872384, 14.4324355
1167635075: 50.0872392, 14.4327200
1836354915: 50.0872449, 14.4343471
5790163736: 50.0872000, 14.4323832
3784294543: 50.0871666, 14.4323366
5790163738: 50.0871487, 14.4323158
5790163735: 50.0871259, 14.4322970
1167635084: 50.0870975, 14.4322822
1399998582: 50.0862890, 14.4319662
25655276: 50.0871626, 14.4354474
1836354898: 50.0869150, 14.4362147
25655140: 50.0860213, 14.4318637
4704898265: 50.0859491, 14.4318522
5790159866: 50.0859123, 14.4318530
303408234: 50.0858827, 14.4318627
4704898264: 50.0858496, 14.4318799
5790159862: 50.0858190, 14.4319091
5790159863: 50.0857951, 14.4319470
344513500: 50.0857749, 14.4319894
5790159864: 50.0857556, 14.4320562
5790159865: 50.0857438, 14.4321186
25655163: 50.0857334, 14.4322031
25656548: 50.0801589, 14.4288967
4775780451: 50.0800892, 14.4288636
10703829: 50.0763227, 14.4291371
1208804222: 50.0763143, 14.4290293
25936014: 50.0761987, 14.4271741
25656678: 50.0770719, 14.4164929
5361367823: 50.0774657, 14.4164321
1014526072: 50.0774922, 14.4164280
4700724626: 50.0775354, 14.4164001
25656672: 50.0775525, 14.4163892
25685168: 50.0930300, 14.4267345
5081802668: 50.0926334, 14.4267742
25685101: 50.0917909, 14.4262984
25685103: 50.0918886, 14.4269203
5081802671: 50.0924471, 14.4251055
5081802672: 50.0924781, 14.4250491
1400006720: 50.0925247, 14.4250170
292756542: 50.0926231, 14.4250176
529127929: 50.0923995, 14.4265477
529127926: 50.0923442, 14.4262274
1251663094: 50.0923226, 14.4261631
529127925: 50.0922820, 14.4261166
431012031: 50.0921572, 14.4261651
1225805059: 50.0903637, 14.4227861
25685112: 50.0905194, 14.4231440
25685349: 50.0918514, 14.4235659
25685347: 50.0914618, 14.4234223
315529870: 50.0912897, 14.4232919
1251663081: 50.0912678, 14.4232601
315529868: 50.0912309, 14.4231682
315529865: 50.0908996, 14.4229326
3218548185: 50.0907891, 14.4228609
4889614955: 50.0907299, 14.4228242
25685117: 50.0919130, 14.4222388
1251663060: 50.0918973, 14.4220294
3178415373: 50.0918944, 14.4219911
25659755: 50.0890115, 14.4176610
300520928: 50.0882722, 14.4177014
1265638022: 50.0878705, 14.4164623
1265638015: 50.0878501, 14.4154727
4691199598: 50.0878467, 14.4153076
9187809: 50.0883876, 14.4186950
1251645249: 50.0884125, 14.4187712
4883181746: 50.0886935, 14.4197213
4883181738: 50.0889567, 14.4197764
8810395: 50.0891412, 14.4202960
5615759305: 50.0893088, 14.4207363
8810397: 50.0894396, 14.4210800
8810398: 50.0891613, 14.4213605
4601825249: 50.0889161, 14.4207532
8810399: 50.0888502, 14.4205792
25659744: 50.0898260, 14.4208565
1225461937: 50.0897339, 14.4209148
1225805045: 50.0888528, 14.4218255
8810401: 50.0888180, 14.4218779
25655137: 50.0856794, 14.4293823
290931398: 50.0857741, 14.4293210
1399998581: 50.0859087, 14.4292796
9187814: 50.0830334, 14.4218016
1419888529: 50.0831141, 14.4217850
4599585953: 50.0831508, 14.4217595
25658261: 50.0834076, 14.4214001
354967335: 50.0838487, 14.4207937
25657014: 50.0839072, 14.4207003
1990844651: 50.0838575, 14.4206258
333347552: 50.0835996, 14.4202527
25658616: 50.0843852, 14.4188251
26424076: 50.0844884, 14.4192233
26424074: 50.0846324, 14.4195475
333347556: 50.0847623, 14.4197716
3663352128: 50.0847903, 14.4198930
25658620: 50.0847967, 14.4199265
25658982: 50.0868219, 14.4194124
4749441831: 50.0868705, 14.4193818
4749441832: 50.0869921, 14.4193275
1016303589: 50.0870666, 14.4192713
8810433: 50.0797376, 14.4138898
4700724658: 50.0797416, 14.4139129
25656616: 50.0797690, 14.4140723
315520341: 50.0797752, 14.4142470
1014526221: 50.0794943, 14.4150759
25656622: 50.0794826, 14.4151591
1014526280: 50.0793561, 14.4151703
1265638055: 50.0789555, 14.4151938
1014526341: 50.0789086, 14.4151995
25656613: 50.0788293, 14.4151623
1265638011: 50.0786957, 14.4149461
25656612: 50.0786317, 14.4149034
5361151934: 50.0775547, 14.4151043
1014525994: 50.0775355, 14.4151061
4705295476: 50.0774727, 14.4151056
25661148: 50.0910316, 14.4340101
2074221023: 50.0910438, 14.4340956
331164059: 50.0910884, 14.4344766
331164060: 50.0911473, 14.4345664
25661149: 50.0912207, 14.4346073
1240083573: 50.0915286, 14.4345074
25661150: 50.0915987, 14.4344797
1837045761: 50.0916308, 14.4346926
25661142: 50.0907802, 14.4342747
2074221020: 50.0907802, 14.4344003
25661143: 50.0907802, 14.4348218
25661144: 50.0907802, 14.4351652
25661145: 50.0908354, 14.4357249
25660750: 50.0896765, 14.4260066
5758218765: 50.0896807, 14.4260897
25661061: 50.0900032, 14.4273390
3515697534: 50.0906061, 14.4271931
3515697542: 50.0906380, 14.4271854
1251663061: 50.0906461, 14.4271822
8810413: 50.0907062, 14.4271687
26517594: 50.0908330, 14.4238479
1225805130: 50.0907701, 14.4238799
26517598: 50.0906265, 14.4239445
26517601: 50.0903374, 14.4239874
25660102: 50.0900490, 14.4241293
25660101: 50.0895190, 14.4227879
1225805021: 50.0894354, 14.4227879
1407012527: 50.0893933, 14.4227666
1400002842: 50.0853386, 14.4146034
25658609: 50.0853270, 14.4145322
1548825678: 50.0848636, 14.4137037
4700724525: 50.0848616, 14.4137323
25658605: 50.0848523, 14.4138814
338636015: 50.0848792, 14.4140565
299047174: 50.0849781, 14.4142467
25658606: 50.0851224, 14.4145668
1400002839: 50.0851482, 14.4146084
1165960202: 50.0776063, 14.4212973
1826645353: 50.0776357, 14.4213047
1265671380: 50.0778912, 14.4213895
25685293: 50.0915772, 14.4179359
1289267287: 50.0914885, 14.4180532
1016303355: 50.0914009, 14.4181295
5622292072: 50.0913861, 14.4181399
5066698469: 50.0913774, 14.4181461
26517908: 50.0912771, 14.4182115
1016303440: 50.0908011, 14.4184955
308814375: 50.0855688, 14.4314355
25655141: 50.0855840, 14.4315035
25655180: 50.0861475, 14.4340489
1166042425: 50.0861815, 14.4343481
1166042439: 50.0861841, 14.4344994
25655177: 50.0861692, 14.4346739
344513503: 50.0861905, 14.4339194
794676263: 50.0861568, 14.4333815
1251645240: 50.0890371, 14.4168951
1016303679: 50.0885368, 14.4166735
9187812: 50.0884628, 14.4166358
30975606: 50.0897762, 14.4114590
30975605: 50.0892808, 14.4140704
310161329: 50.0892381, 14.4142874
1265638063: 50.0891986, 14.4143808
25685281: 50.0891615, 14.4144522
320309760: 50.0761678, 14.4269921
298538496: 50.0763511, 14.4260411
2116433675: 50.0764424, 14.4255626
2116433677: 50.0765063, 14.4252272
1167635065: 50.0766251, 14.4246044
32438433: 50.0766443, 14.4245037
4700724618: 50.0797711, 14.4139025
310253513: 50.0798269, 14.4139298
310253512: 50.0799818, 14.4139044
1259739785: 50.0801382, 14.4138797
1014525894: 50.0803363, 14.4139040
10703811: 50.0804307, 14.4139330
25657274: 50.0823715, 14.4191476
3948265348: 50.0823878, 14.4192225
1410302990: 50.0824139, 14.4193429
315520815: 50.0825283, 14.4198691
315520814: 50.0826477, 14.4205488
25657786: 50.0827969, 14.4211443
4599585949: 50.0828763, 14.4214075
4599585952: 50.0829783, 14.4217461
8810028: 50.0913327, 14.4159372
1548825861: 50.0912752, 14.4160472
1289267284: 50.0909497, 14.4166734
8810384: 50.0908928, 14.4168197
25655129: 50.0871968, 14.4288984
1417496268: 50.0872056, 14.4290801
4787480645: 50.0872080, 14.4298399
4751509125: 50.0872204, 14.4317364
247776: 50.0932451, 14.4270164
1836309233: 50.0932201, 14.4258076
1165960267: 50.0775134, 14.4210738
523637138: 50.0775529, 14.4206651
83833125: 50.0776539, 14.4198489
1826645356: 50.0776627, 14.4197468
703733516: 50.0776614, 14.4196478
21456613: 50.0776492, 14.4195717
4701097441: 50.0776407, 14.4195252
1272589318: 50.0776365, 14.4194733
25662688: 50.0925318, 14.4384512
1549258006: 50.0925378, 14.4385688
370457941: 50.0925626, 14.4389962
25935957: 50.0779410, 14.4250148
25935958: 50.0779874, 14.4241461
4739069674: 50.0781704, 14.4216422
1165960294: 50.0781748, 14.4215847
25656670: 50.0781814, 14.4215130
110613282: 50.0799716, 14.4309638
5789795485: 50.0799102, 14.4307671
5789795486: 50.0798371, 14.4306465
1413857825: 50.0797861, 14.4305431
110613291: 50.0797458, 14.4304148
1413857834: 50.0801986, 14.4293606
25655214: 50.0827054, 14.4316998
1157156562: 50.0826348, 14.4319046
297600569: 50.0824093, 14.4325496
25655300: 50.0823887, 14.4326010
110613145: 50.0794699, 14.4299274
1413857803: 50.0793948, 14.4299930
5206629318: 50.0793294, 14.4300258
247743: 50.0792640, 14.4300586
133092721: 50.0929965, 14.4272810
1421686962: 50.0927777, 14.4273345
1208804168: 50.0762614, 14.4271330
25936015: 50.0768366, 14.4268069
1167635060: 50.0771803, 14.4265933
25655268: 50.0832974, 14.4308409
21672756: 50.0825960, 14.4296627
244214239: 50.0866225, 14.4371683
3472996463: 50.0865532, 14.4370739
290928176: 50.0865223, 14.4370112
5216395181: 50.0864785, 14.4369615
1808613924: 50.0857745, 14.4364040
2800432609: 50.0857444, 14.4363564
1808613923: 50.0857373, 14.4362852
1017997541: 50.0865617, 14.4373775
25657278: 50.0811243, 14.4196658
25657286: 50.0807711, 14.4197826
1265671378: 50.0804794, 14.4198231
25657298: 50.0801760, 14.4198085
25656664: 50.0798455, 14.4197086
1636909698: 50.0796040, 14.4196313
1813890886: 50.0793725, 14.4196037
1265671358: 50.0793148, 14.4195977
21672757: 50.0855325, 14.4256868
4751509121: 50.0855626, 14.4256936
4747975831: 50.0858426, 14.4261318
5469030594: 50.0861423, 14.4266310
2938541855: 50.0864716, 14.4271767
1417496265: 50.0869439, 14.4279672
5064050135: 50.0870772, 14.4282109
5064032419: 50.0871325, 14.4283303
4751540275: 50.0871771, 14.4284716
268782596: 50.0841971, 14.4275361
355722386: 50.0839646, 14.4271127
290930511: 50.0837623, 14.4267784
4197705957: 50.0836795, 14.4266415
268782611: 50.0836556, 14.4266019
25685146: 50.0918499, 14.4361217
25661141: 50.0914438, 14.4363013
2074221021: 50.0913461, 14.4363534
282755817: 50.0911525, 14.4364760
25661146: 50.0914050, 14.4336207
1240083577: 50.0913423, 14.4336874
1134819318: 50.0910753, 14.4339712
4693353006: 50.0900538, 14.4351805
25661085: 50.0900384, 14.4351997
25661147: 50.0912176, 14.4323530
419866679: 50.0912246, 14.4324088
1240083600: 50.0913957, 14.4335691
25685196: 50.0915244, 14.4317811
419866677: 50.0914905, 14.4316237
3042183471: 50.0914730, 14.4315403
25685195: 50.0911314, 14.4300313
3306782860: 50.0910242, 14.4295563
282628928: 50.0762725, 14.4243462
2116433667: 50.0762848, 14.4242599
340225123: 50.0762948, 14.4241896
2116433672: 50.0763847, 14.4228330
282628929: 50.0763905, 14.4227335
282628930: 50.0765306, 14.4227486
2116433683: 50.0765431, 14.4225273
4830951853: 50.0765431, 14.4225262
282628931: 50.0766063, 14.4214692
282755821: 50.0910085, 14.4365812
4807803293: 50.0908443, 14.4367069
1549257858: 50.0907125, 14.4368077
25661133: 50.0905937, 14.4369622
369389839: 50.0904887, 14.4370830
25661134: 50.0899550, 14.4374745
1837440497: 50.0898953, 14.4375036
1837440496: 50.0898275, 14.4375050
8810021: 50.0935158, 14.4322996
1825997283: 50.0939123, 14.4378192
4949820535: 50.0939193, 14.4379139
282756934: 50.0936778, 14.4354775
1838294027: 50.0936443, 14.4355373
2640696579: 50.0927152, 14.4357259
1223808219: 50.0926671, 14.4357357
25685148: 50.0925367, 14.4357741
282756936: 50.0934912, 14.4331010
25656676: 50.0775980, 14.4179245
2131376020: 50.0776766, 14.4180448
5361151933: 50.0777021, 14.4180809
25656677: 50.0777276, 14.4181170
5361420502: 50.0765177, 14.4152507
289251591: 50.0763359, 14.4168328
330632506: 50.0768231, 14.4166350
1014526255: 50.0769080, 14.4166249
1014525911: 50.0770300, 14.4165816
25655215: 50.0819369, 14.4306703
1157156571: 50.0819831, 14.4307321
1157156566: 50.0826858, 14.4316736
1166042447: 50.0861099, 14.4342029
305809595: 50.0860701, 14.4342693
5066391872: 50.0860187, 14.4343239
1166042422: 50.0859445, 14.4343431
1157156585: 50.0813691, 14.4317581
25655301: 50.0813219, 14.4317147
25655303: 50.0806897, 14.4241459
871339488: 50.0807415, 14.4242119
3470882767: 50.0808885, 14.4243948
290931877: 50.0811422, 14.4247190
3470882766: 50.0812783, 14.4248880
4747985386: 50.0813950, 14.4250344
1303475742: 50.0924122, 14.4358378
2640695967: 50.0923524, 14.4358610
1549257974: 50.0919457, 14.4360720
4700724625: 50.0774419, 14.4151117
1014526036: 50.0773718, 14.4151298
3559388537: 50.0766418, 14.4152256
333347665: 50.0839271, 14.4207609
1990844654: 50.0839795, 14.4208339
1407012504: 50.0847792, 14.4220377
25658228: 50.0848178, 14.4220971
300524475: 50.0848804, 14.4221969
1014525780: 50.0762501, 14.4148773
5361420504: 50.0764380, 14.4151703
25656628: 50.0802975, 14.4152667
1014526068: 50.0803291, 14.4153997
25656623: 50.0796398, 14.4154598
315520362: 50.0794319, 14.4156143
25656624: 50.0790853, 14.4158669
4700724636: 50.0775665, 14.4163794
1014525796: 50.0776349, 14.4163475
5361102163: 50.0780892, 14.4162014
25685111: 50.0910069, 14.4242166
1251663054: 50.0910719, 14.4241509
292756572: 50.0913564, 14.4240164
1251663088: 50.0914303, 14.4241250
292756592: 50.0914974, 14.4242711
292756602: 50.0920340, 14.4240010
2820088121: 50.0919013, 14.4236848
315530170: 50.0922226, 14.4252114
292756633: 50.0914590, 14.4246352
1544913824: 50.0774209, 14.4239747
25657120: 50.0839308, 14.4184496
1414464991: 50.0837782, 14.4184158
299924934: 50.0832001, 14.4186646
25657219: 50.0831253, 14.4187286
552407636: 50.0827640, 14.4189652
2026316815: 50.0824654, 14.4191025
5064050132: 50.0873487, 14.4285073
4931479763: 50.0872297, 14.4284431
1014525977: 50.0786418, 14.4147700
1014526012: 50.0786598, 14.4142911
5361151935: 50.0786602, 14.4142349
4700724545: 50.0786638, 14.4141987
25656556: 50.0786642, 14.4141749
10703813: 50.0834231, 14.4137669
1030966567: 50.0834504, 14.4134094
4700724530: 50.0835068, 14.4133165
10703814: 50.0835223, 14.4132910
1265638029: 50.0834563, 14.4138568
299047224: 50.0834987, 14.4140634
1265638035: 50.0835268, 14.4142884
25657933: 50.0835428, 14.4143679
298861630: 50.0840402, 14.4153733
298861634: 50.0840370, 14.4146961
298861636: 50.0840277, 14.4146134
298861639: 50.0839402, 14.4142432
1265638032: 50.0821273, 14.4148266
25658457: 50.0821456, 14.4149581
1265637971: 50.0829479, 14.4147563
25657954: 50.0831695, 14.4155169
1265637987: 50.0834141, 14.4163279
25657949: 50.0836182, 14.4171516
431263231: 50.0836447, 14.4172304
314789632: 50.0837133, 14.4173580
25657945: 50.0838127, 14.4174493
314789639: 50.0839609, 14.4174573
25657937: 50.0840261, 14.4174916
1548825686: 50.0853475, 14.4140137
4700724523: 50.0853490, 14.4139896
26423892: 50.0853507, 14.4139499
338633641: 50.0841734, 14.4166504
299047215: 50.0840293, 14.4169868
431313109: 50.0840717, 14.4176331
25657939: 50.0841720, 14.4178072
1265638053: 50.0790976, 14.4159081
354129434: 50.0802870, 14.4178587
354129429: 50.0802128, 14.4170562
1265638042: 50.0802144, 14.4169803
25656644: 50.0797096, 14.4184097
299047377: 50.0798537, 14.4183631
2429803894: 50.0820747, 14.4155527
25658459: 50.0820654, 14.4155046
1265638061: 50.0822552, 14.4149068
360541185: 50.0825924, 14.4146720
25656959: 50.0841771, 14.4202226
1990844649: 50.0836979, 14.4201823
1990844648: 50.0836062, 14.4200781
333347547: 50.0836137, 14.4200443
1251376442: 50.0839069, 14.4185645
299059749: 50.0813920, 14.4128825
4700724620: 50.0813939, 14.4129864
1014526154: 50.0802958, 14.4151953
1259739781: 50.0803074, 14.4148369
299368382: 50.0803437, 14.4144904
299368380: 50.0803552, 14.4144233
25655138: 50.0853045, 14.4298632
300084249: 50.0852146, 14.4299132
300084250: 50.0851419, 14.4299132
1157156586: 50.0851162, 14.4298846
2938526075: 50.0847219, 14.4294076
303408216: 50.0846122, 14.4292433
110622704: 50.0845277, 14.4291992
1157156568: 50.0844098, 14.4290243
25655262: 50.0843593, 14.4289553
1157156565: 50.0838396, 14.4282215
21672755: 50.0837576, 14.4281031
1157156589: 50.0836526, 14.4279413
4197705961: 50.0832545, 14.4273174
290930507: 50.0831702, 14.4271900
4747985363: 50.0828269, 14.4266520
4704947008: 50.0854562, 14.4309761
303401250: 50.0854849, 14.4310829
1157156579: 50.0855488, 14.4313527
21672751: 50.0794677, 14.4302423
110613544: 50.0791583, 14.4299815
1935347274: 50.0788280, 14.4297758
320309770: 50.0786806, 14.4296841
10703828: 50.0780200, 14.4294128
352744337: 50.0776642, 14.4293120
25660749: 50.0883263, 14.4261134
300700256: 50.0837482, 14.4155990
25656674: 50.0779005, 14.4179510
1014525854: 50.0779318, 14.4180595
331960295: 50.0780021, 14.4183033
2131375986: 50.0781124, 14.4186473
1014525916: 50.0782719, 14.4191070
25656661: 50.0784355, 14.4195299
25655132: 50.0884586, 14.4325287
2810880621: 50.0884911, 14.4324057
4700724576: 50.0872650, 14.4150302
1016303229: 50.0872918, 14.4149722
5920873888: 50.0873720, 14.4144966
302948411: 50.0874040, 14.4143067
3618398175: 50.0811417, 14.4210667
25657313: 50.0811928, 14.4204920
305796263: 50.0811886, 14.4200686
2026317514: 50.0811367, 14.4197370
4714677261: 50.0811306, 14.4196916
303406585: 50.0848837, 14.4300368
303406586: 50.0845376, 14.4304430
4752631098: 50.0846544, 14.4306993
4932419446: 50.0847880, 14.4309843
4752631092: 50.0849624, 14.4313114
4752631096: 50.0849755, 14.4313392
586470758: 50.0861031, 14.4165854
552444663: 50.0860979, 14.4166242
552444664: 50.0860789, 14.4167045
247749: 50.0860597, 14.4143866
5010102942: 50.0860224, 14.4143214
1157156560: 50.0839575, 14.4327087
25655193: 50.0838936, 14.4327888
308814374: 50.0859312, 14.4312626
1240059919: 50.0856680, 14.4313882
5066391870: 50.0856270, 14.4314078
309292588: 50.0932601, 14.4140527
1014525758: 50.0932285, 14.4142536
1014525975: 50.0932402, 14.4145282
309292589: 50.0932696, 14.4148661
309292591: 50.0937081, 14.4162897
25660115: 50.0877170, 14.4245651
25685119: 50.0918698, 14.4222340
1251663044: 50.0918683, 14.4222985
1092173015: 50.0918557, 14.4228282
2239270702: 50.0906275, 14.4223725
1225805026: 50.0905978, 14.4223024
1225805054: 50.0905741, 14.4230584
1414434760: 50.0906329, 14.4228766
1238413401: 50.0917801, 14.4327329
2395962348: 50.0918465, 14.4330085
2313673604: 50.0918742, 14.4331320
331163591: 50.0919161, 14.4330963
2313673605: 50.0919930, 14.4330680
2313673606: 50.0920377, 14.4330404
331163592: 50.0920538, 14.4330821
331163593: 50.0921010, 14.4333733
300118850: 50.0773108, 14.4173989
299047384: 50.0771798, 14.4171383
5361189107: 50.0771130, 14.4170619
1014526126: 50.0769618, 14.4168082
5361189105: 50.0769253, 14.4167051
4705295464: 50.0780977, 14.4142572
332441516: 50.0775162, 14.4143443
315514178: 50.0939568, 14.4167395
2562592858: 50.0906173, 14.4370344
3426533361: 50.0925788, 14.4270119
1238413439: 50.0925917, 14.4271946
4693347240: 50.0926038, 14.4273540
8810416: 50.0926054, 14.4273750
4700724581: 50.0859432, 14.4142745
4704898320: 50.0856772, 14.4316403
5790159861: 50.0857157, 14.4316907
303408235: 50.0857613, 14.4317367
5790159860: 50.0858179, 14.4317753
2800432611: 50.0858834, 14.4318102
25655134: 50.0882451, 14.4301611
427203519: 50.0882586, 14.4304230
2812898276: 50.0882960, 14.4309648
2812898277: 50.0883155, 14.4312480
2812898278: 50.0883241, 14.4313764
344969418: 50.0883544, 14.4318331
2812898275: 50.0882431, 14.4301212
4931462226: 50.0882356, 14.4299716
4931470436: 50.0882197, 14.4294480
345014513: 50.0882846, 14.4257592
25659745: 50.0899332, 14.4206986
1251663083: 50.0898837, 14.4205638
26517823: 50.0897164, 14.4201655
1251645273: 50.0894892, 14.4195404
1251645253: 50.0893986, 14.4192516
25659750: 50.0891864, 14.4183896
354688204: 50.0921321, 14.4291797
5367209057: 50.0920568, 14.4291935
354688206: 50.0921019, 14.4285205
4805407792: 50.0896881, 14.4326700
25661084: 50.0897971, 14.4331721
4805407807: 50.0898259, 14.4334325
1272561604: 50.0786628, 14.4195497
1272561623: 50.0788047, 14.4195535
1265671398: 50.0789602, 14.4195597
1157156582: 50.0857510, 14.4322850
794676298: 50.0860077, 14.4334293
1166042417: 50.0861235, 14.4339206
5789795489: 50.0799644, 14.4308947
1935347342: 50.0799600, 14.4308465
5789795490: 50.0799648, 14.4308057
110613277: 50.0799741, 14.4307718
5789795491: 50.0799866, 14.4307345
1422087847: 50.0800035, 14.4307055
5789795492: 50.0800331, 14.4306817
24568304: 50.0800681, 14.4306745
1157156574: 50.0827554, 14.4316273
5784509655: 50.0841068, 14.4297097
25655275: 50.0841511, 14.4296613
5784509654: 50.0842226, 14.4295947
5784509653: 50.0842916, 14.4295201
5066391883: 50.0844750, 14.4292782
5469030607: 50.0844821, 14.4292692
4244230406: 50.0797697, 14.4259568
25655306: 50.0800764, 14.4261390
290931821: 50.0808548, 14.4265648
1238413415: 50.0925194, 14.4273965
8810417: 50.0926922, 14.4283795
292456787: 50.0927703, 14.4283918
8810022: 50.0932680, 14.4282439
1238413429: 50.0932622, 14.4280687
610907198: 50.0932591, 14.4279604
523106750: 50.0932471, 14.4274402
1417496267: 50.0871978, 14.4287054
1990844653: 50.0839615, 14.4206144
26424104: 50.0840415, 14.4204706
1990844656: 50.0841269, 14.4203335
432573217: 50.0891725, 14.4260578
25660119: 50.0894124, 14.4260750
1251663082: 50.0896291, 14.4260258
292756411: 50.0931504, 14.4248503
1801415799: 50.0930756, 14.4250574
529128767: 50.0930581, 14.4251707
1837048182: 50.0930805, 14.4265802
354686144: 50.0930710, 14.4266403
315530550: 50.0896371, 14.4252155
5758218766: 50.0896752, 14.4256192
5758218764: 50.0896870, 14.4259212
300520933: 50.0869041, 14.4174086
586483723: 50.0870268, 14.4174010
300520946: 50.0872086, 14.4173335
1422779378: 50.0872385, 14.4173218
25658927: 50.0872622, 14.4173130
5184615564: 50.0849107, 14.4182505
26424073: 50.0851431, 14.4182598
315524016: 50.0853543, 14.4182959
25658993: 50.0860232, 14.4180549
431313110: 50.0840752, 14.4182867
1928708608: 50.0841092, 14.4186427
3948265676: 50.0841292, 14.4186559
25659012: 50.0873771, 14.4179188
25660491: 50.0875449, 14.4189644
1016303799: 50.0875708, 14.4191073
472661921: 50.0875688, 14.4192055
25658970: 50.0871076, 14.4192195
300519480: 50.0873578, 14.4191390
1414449542: 50.0874378, 14.4191642
1414449544: 50.0874956, 14.4191863
472661923: 50.0877208, 14.4192285
1016303611: 50.0879263, 14.4190824
300519473: 50.0880444, 14.4189760
4543001576: 50.0805141, 14.4224068
4244451468: 50.0802213, 14.4223704
25658257: 50.0796268, 14.4222692
4693347241: 50.0926073, 14.4273958
1238413444: 50.0926190, 14.4275249
2297225992: 50.0926358, 14.4276655
9187801: 50.0878870, 14.4203790
300519438: 50.0878183, 14.4204413
503333220: 50.0877963, 14.4205048
25685116: 50.0912313, 14.4221714
315529867: 50.0915426, 14.4221507
1251663073: 50.0916303, 14.4221730
1407012529: 50.0918463, 14.4222280
25685536: 50.0923628, 14.4138069
26516747: 50.0897274, 14.4280474
315532361: 50.0909359, 14.4241047
25685096: 50.0911462, 14.4250860
315530174: 50.0912380, 14.4254232
1837049362: 50.0913038, 14.4257307
25685098: 50.0914067, 14.4264050
276837687: 50.0932139, 14.4137680
1016303246: 50.0907546, 14.4187016
25685294: 50.0908982, 14.4194303
282761013: 50.0816835, 14.4194464
1410302988: 50.0822305, 14.4192051
4714677263: 50.0822872, 14.4191820
357573254: 50.0786820, 14.4172485
2131376024: 50.0779172, 14.4177171
4700724638: 50.0778643, 14.4177484
25656673: 50.0778522, 14.4177555
1225805142: 50.0895569, 14.4225607
1157156584: 50.0853786, 14.4299433
25655139: 50.0858551, 14.4304450
1238413448: 50.0921305, 14.4311220
3042183473: 50.0921464, 14.4312927
1238413427: 50.0922393, 14.4322867
25685122: 50.0922586, 14.4324362
4167290584: 50.0918134, 14.4286356
3305500302: 50.0922689, 14.4284729
1240083596: 50.0912626, 14.4319063
409234439: 50.0911613, 14.4319453
1836354890: 50.0866644, 14.4350434
5066391880: 50.0870252, 14.4352998
1167635112: 50.0870590, 14.4353238
1418643042: 50.0871246, 14.4353870
1515521800: 50.0935578, 14.4338471
1515521821: 50.0936306, 14.4347949
309292592: 50.0938564, 14.4168363
354693226: 50.0938843, 14.4169590
1548698504: 50.0940509, 14.4178996
309292594: 50.0941505, 14.4184209
309292595: 50.0943301, 14.4191120
1225461943: 50.0897744, 14.4201294
1225461939: 50.0908347, 14.4194698
4958843990: 50.0906784, 14.4372395
765350876: 50.0907531, 14.4375108
765350877: 50.0908570, 14.4378752
4806619506: 50.0908669, 14.4379078
4693303139: 50.0909019, 14.4380224
4958848988: 50.0909340, 14.4381246
4958843988: 50.0909426, 14.4381501
21634087: 50.0909871, 14.4383014
1240059918: 50.0858207, 14.4301520
1157156575: 50.0857058, 14.4295325
25685319: 50.0920400, 14.4195170
5622292068: 50.0921388, 14.4201239
25685317: 50.0921570, 14.4202359
1017997489: 50.0863196, 14.4377540
25655278: 50.0865128, 14.4376533
1017997515: 50.0864859, 14.4378974
1017997537: 50.0863432, 14.4379007
1017997516: 50.0863636, 14.4380540
1836299194: 50.0930945, 14.4239741
1825997271: 50.0931091, 14.4246359
1016303311: 50.0931148, 14.4246873
292756627: 50.0918495, 14.4230920
3426533349: 50.0920865, 14.4222565
315529879: 50.0921278, 14.4222607
315529878: 50.0924188, 14.4222034
3426533360: 50.0925265, 14.4221687
658937695: 50.0927310, 14.4221028
1016303784: 50.0928691, 14.4220655
25685118: 50.0929840, 14.4220338
5066391876: 50.0857933, 14.4341945
297600578: 50.0851736, 14.4337054
1166042444: 50.0847128, 14.4334399
1166042440: 50.0851247, 14.4338717
1166042420: 50.0858865, 14.4344594
5066391878: 50.0859419, 14.4345014
1225419809: 50.0812686, 14.4080708
1014526093: 50.0813914, 14.4128731
1410296775: 50.0911718, 14.4215213
1225461941: 50.0909158, 14.4195271
1225461938: 50.0910422, 14.4202768
315524017: 50.0845990, 14.4188535
5024445654: 50.0846267, 14.4188614
300519435: 50.0878039, 14.4206210
5537868724: 50.0880344, 14.4210580
300519447: 50.0881584, 14.4212930
300519448: 50.0882592, 14.4214252
25659741: 50.0884289, 14.4215578
4700724610: 50.0813224, 14.4130356
1014526019: 50.0812966, 14.4130456
3395974179: 50.0812138, 14.4130619
366393588: 50.0810929, 14.4131008
299047368: 50.0809807, 14.4131372
1548825601: 50.0807494, 14.4132397
10703812: 50.0828858, 14.4139347
1014525824: 50.0776208, 14.4193287
2131376019: 50.0775838, 14.4184595
25656675: 50.0776363, 14.4183175
2131376021: 50.0778403, 14.4180029
4700724628: 50.0778853, 14.4179682
5679574105: 50.0781629, 14.4194831
1272589337: 50.0779397, 14.4194605
1272589334: 50.0777916, 14.4194706
1272589319: 50.0777629, 14.4194726
1272589327: 50.0776698, 14.4194757
4691199657: 50.0939987, 14.4169236
4692949900: 50.0935170, 14.4152740
21257805: 50.0934162, 14.4149489
4691199656: 50.0933612, 14.4147453
1302564592: 50.0933152, 14.4144850
21257798: 50.0922173, 14.4114142
3129042301: 50.0923697, 14.4116407
342639799: 50.0924706, 14.4117816
4691199653: 50.0925433, 14.4118976
1307169344: 50.0926100, 14.4120239
4691199654: 50.0926835, 14.4121700
21257800: 50.0927522, 14.4123179
342639796: 50.0929876, 14.4129691
4691199655: 50.0930793, 14.4132439
1329617506: 50.0864033, 14.4145739
586470757: 50.0862932, 14.4145135
1016303318: 50.0868880, 14.4179528
342269129: 50.0868941, 14.4179821
1016303395: 50.0926656, 14.4200454
8810025: 50.0927539, 14.4200118
354684511: 50.0910011, 14.4169463
4691199475: 50.0914180, 14.4177368
5622292064: 50.0914250, 14.4177505
331954584: 50.0914440, 14.4177877
1289267286: 50.0915069, 14.4178854
1265671376: 50.0789850, 14.4219797
25656668: 50.0792124, 14.4221209
1157156577: 50.0862093, 14.4319385
303408229: 50.0860935, 14.4318942
1157156583: 50.0828646, 14.4318808
290929813: 50.0830017, 14.4320314
2131376081: 50.0840475, 14.4328989
297600586: 50.0841276, 14.4329595
297600584: 50.0843634, 14.4331639
299047381: 50.0804612, 14.4159562
1417496266: 50.0871248, 14.4289168
1265638006: 50.0806867, 14.4167830
1265637999: 50.0815442, 14.4164668
4714677287: 50.0816149, 14.4163968
2362773765: 50.0853583, 14.4147242
5097406793: 50.0853746, 14.4148241
25658608: 50.0853893, 14.4149143
338633640: 50.0854401, 14.4153492
1977834006: 50.0854385, 14.4154047
25658612: 50.0854314, 14.4156564
8810404: 50.0893569, 14.4227432
8810409: 50.0898346, 14.4258950
1225805134: 50.0893347, 14.4229098
8810405: 50.0893831, 14.4237295
1225805137: 50.0893581, 14.4238017
5605045915: 50.0892671, 14.4238821
300524470: 50.0851753, 14.4226427
25655033: 50.0856043, 14.4233069
1837478782: 50.0921413, 14.4251688
4717143830: 50.0921314, 14.4251572
1837478781: 50.0919900, 14.4249917
292756691: 50.0919362, 14.4249071
292756643: 50.0916042, 14.4248617
315532209: 50.0915801, 14.4247088
315532386: 50.0915220, 14.4246782
1407012517: 50.0877232, 14.4252641
1410296778: 50.0912241, 14.4220966
315532358: 50.0915288, 14.4242427
315530169: 50.0917639, 14.4241431
315530173: 50.0913285, 14.4247376
25685110: 50.0911379, 14.4247718
1272589326: 50.0780903, 14.4194726
298527958: 50.0832160, 14.4132395
298527964: 50.0826889, 14.4131570
1548825650: 50.0825058, 14.4131312
1493645189: 50.0891137, 14.4145062
1413857865: 50.0821202, 14.4266739
1413857866: 50.0821531, 14.4266293
110613008: 50.0822040, 14.4265606
1413857810: 50.0794905, 14.4298467
1413857862: 50.0819363, 14.4264544
110613102: 50.0818744, 14.4265352
1413857854: 50.0816049, 14.4269083
3522638665: 50.0814278, 14.4271587
21672750: 50.0813579, 14.4272544
1016303199: 50.0937219, 14.4165908
4692949902: 50.0932335, 14.4169128
3218548171: 50.0905416, 14.4231940
1225805066: 50.0905787, 14.4232774
1016303294: 50.0882304, 14.4175452
4799890343: 50.0884299, 14.4167633
1414449543: 50.0874880, 14.4190703
1016303363: 50.0881291, 14.4176564
300520927: 50.0880558, 14.4176371
1016303670: 50.0874650, 14.4178823
299047219: 50.0838973, 14.4166114
3559388550: 50.0775222, 14.4177967
1414621009: 50.0822316, 14.4157695
1414621007: 50.0821016, 14.4155371
1414621004: 50.0820422, 14.4155716
1414621005: 50.0820603, 14.4158653
1414621006: 50.0820996, 14.4159077
1157156564: 50.0853629, 14.4297883
1413857819: 50.0797137, 14.4302522
110613273: 50.0797016, 14.4301088
110613140: 50.0820725, 14.4262728
1413857864: 50.0819964, 14.4263758
1413857827: 50.0798298, 14.4299157
110613113: 50.0822357, 14.4264341
4704924342: 50.0822570, 14.4263503
110613121: 50.0822446, 14.4262847
300523709: 50.0822103, 14.4262404
110613131: 50.0821537, 14.4262342
1016303413: 50.0871088, 14.4149776
4057192704: 50.0869252, 14.4148726
342269134: 50.0872257, 14.4170521
2609978300: 50.0872404, 14.4171584
1016303291: 50.0873382, 14.4177311
342269138: 50.0873641, 14.4178405
1157156588: 50.0813673, 14.4316407
1157156561: 50.0818760, 14.4307697
1157156576: 50.0824891, 14.4298275
472881718: 50.0822401, 14.4301968
1157156590: 50.0819973, 14.4305785
5790159883: 50.0859992, 14.4318109
5790159881: 50.0859815, 14.4317608
340222358: 50.0859722, 14.4317170
1157156570: 50.0859264, 14.4311947
247746: 50.0773154, 14.4247604
1167635077: 50.0774226, 14.4248036
320309763: 50.0789666, 14.4254492
4704962006: 50.0791147, 14.4216338
4704962005: 50.0791172, 14.4217190
1265671385: 50.0791220, 14.4217941
4704962007: 50.0791354, 14.4218941
5216348206: 50.0791757, 14.4220235
26424075: 50.0846439, 14.4199598
3663352125: 50.0845967, 14.4199748
333347562: 50.0845727, 14.4200040
333347700: 50.0844620, 14.4200092
25658619: 50.0843570, 14.4200041
3415578106: 50.0843235, 14.4200253
1990844670: 50.0842929, 14.4200447
1407012493: 50.0842339, 14.4201306
1421686964: 50.0945505, 14.4269191
1421686963: 50.0934687, 14.4271725
2297225995: 50.0932310, 14.4272271
4793862638: 50.0804757, 14.4309951
2413986444: 50.0808139, 14.4312823
1157156578: 50.0812445, 14.4316505
552444665: 50.0860284, 14.4168755
3763231378: 50.0860185, 14.4169531
3763231376: 50.0860088, 14.4170551
21266481: 50.0860080, 14.4171790
3763231377: 50.0860171, 14.4173794
342269288: 50.0860509, 14.4175980
21266482: 50.0861465, 14.4179517
26423677: 50.0848661, 14.4184494
610907210: 50.0929742, 14.4283378
1825997272: 50.0931217, 14.4282950
1413857851: 50.0809731, 14.4278173
1413857841: 50.0805855, 14.4283424
3522638664: 50.0804829, 14.4284825
25656546: 50.0804170, 14.4285685
1413857831: 50.0800456, 14.4290545
1413857812: 50.0795988, 14.4296825
1251663085: 50.0906605, 14.4278296
1631808173: 50.0905015, 14.4278678
2249406306: 50.0900706, 14.4279640
8810412: 50.0905674, 14.4257623
1251663074: 50.0905289, 14.4256408
1251663055: 50.0901678, 14.4245863
1225805029: 50.0894375, 14.4223856
1251663058: 50.0895115, 14.4224129
8810410: 50.0899506, 14.4258902
315530549: 50.0904244, 14.4258632
1251663065: 50.0904930, 14.4258284
415004424: 50.0794284, 14.4225008
247745: 50.0795287, 14.4226679
5577122032: 50.0796061, 14.4228055
74317703: 50.0797663, 14.4230318
3397119016: 50.0798244, 14.4231026
1265671364: 50.0801792, 14.4235337
4543001580: 50.0802563, 14.4236221
331954476: 50.0922391, 14.4175684
247765: 50.0921443, 14.4176344
1535540838: 50.0877658, 14.4149185
1535540844: 50.0877937, 14.4148706
1535522807: 50.0878451, 14.4145849
1265637986: 50.0877360, 14.4150928
4700724512: 50.0877205, 14.4152240
1535540847: 50.0877961, 14.4145694
1535540841: 50.0877687, 14.4146036
1535540832: 50.0877425, 14.4147832
1535540834: 50.0877504, 14.4148563
55405202: 50.0812723, 14.4138113
55405213: 50.0815247, 14.4137789
298527937: 50.0824764, 14.4138736
299047222: 50.0831221, 14.4139445
1030966712: 50.0833165, 14.4138561
25685543: 50.0927544, 14.4138069
25685542: 50.0926567, 14.4138570
1014525778: 50.0925115, 14.4138840
4700724600: 50.0813959, 14.4131752
3395974173: 50.0813994, 14.4132507
8810026: 50.0925881, 14.4191447
1240721209: 50.0924027, 14.4184703
697456622: 50.0921964, 14.4177993
110613546: 50.0796737, 14.4304944
8810426: 50.0849956, 14.4137738
299047207: 50.0844436, 14.4134806
26423956: 50.0842861, 14.4134242
1030967136: 50.0841131, 14.4133836
3442721033: 50.0894607, 14.4158941
1493645193: 50.0894906, 14.4159075
3442721045: 50.0897548, 14.4160255
8810424: 50.0898006, 14.4160460
5066698489: 50.0903440, 14.4162937
4691199591: 50.0904099, 14.4163518
2800432610: 50.0857541, 14.4361683
1808613925: 50.0858155, 14.4360028
1808613944: 50.0861305, 14.4350481
1825997266: 50.0924695, 14.4384223
1836342334: 50.0923465, 14.4383693
697456472: 50.0920912, 14.4174843
331954585: 50.0919657, 14.4171530
8810027: 50.0918920, 14.4169736
331954483: 50.0916144, 14.4163709
1016303675: 50.0913647, 14.4159870
1016303577: 50.0910142, 14.4155433
8810419: 50.0907146, 14.4152205
1768454895: 50.0906325, 14.4151692
4691199555: 50.0916267, 14.4179447
1289267289: 50.0916819, 14.4179311
553531629: 50.0918653, 14.4178242
697456573: 50.0920236, 14.4177149
5622292065: 50.0920955, 14.4176669
354686128: 50.0930667, 14.4233925
8810024: 50.0930536, 14.4231609
354686141: 50.0930223, 14.4226953
1016303733: 50.0929700, 14.4217898
354686134: 50.0929309, 14.4214549
1016303584: 50.0928572, 14.4207308
1240721191: 50.0926625, 14.4194833
529128763: 50.0929432, 14.4250232
25685109: 50.0930312, 14.4249705
5081802670: 50.0930809, 14.4249204
292756490: 50.0932105, 14.4253015
1836299195: 50.0932051, 14.4251584
1825997273: 50.0931805, 14.4249961
392132952: 50.0922487, 14.4383272
1229178049: 50.0916627, 14.4381243
25661258: 50.0914914, 14.4381142
2531882793: 50.0913508, 14.4381359
25339626: 50.0911940, 14.4381913
1103134140: 50.0911711, 14.4382032
4807803274: 50.0910471, 14.4382700
25662692: 50.0939473, 14.4381619
1836342336: 50.0924444, 14.4385577
5216395180: 50.0867545, 14.4367095
1806566109: 50.0867447, 14.4367398
340197476: 50.0872468, 14.4351733
5066391877: 50.0863211, 14.4348006
1166042421: 50.0862750, 14.4347679
4704898275: 50.0861782, 14.4346804
3472996466: 50.0866869, 14.4369425
1017997560: 50.0864020, 14.4380025
1837049363: 50.0919712, 14.4257476
4717143827: 50.0920525, 14.4258452
1837049364: 50.0921215, 14.4259291
244469661: 50.0907135, 14.4272806
1548698412: 50.0924047, 14.4267311
21634093: 50.0902142, 14.4392190
369389864: 50.0903605, 14.4390564
1229178046: 50.0908973, 14.4383847
1837440489: 50.0896968, 14.4383851
1837440494: 50.0898119, 14.4389268
1549257759: 50.0896344, 14.4373437
1837440484: 50.0895887, 14.4377134
1837440485: 50.0896192, 14.4375601
1837440486: 50.0896491, 14.4375150
1837440490: 50.0897035, 14.4374925
1548698422: 50.0925723, 14.4323756
1238413404: 50.0921944, 14.4324294
315532379: 50.0911030, 14.4249207
1238413454: 50.0928241, 14.4306608
1238413424: 50.0927101, 14.4285642
1238413433: 50.0923424, 14.4333101
1238413458: 50.0927109, 14.4307957
1238413422: 50.0921858, 14.4308785
25935990: 50.0774325, 14.4226473
1265671343: 50.0775103, 14.4226606
315520340: 50.0796341, 14.4139394
299047370: 50.0793841, 14.4140221
299047371: 50.0790809, 14.4141015
4751474613: 50.0861453, 14.4332038
1166042419: 50.0861338, 14.4330261
1157156573: 50.0860650, 14.4321692
5790159882: 50.0860575, 14.4320390
2800432612: 50.0860452, 14.4319477
5790159884: 50.0860346, 14.4319030
266945497: 50.0803835, 14.4142323
1014525837: 50.0804068, 14.4140663
315520348: 50.0804127, 14.4140245
4987252738: 50.0877388, 14.4257485
2884777115: 50.0875104, 14.4258447
1826234980: 50.0772811, 14.4292350
1167635082: 50.0772441, 14.4292294
2297225996: 50.0933009, 14.4292451
1825997274: 50.0932743, 14.4285109
4949782306: 50.0934908, 14.4320335
2297225998: 50.0934447, 14.4315423
1801415806: 50.0933413, 14.4301952
133092725: 50.0933130, 14.4295779
1238413455: 50.0926805, 14.4282199
1238413449: 50.0931672, 14.4282807
1548698410: 50.0923712, 14.4331034
4949782305: 50.0923847, 14.4331851
2742486427: 50.0790390, 14.4195685
299047201: 50.0843427, 14.4160133
4749438609: 50.0841286, 14.4141481
3397119017: 50.0833335, 14.4144223
392132014: 50.0921823, 14.4369024
392132017: 50.0921284, 14.4368088
1447755470: 50.0920560, 14.4367101
392132021: 50.0919756, 14.4366293
2327395117: 50.0919428, 14.4366035
2562595635: 50.0918799, 14.4365460
2531897132: 50.0918683, 14.4365004
392132028: 50.0918794, 14.4364468
392132031: 50.0918811, 14.4363607
1251663069: 50.0898849, 14.4206833
1225461944: 50.0898567, 14.4207327
1225461936: 50.0898397, 14.4209474
1251663070: 50.0913804, 14.4277980
25685126: 50.0913415, 14.4276754
2517835060: 50.0884892, 14.4323157
2812898283: 50.0884899, 14.4322679
2812898282: 50.0884712, 14.4317526
2812898281: 50.0884503, 14.4313614
25655133: 50.0884428, 14.4312274
2812898280: 50.0884089, 14.4309474
427203517: 50.0883573, 14.4305021
2812898279: 50.0883832, 14.4322608
344969419: 50.0883877, 14.4323195
4773304617: 50.0883935, 14.4324164
1157156569: 50.0838236, 14.4280399
355688237: 50.0838558, 14.4279922
290931169: 50.0847924, 14.4266933
4751490645: 50.0852514, 14.4260550
4751490644: 50.0853069, 14.4260084
278464065: 50.0854758, 14.4257659
1265671345: 50.0791697, 14.4198310
27024738: 50.0791560, 14.4201860
354688198: 50.0916972, 14.4275913
2972763606: 50.0914245, 14.4276540
1251663050: 50.0908660, 14.4277851
2940189025: 50.0910670, 14.4222240
1410296774: 50.0911627, 14.4221952
1265637966: 50.0814873, 14.4156473
4714677271: 50.0814857, 14.4155317
4330936996: 50.0814869, 14.4153561
3032509939: 50.0814961, 14.4149990
3032509944: 50.0814737, 14.4139645
1014525982: 50.0814036, 14.4133406
4330936994: 50.0813512, 14.4139682
3032509942: 50.0813772, 14.4150052
4330936995: 50.0814292, 14.4153666
4714677489: 50.0814600, 14.4155153
1265638038: 50.0816618, 14.4164891
5242375940: 50.0819735, 14.4177110
1410302989: 50.0822933, 14.4188492
4714677266: 50.0823219, 14.4189583
25659742: 50.0885511, 14.4216413
25659743: 50.0887006, 14.4217688
3112804646: 50.0900577, 14.4208838
315529356: 50.0900032, 14.4207870
25659749: 50.0887083, 14.4184389
1251645265: 50.0891070, 14.4183978
1837045760: 50.0915712, 14.4343324
1240083562: 50.0916203, 14.4345996
282553733: 50.0918018, 14.4357631
1549257946: 50.0918217, 14.4359189
4714677279: 50.0811203, 14.4196405
3055004528: 50.0811075, 14.4195757
2271360532: 50.0810973, 14.4195240
299047380: 50.0810268, 14.4191538
5215181823: 50.0810632, 14.4321377
3257445438: 50.0809633, 14.4323083
5789795479: 50.0809118, 14.4323288
3257445439: 50.0808758, 14.4323269
5789795480: 50.0808445, 14.4323174
5789795482: 50.0808073, 14.4322833
5215172260: 50.0807789, 14.4322423
5789795481: 50.0807531, 14.4322138
3257445440: 50.0806764, 14.4321836
4700724524: 50.0849704, 14.4137927
3305500301: 50.0925309, 14.4283982
29049933: 50.0925991, 14.4283788
3306782856: 50.0909338, 14.4291266
1706761045: 50.0908303, 14.4285437
1251663079: 50.0907646, 14.4279476
4693347230: 50.0907506, 14.4278288
3306782858: 50.0909769, 14.4293468
1706761135: 50.0909579, 14.4292627
5066391885: 50.0836380, 14.4282084
1157156572: 50.0836648, 14.4281710
3421499027: 50.0772907, 14.4254832
1167635070: 50.0772489, 14.4266693
1826645347: 50.0773058, 14.4250498
1167635092: 50.0773080, 14.4249838
1167635063: 50.0773195, 14.4246385
25935948: 50.0773564, 14.4239552
1826645351: 50.0774913, 14.4215144
1165960217: 50.0774943, 14.4214656
3421499028: 50.0759636, 14.4242301
3473300111: 50.0935710, 14.4325309
3473300114: 50.0939387, 14.4374271
3473300113: 50.0938823, 14.4363975
4949782308: 50.0938000, 14.4354157
3515697548: 50.0907314, 14.4275547
315530548: 50.0906772, 14.4262442
1251663068: 50.0906334, 14.4259992
4751509124: 50.0854553, 14.4274228
5066391884: 50.0844480, 14.4288061
1157156587: 50.0844089, 14.4288713
4704946991: 50.0843693, 14.4289430
8810431: 50.0807273, 14.4132495
315520339: 50.0803808, 14.4134855
299047369: 50.0799065, 14.4138172
4705295477: 50.0775341, 14.4162351
1014525821: 50.0775749, 14.4165229
74218296: 50.0824041, 14.4131180
2256052049: 50.0816806, 14.4130136
1523068629: 50.0816284, 14.4130061
110613534: 50.0803937, 14.4283048
1927001379: 50.0804155, 14.4283381
4775780450: 50.0804310, 14.4283830
1413857842: 50.0807440, 14.4286059
1413857852: 50.0811220, 14.4280752
1413857853: 50.0815143, 14.4275245
21672754: 50.0817410, 14.4272062
110613148: 50.0794797, 14.4299927
110613154: 50.0794956, 14.4300542
110613159: 50.0795339, 14.4301160
1413857811: 50.0795707, 14.4301459
110613166: 50.0796184, 14.4301554
1413857814: 50.0796611, 14.4301403
2563931276: 50.0803492, 14.4316302
4749900026: 50.0812676, 14.4268465
110613529: 50.0813255, 14.4269259
4775780449: 50.0813501, 14.4270004
1826645346: 50.0771569, 14.4246966
1167635109: 50.0771911, 14.4247104
1165960408: 50.0781211, 14.4214953
332424027: 50.0784077, 14.4215647
1265671402: 50.0789252, 14.4219435
1837979761: 50.0889288, 14.4302151
774440571: 50.0891445, 14.4307242
25661082: 50.0892304, 14.4309335
25661083: 50.0893966, 14.4314637
1014526065: 50.0815341, 14.4130121
877298797: 50.0864897, 14.4146213
342269119: 50.0866474, 14.4174884
26517371: 50.0880383, 14.4245238
4700724596: 50.0814529, 14.4130205
4692949901: 50.0938167, 14.4162403
4700724584: 50.0860110, 14.4143902
4700724579: 50.0856701, 14.4141473
4700724583: 50.0859294, 14.4143481
4700724582: 50.0858235, 14.4142613
1167635101: 50.0872317, 14.4322393
25660121: 50.0886945, 14.4260778
25660120: 50.0890111, 14.4260457
4751633427: 50.0893602, 14.4243339
4751633428: 50.0894012, 14.4244683
8810408: 50.0894836, 14.4247379
4751633426: 50.0893711, 14.4243697
3812775272: 50.0816775, 14.4302901
1157156580: 50.0818695, 14.4305715
2441356845: 50.0885009, 14.4326464
426978089: 50.0885117, 14.4327072
426978084: 50.0885802, 14.4332447
2441356846: 50.0885898, 14.4333359
384375002: 50.0886059, 14.4335229
25655135: 50.0886180, 14.4338508
2249406293: 50.0886183, 14.4340114
5683185992: 50.0886256, 14.4353074
4830374600: 50.0886291, 14.4359343
1016877388: 50.0886320, 14.4364472
2817360701: 50.0886590, 14.4366242
25655136: 50.0887447, 14.4367507
3811995856: 50.0892262, 14.4370863
655589722: 50.0893537, 14.4371752
2810880608: 50.0883181, 14.4324232
2810880602: 50.0874052, 14.4325005
5790163744: 50.0873717, 14.4324971
5790163745: 50.0873438, 14.4324886
3792437176: 50.0873142, 14.4324783
4749900027: 50.0813604, 14.4270834
4749900029: 50.0804378, 14.4284365
110613540: 50.0800312, 14.4288360
2249406270: 50.0797708, 14.4286978
25656549: 50.0793763, 14.4284884
25936013: 50.0780591, 14.4279528
25936012: 50.0773772, 14.4276596
1167635085: 50.0772822, 14.4276306
4693353085: 50.0900770, 14.4353168
282762576: 50.0902043, 14.4356867
4693353086: 50.0903892, 14.4362524
4781281849: 50.0904555, 14.4364629
1549257799: 50.0905318, 14.4367330
4781281846: 50.0900182, 14.4353632
4781281845: 50.0903234, 14.4362833
4781281848: 50.0904419, 14.4362113
4781281847: 50.0901322, 14.4352733
25661086: 50.0899998, 14.4349506
2249406302: 50.0898939, 14.4339966
4805407806: 50.0898510, 14.4335612
4805407805: 50.0898039, 14.4336421
4805407801: 50.0898429, 14.4340113
4805407804: 50.0899340, 14.4348717
4805407803: 50.0899716, 14.4351089
1103134152: 50.0920030, 14.4382363
392132953: 50.0918153, 14.4381673
5577122040: 50.0795489, 14.4222553
290034580: 50.0794582, 14.4222327
5216348207: 50.0793353, 14.4221894
1014525765: 50.0779517, 14.4196605
25656681: 50.0779436, 14.4195570
4701097443: 50.0779415, 14.4195091
4863595573: 50.0885530, 14.4324939
384375006: 50.0887373, 14.4324818
5066343104: 50.0895371, 14.4324337
3473300112: 50.0936241, 14.4333170
5390244772: 50.0763409, 14.4142056
2131376005: 50.0763869, 14.4142010
5361506839: 50.0764056, 14.4142050
2131376011: 50.0766745, 14.4142782
2131376012: 50.0769301, 14.4143377
2131376015: 50.0772518, 14.4144292
4705295469: 50.0773279, 14.4143920
5064050134: 50.0872239, 14.4286261
5064050133: 50.0872547, 14.4285565
5066391886: 50.0871973, 14.4288369
5064061952: 50.0872146, 14.4285356
1417496270: 50.0873850, 14.4285087
4931498685: 50.0875306, 14.4285417
297596902: 50.0879401, 14.4285782
658937696: 50.0927989, 14.4232512
292756523: 50.0928496, 14.4233192
292756511: 50.0929489, 14.4241475
529128765: 50.0929933, 14.4247160
5081802669: 50.0930139, 14.4248623
472881721: 50.0813078, 14.4297264
5215168466: 50.0813236, 14.4297523
324803120: 50.0814334, 14.4299215
669166719: 50.0810498, 14.4321627
2429807939: 50.0810160, 14.4322204
25656614: 50.0783709, 14.4161108
2668118564: 50.0785521, 14.4160620
331959656: 50.0786624, 14.4160322
331959655: 50.0788540, 14.4159730
5361102165: 50.0801170, 14.4153168
1014526180: 50.0801505, 14.4153075
5390244774: 50.0763176, 14.4143267
5390244773: 50.0763218, 14.4142951
1016303358: 50.0886282, 14.4157521
2699913022: 50.0889746, 14.4174955
300520929: 50.0889730, 14.4175050
299047378: 50.0806850, 14.4171925
