280899392: 50.7676600, 15.0551063
1989876140: 50.7678781, 15.0552589
1994490297: 50.7679599, 15.0553160
1994490294: 50.7681382, 15.0553684
660816084: 50.7682056, 15.0553965
280899403: 50.7684209, 15.0554864
1989876137: 50.7684842, 15.0555327
4719094964: 50.7685549, 15.0555903
4718333375: 50.7685705, 15.0556044
4719102209: 50.7686112, 15.0556540
280899406: 50.7689427, 15.0560584
681272278: 50.7681548, 15.0541882
660816081: 50.7683711, 15.0544869
4719094973: 50.7683820, 15.0547052
280899405: 50.7683932, 15.0549295
1288250164: 50.7690494, 15.0559087
1288250187: 50.7690971, 15.0557797
1288250140: 50.7691030, 15.0555100
1288250134: 50.7691082, 15.0552729
280899408: 50.7691299, 15.0551089
660816091: 50.7685901, 15.0549388
660816088: 50.7687795, 15.0549328
4718290254: 50.7688329, 15.0549597
660816092: 50.7684983, 15.0543233
4718333376: 50.7685654, 15.0543124
4718290260: 50.7690295, 15.0546096
660816097: 50.7692561, 15.0547583
4718393722: 50.7677516, 15.0549735
945372211: 50.7683164, 15.0539490
4719094961: 50.7683923, 15.0550420
